This file contains any messages produced by compilers while
running configure, to aid debugging if configure makes a mistake.

It was created by GNU make configure 4.1, which was
generated by GNU Autoconf 2.69.  Invocation command line was

  $ ./configure --disable-nls --disable-job-server --disable-load

## --------- ##
## Platform. ##
## --------- ##

hostname = debian
uname -m = i686
uname -r = 3.16.0-4-686-pae
uname -s = Linux
uname -v = #1 SMP Debian 3.16.7-ckt20-1+deb8u1 (2015-12-14)

/usr/bin/uname -p = unknown
/bin/uname -X     = unknown

/bin/arch              = unknown
/usr/bin/arch -k       = unknown
/usr/convex/getsysinfo = unknown
/usr/bin/hostinfo      = unknown
/bin/machine           = unknown
/usr/bin/oslevel       = unknown
/bin/universe          = unknown

PATH: /usr/local/mipsel-elf/bin
PATH: /usr/local/bin
PATH: /usr/bin
PATH: /bin
PATH: /usr/local/games
PATH: /usr/games


## ----------- ##
## Core tests. ##
## ----------- ##

configure:2460: checking for a BSD-compatible install
configure:2528: result: /usr/bin/install -c
configure:2539: checking whether build environment is sane
configure:2594: result: yes
configure:2745: checking for a thread-safe mkdir -p
configure:2784: result: /bin/mkdir -p
configure:2791: checking for gawk
configure:2821: result: no
configure:2791: checking for mawk
configure:2807: found /usr/bin/mawk
configure:2818: result: mawk
configure:2829: checking whether make sets $(MAKE)
configure:2851: result: yes
configure:2880: checking whether make supports nested variables
configure:2897: result: yes
configure:3036: checking for style of include used by make
configure:3064: result: GNU
configure:3135: checking for gcc
configure:3151: found /usr/bin/gcc
configure:3162: result: gcc
configure:3391: checking for C compiler version
configure:3400: gcc --version >&5
gcc (Debian 4.9.2-10) 4.9.2
Copyright (C) 2014 Free Software Foundation, Inc.
This is free software; see the source for copying conditions.  There is NO
warranty; not even for MERCHANTABILITY or FITNESS FOR A PARTICULAR PURPOSE.

configure:3411: $? = 0
configure:3400: gcc -v >&5
Using built-in specs.
COLLECT_GCC=gcc
COLLECT_LTO_WRAPPER=/usr/lib/gcc/i586-linux-gnu/4.9/lto-wrapper
Target: i586-linux-gnu
Configured with: ../src/configure -v --with-pkgversion='Debian 4.9.2-10' --with-bugurl=file:///usr/share/doc/gcc-4.9/README.Bugs --enable-languages=c,c++,java,go,d,fortran,objc,obj-c++ --prefix=/usr --program-suffix=-4.9 --enable-shared --enable-linker-build-id --libexecdir=/usr/lib --without-included-gettext --enable-threads=posix --with-gxx-include-dir=/usr/include/c++/4.9 --libdir=/usr/lib --enable-nls --with-sysroot=/ --enable-clocale=gnu --enable-libstdcxx-debug --enable-libstdcxx-time=yes --enable-gnu-unique-object --disable-vtable-verify --enable-plugin --with-system-zlib --disable-browser-plugin --enable-java-awt=gtk --enable-gtk-cairo --with-java-home=/usr/lib/jvm/java-1.5.0-gcj-4.9-i386/jre --enable-java-home --with-jvm-root-dir=/usr/lib/jvm/java-1.5.0-gcj-4.9-i386 --with-jvm-jar-dir=/usr/lib/jvm-exports/java-1.5.0-gcj-4.9-i386 --with-arch-directory=i386 --with-ecj-jar=/usr/share/java/eclipse-ecj.jar --enable-objc-gc --enable-targets=all --enable-multiarch --with-arch-32=i586 --with-multilib-list=m32,m64,mx32 --enable-multilib --with-tune=generic --enable-checking=release --build=i586-linux-gnu --host=i586-linux-gnu --target=i586-linux-gnu
Thread model: posix
gcc version 4.9.2 (Debian 4.9.2-10) 
configure:3411: $? = 0
configure:3400: gcc -V >&5
gcc: error: unrecognized command line option '-V'
gcc: fatal error: no input files
compilation terminated.
configure:3411: $? = 4
configure:3400: gcc -qversion >&5
gcc: error: unrecognized command line option '-qversion'
gcc: fatal error: no input files
compilation terminated.
configure:3411: $? = 4
configure:3431: checking whether the C compiler works
configure:3453: gcc    conftest.c  >&5
configure:3457: $? = 0
configure:3505: result: yes
configure:3508: checking for C compiler default output file name
configure:3510: result: a.out
configure:3516: checking for suffix of executables
configure:3523: gcc -o conftest    conftest.c  >&5
configure:3527: $? = 0
configure:3549: result: 
configure:3571: checking whether we are cross compiling
configure:3579: gcc -o conftest    conftest.c  >&5
configure:3583: $? = 0
configure:3590: ./conftest
configure:3594: $? = 0
configure:3609: result: no
configure:3614: checking for suffix of object files
configure:3636: gcc -c   conftest.c >&5
configure:3640: $? = 0
configure:3661: result: o
configure:3665: checking whether we are using the GNU C compiler
configure:3684: gcc -c   conftest.c >&5
configure:3684: $? = 0
configure:3693: result: yes
configure:3702: checking whether gcc accepts -g
configure:3722: gcc -c -g  conftest.c >&5
configure:3722: $? = 0
configure:3763: result: yes
configure:3780: checking for gcc option to accept ISO C89
configure:3843: gcc  -c -g -O2  conftest.c >&5
configure:3843: $? = 0
configure:3856: result: none needed
configure:3881: checking whether gcc understands -c and -o together
configure:3903: gcc -c conftest.c -o conftest2.o
configure:3906: $? = 0
configure:3903: gcc -c conftest.c -o conftest2.o
configure:3906: $? = 0
configure:3918: result: yes
configure:3937: checking dependency style of gcc
configure:4048: result: gcc3
configure:4069: checking how to run the C preprocessor
configure:4100: gcc -E  conftest.c
configure:4100: $? = 0
configure:4114: gcc -E  conftest.c
conftest.c:11:28: fatal error: ac_nonexistent.h: No such file or directory
 #include <ac_nonexistent.h>
                            ^
compilation terminated.
configure:4114: $? = 1
configure: failed program was:
| /* confdefs.h */
| #define PACKAGE_NAME "GNU make"
| #define PACKAGE_TARNAME "make"
| #define PACKAGE_VERSION "4.1"
| #define PACKAGE_STRING "GNU make 4.1"
| #define PACKAGE_BUGREPORT "bug-make@gnu.org"
| #define PACKAGE_URL "http://www.gnu.org/software/make/"
| #define PACKAGE "make"
| #define VERSION "4.1"
| /* end confdefs.h.  */
| #include <ac_nonexistent.h>
configure:4139: result: gcc -E
configure:4159: gcc -E  conftest.c
configure:4159: $? = 0
configure:4173: gcc -E  conftest.c
conftest.c:11:28: fatal error: ac_nonexistent.h: No such file or directory
 #include <ac_nonexistent.h>
                            ^
compilation terminated.
configure:4173: $? = 1
configure: failed program was:
| /* confdefs.h */
| #define PACKAGE_NAME "GNU make"
| #define PACKAGE_TARNAME "make"
| #define PACKAGE_VERSION "4.1"
| #define PACKAGE_STRING "GNU make 4.1"
| #define PACKAGE_BUGREPORT "bug-make@gnu.org"
| #define PACKAGE_URL "http://www.gnu.org/software/make/"
| #define PACKAGE "make"
| #define VERSION "4.1"
| /* end confdefs.h.  */
| #include <ac_nonexistent.h>
configure:4202: checking for grep that handles long lines and -e
configure:4260: result: /bin/grep
configure:4265: checking for egrep
configure:4327: result: /bin/grep -E
configure:4332: checking for ANSI C header files
configure:4352: gcc -c -g -O2  conftest.c >&5
configure:4352: $? = 0
configure:4425: gcc -o conftest -g -O2   conftest.c  >&5
configure:4425: $? = 0
configure:4425: ./conftest
configure:4425: $? = 0
configure:4436: result: yes
configure:4449: checking for sys/types.h
configure:4449: gcc -c -g -O2  conftest.c >&5
configure:4449: $? = 0
configure:4449: result: yes
configure:4449: checking for sys/stat.h
configure:4449: gcc -c -g -O2  conftest.c >&5
configure:4449: $? = 0
configure:4449: result: yes
configure:4449: checking for stdlib.h
configure:4449: gcc -c -g -O2  conftest.c >&5
configure:4449: $? = 0
configure:4449: result: yes
configure:4449: checking for string.h
configure:4449: gcc -c -g -O2  conftest.c >&5
configure:4449: $? = 0
configure:4449: result: yes
configure:4449: checking for memory.h
configure:4449: gcc -c -g -O2  conftest.c >&5
configure:4449: $? = 0
configure:4449: result: yes
configure:4449: checking for strings.h
configure:4449: gcc -c -g -O2  conftest.c >&5
configure:4449: $? = 0
configure:4449: result: yes
configure:4449: checking for inttypes.h
configure:4449: gcc -c -g -O2  conftest.c >&5
configure:4449: $? = 0
configure:4449: result: yes
configure:4449: checking for stdint.h
configure:4449: gcc -c -g -O2  conftest.c >&5
configure:4449: $? = 0
configure:4449: result: yes
configure:4449: checking for unistd.h
configure:4449: gcc -c -g -O2  conftest.c >&5
configure:4449: $? = 0
configure:4449: result: yes
configure:4462: checking minix/config.h usability
configure:4462: gcc -c -g -O2  conftest.c >&5
conftest.c:54:26: fatal error: minix/config.h: No such file or directory
 #include <minix/config.h>
                          ^
compilation terminated.
configure:4462: $? = 1
configure: failed program was:
| /* confdefs.h */
| #define PACKAGE_NAME "GNU make"
| #define PACKAGE_TARNAME "make"
| #define PACKAGE_VERSION "4.1"
| #define PACKAGE_STRING "GNU make 4.1"
| #define PACKAGE_BUGREPORT "bug-make@gnu.org"
| #define PACKAGE_URL "http://www.gnu.org/software/make/"
| #define PACKAGE "make"
| #define VERSION "4.1"
| #define STDC_HEADERS 1
| #define HAVE_SYS_TYPES_H 1
| #define HAVE_SYS_STAT_H 1
| #define HAVE_STDLIB_H 1
| #define HAVE_STRING_H 1
| #define HAVE_MEMORY_H 1
| #define HAVE_STRINGS_H 1
| #define HAVE_INTTYPES_H 1
| #define HAVE_STDINT_H 1
| #define HAVE_UNISTD_H 1
| /* end confdefs.h.  */
| #include <stdio.h>
| #ifdef HAVE_SYS_TYPES_H
| # include <sys/types.h>
| #endif
| #ifdef HAVE_SYS_STAT_H
| # include <sys/stat.h>
| #endif
| #ifdef STDC_HEADERS
| # include <stdlib.h>
| # include <stddef.h>
| #else
| # ifdef HAVE_STDLIB_H
| #  include <stdlib.h>
| # endif
| #endif
| #ifdef HAVE_STRING_H
| # if !defined STDC_HEADERS && defined HAVE_MEMORY_H
| #  include <memory.h>
| # endif
| # include <string.h>
| #endif
| #ifdef HAVE_STRINGS_H
| # include <strings.h>
| #endif
| #ifdef HAVE_INTTYPES_H
| # include <inttypes.h>
| #endif
| #ifdef HAVE_STDINT_H
| # include <stdint.h>
| #endif
| #ifdef HAVE_UNISTD_H
| # include <unistd.h>
| #endif
| #include <minix/config.h>
configure:4462: result: no
configure:4462: checking minix/config.h presence
configure:4462: gcc -E  conftest.c
conftest.c:21:26: fatal error: minix/config.h: No such file or directory
 #include <minix/config.h>
                          ^
compilation terminated.
configure:4462: $? = 1
configure: failed program was:
| /* confdefs.h */
| #define PACKAGE_NAME "GNU make"
| #define PACKAGE_TARNAME "make"
| #define PACKAGE_VERSION "4.1"
| #define PACKAGE_STRING "GNU make 4.1"
| #define PACKAGE_BUGREPORT "bug-make@gnu.org"
| #define PACKAGE_URL "http://www.gnu.org/software/make/"
| #define PACKAGE "make"
| #define VERSION "4.1"
| #define STDC_HEADERS 1
| #define HAVE_SYS_TYPES_H 1
| #define HAVE_SYS_STAT_H 1
| #define HAVE_STDLIB_H 1
| #define HAVE_STRING_H 1
| #define HAVE_MEMORY_H 1
| #define HAVE_STRINGS_H 1
| #define HAVE_INTTYPES_H 1
| #define HAVE_STDINT_H 1
| #define HAVE_UNISTD_H 1
| /* end confdefs.h.  */
| #include <minix/config.h>
configure:4462: result: no
configure:4462: checking for minix/config.h
configure:4462: result: no
configure:4483: checking whether it is safe to define __EXTENSIONS__
configure:4501: gcc -c -g -O2  conftest.c >&5
configure:4501: $? = 0
configure:4508: result: yes
configure:4570: checking for gcc
configure:4597: result: gcc
configure:4826: checking for C compiler version
configure:4835: gcc --version >&5
gcc (Debian 4.9.2-10) 4.9.2
Copyright (C) 2014 Free Software Foundation, Inc.
This is free software; see the source for copying conditions.  There is NO
warranty; not even for MERCHANTABILITY or FITNESS FOR A PARTICULAR PURPOSE.

configure:4846: $? = 0
configure:4835: gcc -v >&5
Using built-in specs.
COLLECT_GCC=gcc
COLLECT_LTO_WRAPPER=/usr/lib/gcc/i586-linux-gnu/4.9/lto-wrapper
Target: i586-linux-gnu
Configured with: ../src/configure -v --with-pkgversion='Debian 4.9.2-10' --with-bugurl=file:///usr/share/doc/gcc-4.9/README.Bugs --enable-languages=c,c++,java,go,d,fortran,objc,obj-c++ --prefix=/usr --program-suffix=-4.9 --enable-shared --enable-linker-build-id --libexecdir=/usr/lib --without-included-gettext --enable-threads=posix --with-gxx-include-dir=/usr/include/c++/4.9 --libdir=/usr/lib --enable-nls --with-sysroot=/ --enable-clocale=gnu --enable-libstdcxx-debug --enable-libstdcxx-time=yes --enable-gnu-unique-object --disable-vtable-verify --enable-plugin --with-system-zlib --disable-browser-plugin --enable-java-awt=gtk --enable-gtk-cairo --with-java-home=/usr/lib/jvm/java-1.5.0-gcj-4.9-i386/jre --enable-java-home --with-jvm-root-dir=/usr/lib/jvm/java-1.5.0-gcj-4.9-i386 --with-jvm-jar-dir=/usr/lib/jvm-exports/java-1.5.0-gcj-4.9-i386 --with-arch-directory=i386 --with-ecj-jar=/usr/share/java/eclipse-ecj.jar --enable-objc-gc --enable-targets=all --enable-multiarch --with-arch-32=i586 --with-multilib-list=m32,m64,mx32 --enable-multilib --with-tune=generic --enable-checking=release --build=i586-linux-gnu --host=i586-linux-gnu --target=i586-linux-gnu
Thread model: posix
gcc version 4.9.2 (Debian 4.9.2-10) 
configure:4846: $? = 0
configure:4835: gcc -V >&5
gcc: error: unrecognized command line option '-V'
gcc: fatal error: no input files
compilation terminated.
configure:4846: $? = 4
configure:4835: gcc -qversion >&5
gcc: error: unrecognized command line option '-qversion'
gcc: fatal error: no input files
compilation terminated.
configure:4846: $? = 4
configure:4850: checking whether we are using the GNU C compiler
configure:4878: result: yes
configure:4887: checking whether gcc accepts -g
configure:4948: result: yes
configure:4965: checking for gcc option to accept ISO C89
configure:5041: result: none needed
configure:5066: checking whether gcc understands -c and -o together
configure:5103: result: yes
configure:5122: checking dependency style of gcc
configure:5233: result: gcc3
configure:5292: checking for ranlib
configure:5308: found /usr/bin/ranlib
configure:5319: result: ranlib
configure:5346: checking how to run the C preprocessor
configure:5416: result: gcc -E
configure:5436: gcc -E  conftest.c
configure:5436: $? = 0
configure:5450: gcc -E  conftest.c
conftest.c:26:28: fatal error: ac_nonexistent.h: No such file or directory
 #include <ac_nonexistent.h>
                            ^
compilation terminated.
configure:5450: $? = 1
configure: failed program was:
| /* confdefs.h */
| #define PACKAGE_NAME "GNU make"
| #define PACKAGE_TARNAME "make"
| #define PACKAGE_VERSION "4.1"
| #define PACKAGE_STRING "GNU make 4.1"
| #define PACKAGE_BUGREPORT "bug-make@gnu.org"
| #define PACKAGE_URL "http://www.gnu.org/software/make/"
| #define PACKAGE "make"
| #define VERSION "4.1"
| #define STDC_HEADERS 1
| #define HAVE_SYS_TYPES_H 1
| #define HAVE_SYS_STAT_H 1
| #define HAVE_STDLIB_H 1
| #define HAVE_STRING_H 1
| #define HAVE_MEMORY_H 1
| #define HAVE_STRINGS_H 1
| #define HAVE_INTTYPES_H 1
| #define HAVE_STDINT_H 1
| #define HAVE_UNISTD_H 1
| #define __EXTENSIONS__ 1
| #define _ALL_SOURCE 1
| #define _GNU_SOURCE 1
| #define _POSIX_PTHREAD_SEMANTICS 1
| #define _TANDEM_SOURCE 1
| /* end confdefs.h.  */
| #include <ac_nonexistent.h>
configure:5480: checking for ar
configure:5496: found /usr/bin/ar
configure:5508: result: ar
configure:5519: checking for perl
configure:5535: found /usr/bin/perl
configure:5547: result: perl
configure:5659: checking the archiver (ar) interface
configure:5675: gcc -c -g -O2  conftest.c >&5
configure:5675: $? = 0
configure:5677: ar cru libconftest.a conftest.o >&5
configure:5680: $? = 0
configure:5708: result: ar
configure:5734: checking build system type
configure:5748: result: i686-pc-linux-gnu
configure:5768: checking host system type
configure:5781: result: i686-pc-linux-gnu
configure:5802: checking for library containing strerror
configure:5833: gcc -o conftest -g -O2   conftest.c  >&5
configure:5833: $? = 0
configure:5850: result: none required
configure:5870: checking whether NLS is requested
configure:5879: result: no
configure:5920: checking for msgfmt
configure:5955: result: no
configure:5961: checking for gmsgfmt
configure:5992: result: :
configure:6043: checking for xgettext
configure:6078: result: no
configure:6121: checking for msgmerge
configure:6155: result: no
configure:6209: checking for ld used by GCC
configure:6273: result: /usr/bin/ld
configure:6280: checking if the linker (/usr/bin/ld) is GNU ld
configure:6293: result: yes
configure:6300: checking for shared library run path origin
configure:6313: result: done
configure:6885: checking for CFPreferencesCopyAppValue
configure:6903: gcc -o conftest -g -O2   conftest.c  -Wl,-framework -Wl,CoreFoundation >&5
conftest.c:26:42: fatal error: CoreFoundation/CFPreferences.h: No such file or directory
 #include <CoreFoundation/CFPreferences.h>
                                          ^
compilation terminated.
configure:6903: $? = 1
configure: failed program was:
| /* confdefs.h */
| #define PACKAGE_NAME "GNU make"
| #define PACKAGE_TARNAME "make"
| #define PACKAGE_VERSION "4.1"
| #define PACKAGE_STRING "GNU make 4.1"
| #define PACKAGE_BUGREPORT "bug-make@gnu.org"
| #define PACKAGE_URL "http://www.gnu.org/software/make/"
| #define PACKAGE "make"
| #define VERSION "4.1"
| #define STDC_HEADERS 1
| #define HAVE_SYS_TYPES_H 1
| #define HAVE_SYS_STAT_H 1
| #define HAVE_STDLIB_H 1
| #define HAVE_STRING_H 1
| #define HAVE_MEMORY_H 1
| #define HAVE_STRINGS_H 1
| #define HAVE_INTTYPES_H 1
| #define HAVE_STDINT_H 1
| #define HAVE_UNISTD_H 1
| #define __EXTENSIONS__ 1
| #define _ALL_SOURCE 1
| #define _GNU_SOURCE 1
| #define _POSIX_PTHREAD_SEMANTICS 1
| #define _TANDEM_SOURCE 1
| /* end confdefs.h.  */
| #include <CoreFoundation/CFPreferences.h>
| int
| main ()
| {
| CFPreferencesCopyAppValue(NULL, NULL)
|   ;
|   return 0;
| }
configure:6912: result: no
configure:6919: checking for CFLocaleCopyCurrent
configure:6937: gcc -o conftest -g -O2   conftest.c  -Wl,-framework -Wl,CoreFoundation >&5
conftest.c:26:37: fatal error: CoreFoundation/CFLocale.h: No such file or directory
 #include <CoreFoundation/CFLocale.h>
                                     ^
compilation terminated.
configure:6937: $? = 1
configure: failed program was:
| /* confdefs.h */
| #define PACKAGE_NAME "GNU make"
| #define PACKAGE_TARNAME "make"
| #define PACKAGE_VERSION "4.1"
| #define PACKAGE_STRING "GNU make 4.1"
| #define PACKAGE_BUGREPORT "bug-make@gnu.org"
| #define PACKAGE_URL "http://www.gnu.org/software/make/"
| #define PACKAGE "make"
| #define VERSION "4.1"
| #define STDC_HEADERS 1
| #define HAVE_SYS_TYPES_H 1
| #define HAVE_SYS_STAT_H 1
| #define HAVE_STDLIB_H 1
| #define HAVE_STRING_H 1
| #define HAVE_MEMORY_H 1
| #define HAVE_STRINGS_H 1
| #define HAVE_INTTYPES_H 1
| #define HAVE_STDINT_H 1
| #define HAVE_UNISTD_H 1
| #define __EXTENSIONS__ 1
| #define _ALL_SOURCE 1
| #define _GNU_SOURCE 1
| #define _POSIX_PTHREAD_SEMANTICS 1
| #define _TANDEM_SOURCE 1
| /* end confdefs.h.  */
| #include <CoreFoundation/CFLocale.h>
| int
| main ()
| {
| CFLocaleCopyCurrent();
|   ;
|   return 0;
| }
configure:6946: result: no
configure:7815: checking whether to use NLS
configure:7817: result: no
configure:7899: checking for special C compiler options needed for large files
configure:7944: result: no
configure:7950: checking for _FILE_OFFSET_BITS value needed for large files
configure:7975: gcc -c -g -O2  conftest.c >&5
conftest.c:32:7: error: size of array 'off_t_is_large' is negative
   int off_t_is_large[(LARGE_OFF_T % 2147483629 == 721
       ^
configure:7975: $? = 1
configure: failed program was:
| /* confdefs.h */
| #define PACKAGE_NAME "GNU make"
| #define PACKAGE_TARNAME "make"
| #define PACKAGE_VERSION "4.1"
| #define PACKAGE_STRING "GNU make 4.1"
| #define PACKAGE_BUGREPORT "bug-make@gnu.org"
| #define PACKAGE_URL "http://www.gnu.org/software/make/"
| #define PACKAGE "make"
| #define VERSION "4.1"
| #define STDC_HEADERS 1
| #define HAVE_SYS_TYPES_H 1
| #define HAVE_SYS_STAT_H 1
| #define HAVE_STDLIB_H 1
| #define HAVE_STRING_H 1
| #define HAVE_MEMORY_H 1
| #define HAVE_STRINGS_H 1
| #define HAVE_INTTYPES_H 1
| #define HAVE_STDINT_H 1
| #define HAVE_UNISTD_H 1
| #define __EXTENSIONS__ 1
| #define _ALL_SOURCE 1
| #define _GNU_SOURCE 1
| #define _POSIX_PTHREAD_SEMANTICS 1
| #define _TANDEM_SOURCE 1
| /* end confdefs.h.  */
| #include <sys/types.h>
|  /* Check that off_t can represent 2**63 - 1 correctly.
|     We can't simply define LARGE_OFF_T to be 9223372036854775807,
|     since some C++ compilers masquerading as C compilers
|     incorrectly reject 9223372036854775807.  */
| #define LARGE_OFF_T ((((off_t) 1 << 31) << 31) - 1 + (((off_t) 1 << 31) << 31))
|   int off_t_is_large[(LARGE_OFF_T % 2147483629 == 721
| 		       && LARGE_OFF_T % 2147483647 == 1)
| 		      ? 1 : -1];
| int
| main ()
| {
| 
|   ;
|   return 0;
| }
configure:7999: gcc -c -g -O2  conftest.c >&5
configure:7999: $? = 0
configure:8007: result: 64
configure:8094: checking for library containing getpwnam
configure:8125: gcc -o conftest -g -O2   conftest.c  >&5
configure:8125: $? = 0
configure:8142: result: none required
configure:8152: checking for ANSI C header files
configure:8256: result: yes
configure:8267: checking for dirent.h that defines DIR
configure:8286: gcc -c -g -O2  conftest.c >&5
configure:8286: $? = 0
configure:8294: result: yes
configure:8307: checking for library containing opendir
configure:8338: gcc -o conftest -g -O2   conftest.c  >&5
configure:8338: $? = 0
configure:8355: result: none required
configure:8422: checking whether stat file-mode macros are broken
configure:8449: gcc -c -g -O2  conftest.c >&5
configure:8449: $? = 0
configure:8456: result: no
configure:8464: checking whether time.h and sys/time.h may both be included
configure:8484: gcc -c -g -O2  conftest.c >&5
configure:8484: $? = 0
configure:8491: result: yes
configure:8503: checking for stdlib.h
configure:8503: result: yes
configure:8503: checking locale.h usability
configure:8503: gcc -c -g -O2  conftest.c >&5
configure:8503: $? = 0
configure:8503: result: yes
configure:8503: checking locale.h presence
configure:8503: gcc -E  conftest.c
configure:8503: $? = 0
configure:8503: result: yes
configure:8503: checking for locale.h
configure:8503: result: yes
configure:8503: checking for unistd.h
configure:8503: result: yes
configure:8503: checking limits.h usability
configure:8503: gcc -c -g -O2  conftest.c >&5
configure:8503: $? = 0
configure:8503: result: yes
configure:8503: checking limits.h presence
configure:8503: gcc -E  conftest.c
configure:8503: $? = 0
configure:8503: result: yes
configure:8503: checking for limits.h
configure:8503: result: yes
configure:8503: checking fcntl.h usability
configure:8503: gcc -c -g -O2  conftest.c >&5
configure:8503: $? = 0
configure:8503: result: yes
configure:8503: checking fcntl.h presence
configure:8503: gcc -E  conftest.c
configure:8503: $? = 0
configure:8503: result: yes
configure:8503: checking for fcntl.h
configure:8503: result: yes
configure:8503: checking for string.h
configure:8503: result: yes
configure:8503: checking for memory.h
configure:8503: result: yes
configure:8503: checking sys/param.h usability
configure:8503: gcc -c -g -O2  conftest.c >&5
configure:8503: $? = 0
configure:8503: result: yes
configure:8503: checking sys/param.h presence
configure:8503: gcc -E  conftest.c
configure:8503: $? = 0
configure:8503: result: yes
configure:8503: checking for sys/param.h
configure:8503: result: yes
configure:8503: checking sys/resource.h usability
configure:8503: gcc -c -g -O2  conftest.c >&5
configure:8503: $? = 0
configure:8503: result: yes
configure:8503: checking sys/resource.h presence
configure:8503: gcc -E  conftest.c
configure:8503: $? = 0
configure:8503: result: yes
configure:8503: checking for sys/resource.h
configure:8503: result: yes
configure:8503: checking sys/time.h usability
configure:8503: gcc -c -g -O2  conftest.c >&5
configure:8503: $? = 0
configure:8503: result: yes
configure:8503: checking sys/time.h presence
configure:8503: gcc -E  conftest.c
configure:8503: $? = 0
configure:8503: result: yes
configure:8503: checking for sys/time.h
configure:8503: result: yes
configure:8503: checking sys/timeb.h usability
configure:8503: gcc -c -g -O2  conftest.c >&5
configure:8503: $? = 0
configure:8503: result: yes
configure:8503: checking sys/timeb.h presence
configure:8503: gcc -E  conftest.c
configure:8503: $? = 0
configure:8503: result: yes
configure:8503: checking for sys/timeb.h
configure:8503: result: yes
configure:8515: checking for an ANSI C-conforming const
configure:8581: gcc -c -g -O2  conftest.c >&5
configure:8581: $? = 0
configure:8588: result: yes
configure:8596: checking return type of signal handlers
configure:8614: gcc -c -g -O2  conftest.c >&5
conftest.c: In function 'main':
conftest.c:47:1: error: void value not ignored as it ought to be
 return *(signal (0, 0)) (0) == 1;
 ^
configure:8614: $? = 1
configure: failed program was:
| /* confdefs.h */
| #define PACKAGE_NAME "GNU make"
| #define PACKAGE_TARNAME "make"
| #define PACKAGE_VERSION "4.1"
| #define PACKAGE_STRING "GNU make 4.1"
| #define PACKAGE_BUGREPORT "bug-make@gnu.org"
| #define PACKAGE_URL "http://www.gnu.org/software/make/"
| #define PACKAGE "make"
| #define VERSION "4.1"
| #define STDC_HEADERS 1
| #define HAVE_SYS_TYPES_H 1
| #define HAVE_SYS_STAT_H 1
| #define HAVE_STDLIB_H 1
| #define HAVE_STRING_H 1
| #define HAVE_MEMORY_H 1
| #define HAVE_STRINGS_H 1
| #define HAVE_INTTYPES_H 1
| #define HAVE_STDINT_H 1
| #define HAVE_UNISTD_H 1
| #define __EXTENSIONS__ 1
| #define _ALL_SOURCE 1
| #define _GNU_SOURCE 1
| #define _POSIX_PTHREAD_SEMANTICS 1
| #define _TANDEM_SOURCE 1
| #define _FILE_OFFSET_BITS 64
| #define STDC_HEADERS 1
| #define HAVE_DIRENT_H 1
| #define TIME_WITH_SYS_TIME 1
| #define HAVE_STDLIB_H 1
| #define HAVE_LOCALE_H 1
| #define HAVE_UNISTD_H 1
| #define HAVE_LIMITS_H 1
| #define HAVE_FCNTL_H 1
| #define HAVE_STRING_H 1
| #define HAVE_MEMORY_H 1
| #define HAVE_SYS_PARAM_H 1
| #define HAVE_SYS_RESOURCE_H 1
| #define HAVE_SYS_TIME_H 1
| #define HAVE_SYS_TIMEB_H 1
| /* end confdefs.h.  */
| #include <sys/types.h>
| #include <signal.h>
| 
| int
| main ()
| {
| return *(signal (0, 0)) (0) == 1;
|   ;
|   return 0;
| }
configure:8621: result: void
configure:8629: checking for uid_t in sys/types.h
configure:8648: result: yes
configure:8659: checking for pid_t
configure:8659: gcc -c -g -O2  conftest.c >&5
configure:8659: $? = 0
configure:8659: gcc -c -g -O2  conftest.c >&5
conftest.c: In function 'main':
conftest.c:78:20: error: expected expression before ')' token
 if (sizeof ((pid_t)))
                    ^
configure:8659: $? = 1
configure: failed program was:
| /* confdefs.h */
| #define PACKAGE_NAME "GNU make"
| #define PACKAGE_TARNAME "make"
| #define PACKAGE_VERSION "4.1"
| #define PACKAGE_STRING "GNU make 4.1"
| #define PACKAGE_BUGREPORT "bug-make@gnu.org"
| #define PACKAGE_URL "http://www.gnu.org/software/make/"
| #define PACKAGE "make"
| #define VERSION "4.1"
| #define STDC_HEADERS 1
| #define HAVE_SYS_TYPES_H 1
| #define HAVE_SYS_STAT_H 1
| #define HAVE_STDLIB_H 1
| #define HAVE_STRING_H 1
| #define HAVE_MEMORY_H 1
| #define HAVE_STRINGS_H 1
| #define HAVE_INTTYPES_H 1
| #define HAVE_STDINT_H 1
| #define HAVE_UNISTD_H 1
| #define __EXTENSIONS__ 1
| #define _ALL_SOURCE 1
| #define _GNU_SOURCE 1
| #define _POSIX_PTHREAD_SEMANTICS 1
| #define _TANDEM_SOURCE 1
| #define _FILE_OFFSET_BITS 64
| #define STDC_HEADERS 1
| #define HAVE_DIRENT_H 1
| #define TIME_WITH_SYS_TIME 1
| #define HAVE_STDLIB_H 1
| #define HAVE_LOCALE_H 1
| #define HAVE_UNISTD_H 1
| #define HAVE_LIMITS_H 1
| #define HAVE_FCNTL_H 1
| #define HAVE_STRING_H 1
| #define HAVE_MEMORY_H 1
| #define HAVE_SYS_PARAM_H 1
| #define HAVE_SYS_RESOURCE_H 1
| #define HAVE_SYS_TIME_H 1
| #define HAVE_SYS_TIMEB_H 1
| #define RETSIGTYPE void
| /* end confdefs.h.  */
| #include <stdio.h>
| #ifdef HAVE_SYS_TYPES_H
| # include <sys/types.h>
| #endif
| #ifdef HAVE_SYS_STAT_H
| # include <sys/stat.h>
| #endif
| #ifdef STDC_HEADERS
| # include <stdlib.h>
| # include <stddef.h>
| #else
| # ifdef HAVE_STDLIB_H
| #  include <stdlib.h>
| # endif
| #endif
| #ifdef HAVE_STRING_H
| # if !defined STDC_HEADERS && defined HAVE_MEMORY_H
| #  include <memory.h>
| # endif
| # include <string.h>
| #endif
| #ifdef HAVE_STRINGS_H
| # include <strings.h>
| #endif
| #ifdef HAVE_INTTYPES_H
| # include <inttypes.h>
| #endif
| #ifdef HAVE_STDINT_H
| # include <stdint.h>
| #endif
| #ifdef HAVE_UNISTD_H
| # include <unistd.h>
| #endif
| int
| main ()
| {
| if (sizeof ((pid_t)))
| 	    return 0;
|   ;
|   return 0;
| }
configure:8659: result: yes
configure:8673: checking for uintmax_t
configure:8673: gcc -c -g -O2  conftest.c >&5
configure:8673: $? = 0
configure:8673: gcc -c -g -O2  conftest.c >&5
conftest.c: In function 'main':
conftest.c:78:24: error: expected expression before ')' token
 if (sizeof ((uintmax_t)))
                        ^
configure:8673: $? = 1
configure: failed program was:
| /* confdefs.h */
| #define PACKAGE_NAME "GNU make"
| #define PACKAGE_TARNAME "make"
| #define PACKAGE_VERSION "4.1"
| #define PACKAGE_STRING "GNU make 4.1"
| #define PACKAGE_BUGREPORT "bug-make@gnu.org"
| #define PACKAGE_URL "http://www.gnu.org/software/make/"
| #define PACKAGE "make"
| #define VERSION "4.1"
| #define STDC_HEADERS 1
| #define HAVE_SYS_TYPES_H 1
| #define HAVE_SYS_STAT_H 1
| #define HAVE_STDLIB_H 1
| #define HAVE_STRING_H 1
| #define HAVE_MEMORY_H 1
| #define HAVE_STRINGS_H 1
| #define HAVE_INTTYPES_H 1
| #define HAVE_STDINT_H 1
| #define HAVE_UNISTD_H 1
| #define __EXTENSIONS__ 1
| #define _ALL_SOURCE 1
| #define _GNU_SOURCE 1
| #define _POSIX_PTHREAD_SEMANTICS 1
| #define _TANDEM_SOURCE 1
| #define _FILE_OFFSET_BITS 64
| #define STDC_HEADERS 1
| #define HAVE_DIRENT_H 1
| #define TIME_WITH_SYS_TIME 1
| #define HAVE_STDLIB_H 1
| #define HAVE_LOCALE_H 1
| #define HAVE_UNISTD_H 1
| #define HAVE_LIMITS_H 1
| #define HAVE_FCNTL_H 1
| #define HAVE_STRING_H 1
| #define HAVE_MEMORY_H 1
| #define HAVE_SYS_PARAM_H 1
| #define HAVE_SYS_RESOURCE_H 1
| #define HAVE_SYS_TIME_H 1
| #define HAVE_SYS_TIMEB_H 1
| #define RETSIGTYPE void
| /* end confdefs.h.  */
| #include <stdio.h>
| #ifdef HAVE_SYS_TYPES_H
| # include <sys/types.h>
| #endif
| #ifdef HAVE_SYS_STAT_H
| # include <sys/stat.h>
| #endif
| #ifdef STDC_HEADERS
| # include <stdlib.h>
| # include <stddef.h>
| #else
| # ifdef HAVE_STDLIB_H
| #  include <stdlib.h>
| # endif
| #endif
| #ifdef HAVE_STRING_H
| # if !defined STDC_HEADERS && defined HAVE_MEMORY_H
| #  include <memory.h>
| # endif
| # include <string.h>
| #endif
| #ifdef HAVE_STRINGS_H
| # include <strings.h>
| #endif
| #ifdef HAVE_INTTYPES_H
| # include <inttypes.h>
| #endif
| #ifdef HAVE_STDINT_H
| # include <stdint.h>
| #endif
| #ifdef HAVE_UNISTD_H
| # include <unistd.h>
| #endif
| int
| main ()
| {
| if (sizeof ((uintmax_t)))
| 	    return 0;
|   ;
|   return 0;
| }
configure:8673: result: yes
configure:8694: checking for nanoseconds field of struct stat
configure:8723: gcc -c -g -O2  -DST_MTIM_NSEC=st_mtim.tv_nsec conftest.c >&5
configure:8723: $? = 0
configure:8731: result: st_mtim.tv_nsec
configure:8743: checking whether to use high resolution file timestamps
configure:8764: gcc -c -g -O2  conftest.c >&5
configure:8764: $? = 0
configure:8771: result: yes
configure:8787: checking for library containing clock_gettime
configure:8818: gcc -o conftest -g -O2   conftest.c  >&5
configure:8818: $? = 0
configure:8835: result: none required
configure:8854: checking whether system uses MSDOS-style paths
configure:8875: gcc -c -g -O2  conftest.c >&5
conftest.c:47:1: error: unknown type name 'neither'
 neither MSDOS nor Windows nor OS2
 ^
conftest.c:47:15: error: expected '=', ',', ';', 'asm' or '__attribute__' before 'nor'
 neither MSDOS nor Windows nor OS2
               ^
conftest.c:47:15: error: unknown type name 'nor'
configure:8875: $? = 1
configure: failed program was:
| /* confdefs.h */
| #define PACKAGE_NAME "GNU make"
| #define PACKAGE_TARNAME "make"
| #define PACKAGE_VERSION "4.1"
| #define PACKAGE_STRING "GNU make 4.1"
| #define PACKAGE_BUGREPORT "bug-make@gnu.org"
| #define PACKAGE_URL "http://www.gnu.org/software/make/"
| #define PACKAGE "make"
| #define VERSION "4.1"
| #define STDC_HEADERS 1
| #define HAVE_SYS_TYPES_H 1
| #define HAVE_SYS_STAT_H 1
| #define HAVE_STDLIB_H 1
| #define HAVE_STRING_H 1
| #define HAVE_MEMORY_H 1
| #define HAVE_STRINGS_H 1
| #define HAVE_INTTYPES_H 1
| #define HAVE_STDINT_H 1
| #define HAVE_UNISTD_H 1
| #define __EXTENSIONS__ 1
| #define _ALL_SOURCE 1
| #define _GNU_SOURCE 1
| #define _POSIX_PTHREAD_SEMANTICS 1
| #define _TANDEM_SOURCE 1
| #define _FILE_OFFSET_BITS 64
| #define STDC_HEADERS 1
| #define HAVE_DIRENT_H 1
| #define TIME_WITH_SYS_TIME 1
| #define HAVE_STDLIB_H 1
| #define HAVE_LOCALE_H 1
| #define HAVE_UNISTD_H 1
| #define HAVE_LIMITS_H 1
| #define HAVE_FCNTL_H 1
| #define HAVE_STRING_H 1
| #define HAVE_MEMORY_H 1
| #define HAVE_SYS_PARAM_H 1
| #define HAVE_SYS_RESOURCE_H 1
| #define HAVE_SYS_TIME_H 1
| #define HAVE_SYS_TIMEB_H 1
| #define RETSIGTYPE void
| #define ST_MTIM_NSEC st_mtim.tv_nsec
| #define FILE_TIMESTAMP_HI_RES 1
| #define HAVE_CLOCK_GETTIME 1
| /* end confdefs.h.  */
| 
| #if !defined _WIN32 && !defined __WIN32__ && !defined __MSDOS__ && !defined __EMX__ && !defined __MSYS__ && !defined __CYGWIN__
| neither MSDOS nor Windows nor OS2
| #endif
| 
| int
| main ()
| {
| 
|   ;
|   return 0;
| }
configure:8882: result: no
configure:8897: checking for standard gettimeofday
configure:8916: gcc -o conftest -g -O2   conftest.c  >&5
conftest.c: In function 'main':
conftest.c:49:21: warning: incompatible implicit declaration of built-in function 'exit'
                     exit (gettimeofday (&t, 0) != 0
                     ^
configure:8916: $? = 0
configure:8916: ./conftest
configure:8916: $? = 0
configure:8926: result: yes
configure:8942: checking for strdup
configure:8942: gcc -o conftest -g -O2   conftest.c  >&5
conftest.c:69:6: warning: conflicting types for built-in function 'strdup'
 char strdup ();
      ^
configure:8942: $? = 0
configure:8942: result: yes
configure:8942: checking for strndup
configure:8942: gcc -o conftest -g -O2   conftest.c  >&5
conftest.c:70:6: warning: conflicting types for built-in function 'strndup'
 char strndup ();
      ^
configure:8942: $? = 0
configure:8942: result: yes
configure:8942: checking for mkstemp
configure:8942: gcc -o conftest -g -O2   conftest.c  >&5
configure:8942: $? = 0
configure:8942: result: yes
configure:8942: checking for mktemp
configure:8942: gcc -o conftest -g -O2   conftest.c  >&5
/tmp/ccvVmXlo.o: In function `main':
/home/retrobsd/mawk-port/litebsd/ports/devel/make-4.1/conftest.c:83: warning: the use of `mktemp' is dangerous, better use `mkstemp' or `mkdtemp'
configure:8942: $? = 0
configure:8942: result: yes
configure:8942: checking for fdopen
configure:8942: gcc -o conftest -g -O2   conftest.c  >&5
configure:8942: $? = 0
configure:8942: result: yes
configure:8942: checking for fileno
configure:8942: gcc -o conftest -g -O2   conftest.c  >&5
configure:8942: $? = 0
configure:8942: result: yes
configure:8942: checking for dup
configure:8942: gcc -o conftest -g -O2   conftest.c  >&5
configure:8942: $? = 0
configure:8942: result: yes
configure:8942: checking for dup2
configure:8942: gcc -o conftest -g -O2   conftest.c  >&5
configure:8942: $? = 0
configure:8942: result: yes
configure:8942: checking for getcwd
configure:8942: gcc -o conftest -g -O2   conftest.c  >&5
configure:8942: $? = 0
configure:8942: result: yes
configure:8942: checking for realpath
configure:8942: gcc -o conftest -g -O2   conftest.c  >&5
configure:8942: $? = 0
configure:8942: result: yes
configure:8942: checking for sigsetmask
configure:8942: gcc -o conftest -g -O2   conftest.c  >&5
configure:8942: $? = 0
configure:8942: result: yes
configure:8942: checking for sigaction
configure:8942: gcc -o conftest -g -O2   conftest.c  >&5
configure:8942: $? = 0
configure:8942: result: yes
configure:8942: checking for getgroups
configure:8942: gcc -o conftest -g -O2   conftest.c  >&5
configure:8942: $? = 0
configure:8942: result: yes
configure:8942: checking for seteuid
configure:8942: gcc -o conftest -g -O2   conftest.c  >&5
configure:8942: $? = 0
configure:8942: result: yes
configure:8942: checking for setegid
configure:8942: gcc -o conftest -g -O2   conftest.c  >&5
configure:8942: $? = 0
configure:8942: result: yes
configure:8942: checking for setlinebuf
configure:8942: gcc -o conftest -g -O2   conftest.c  >&5
configure:8942: $? = 0
configure:8942: result: yes
configure:8942: checking for setreuid
configure:8942: gcc -o conftest -g -O2   conftest.c  >&5
configure:8942: $? = 0
configure:8942: result: yes
configure:8942: checking for setregid
configure:8942: gcc -o conftest -g -O2   conftest.c  >&5
configure:8942: $? = 0
configure:8942: result: yes
configure:8942: checking for getrlimit
configure:8942: gcc -o conftest -g -O2   conftest.c  >&5
configure:8942: $? = 0
configure:8942: result: yes
configure:8942: checking for setrlimit
configure:8942: gcc -o conftest -g -O2   conftest.c  >&5
configure:8942: $? = 0
configure:8942: result: yes
configure:8942: checking for setvbuf
configure:8942: gcc -o conftest -g -O2   conftest.c  >&5
configure:8942: $? = 0
configure:8942: result: yes
configure:8942: checking for pipe
configure:8942: gcc -o conftest -g -O2   conftest.c  >&5
configure:8942: $? = 0
configure:8942: result: yes
configure:8942: checking for strerror
configure:8942: gcc -o conftest -g -O2   conftest.c  >&5
configure:8942: $? = 0
configure:8942: result: yes
configure:8942: checking for strsignal
configure:8942: gcc -o conftest -g -O2   conftest.c  >&5
configure:8942: $? = 0
configure:8942: result: yes
configure:8942: checking for lstat
configure:8942: gcc -o conftest -g -O2   conftest.c  >&5
configure:8942: $? = 0
configure:8942: result: yes
configure:8942: checking for readlink
configure:8942: gcc -o conftest -g -O2   conftest.c  >&5
configure:8942: $? = 0
configure:8942: result: yes
configure:8942: checking for atexit
configure:8942: gcc -o conftest -g -O2   conftest.c  >&5
configure:8942: $? = 0
configure:8942: result: yes
configure:8942: checking for isatty
configure:8942: gcc -o conftest -g -O2   conftest.c  >&5
configure:8942: $? = 0
configure:8942: result: yes
configure:8942: checking for ttyname
configure:8942: gcc -o conftest -g -O2   conftest.c  >&5
configure:8942: $? = 0
configure:8942: result: yes
configure:8955: checking whether bsd_signal is declared
configure:8955: gcc -c -g -O2  conftest.c >&5
configure:8955: $? = 0
configure:8955: result: yes
configure:8983: checking for strcasecmp
configure:8983: gcc -o conftest -g -O2   conftest.c  >&5
conftest.c:99:6: warning: conflicting types for built-in function 'strcasecmp'
 char strcasecmp ();
      ^
configure:8983: $? = 0
configure:8983: result: yes
configure:8983: checking for strncasecmp
configure:8983: gcc -o conftest -g -O2   conftest.c  >&5
conftest.c:100:6: warning: conflicting types for built-in function 'strncasecmp'
 char strncasecmp ();
      ^
configure:8983: $? = 0
configure:8983: result: yes
configure:8983: checking for strcmpi
configure:8983: gcc -o conftest -g -O2   conftest.c  >&5
/tmp/ccXTNjZY.o: In function `main':
/home/retrobsd/mawk-port/litebsd/ports/devel/make-4.1/conftest.c:112: undefined reference to `strcmpi'
collect2: error: ld returned 1 exit status
configure:8983: $? = 1
configure: failed program was:
| /* confdefs.h */
| #define PACKAGE_NAME "GNU make"
| #define PACKAGE_TARNAME "make"
| #define PACKAGE_VERSION "4.1"
| #define PACKAGE_STRING "GNU make 4.1"
| #define PACKAGE_BUGREPORT "bug-make@gnu.org"
| #define PACKAGE_URL "http://www.gnu.org/software/make/"
| #define PACKAGE "make"
| #define VERSION "4.1"
| #define STDC_HEADERS 1
| #define HAVE_SYS_TYPES_H 1
| #define HAVE_SYS_STAT_H 1
| #define HAVE_STDLIB_H 1
| #define HAVE_STRING_H 1
| #define HAVE_MEMORY_H 1
| #define HAVE_STRINGS_H 1
| #define HAVE_INTTYPES_H 1
| #define HAVE_STDINT_H 1
| #define HAVE_UNISTD_H 1
| #define __EXTENSIONS__ 1
| #define _ALL_SOURCE 1
| #define _GNU_SOURCE 1
| #define _POSIX_PTHREAD_SEMANTICS 1
| #define _TANDEM_SOURCE 1
| #define _FILE_OFFSET_BITS 64
| #define STDC_HEADERS 1
| #define HAVE_DIRENT_H 1
| #define TIME_WITH_SYS_TIME 1
| #define HAVE_STDLIB_H 1
| #define HAVE_LOCALE_H 1
| #define HAVE_UNISTD_H 1
| #define HAVE_LIMITS_H 1
| #define HAVE_FCNTL_H 1
| #define HAVE_STRING_H 1
| #define HAVE_MEMORY_H 1
| #define HAVE_SYS_PARAM_H 1
| #define HAVE_SYS_RESOURCE_H 1
| #define HAVE_SYS_TIME_H 1
| #define HAVE_SYS_TIMEB_H 1
| #define RETSIGTYPE void
| #define ST_MTIM_NSEC st_mtim.tv_nsec
| #define FILE_TIMESTAMP_HI_RES 1
| #define HAVE_CLOCK_GETTIME 1
| #define HAVE_GETTIMEOFDAY 1
| #define HAVE_STRDUP 1
| #define HAVE_STRNDUP 1
| #define HAVE_MKSTEMP 1
| #define HAVE_MKTEMP 1
| #define HAVE_FDOPEN 1
| #define HAVE_FILENO 1
| #define HAVE_DUP 1
| #define HAVE_DUP2 1
| #define HAVE_GETCWD 1
| #define HAVE_REALPATH 1
| #define HAVE_SIGSETMASK 1
| #define HAVE_SIGACTION 1
| #define HAVE_GETGROUPS 1
| #define HAVE_SETEUID 1
| #define HAVE_SETEGID 1
| #define HAVE_SETLINEBUF 1
| #define HAVE_SETREUID 1
| #define HAVE_SETREGID 1
| #define HAVE_GETRLIMIT 1
| #define HAVE_SETRLIMIT 1
| #define HAVE_SETVBUF 1
| #define HAVE_PIPE 1
| #define HAVE_STRERROR 1
| #define HAVE_STRSIGNAL 1
| #define HAVE_LSTAT 1
| #define HAVE_READLINK 1
| #define HAVE_ATEXIT 1
| #define HAVE_ISATTY 1
| #define HAVE_TTYNAME 1
| #define HAVE_DECL_BSD_SIGNAL 1
| #define HAVE_STRCASECMP 1
| #define HAVE_STRNCASECMP 1
| /* end confdefs.h.  */
| /* Define strcmpi to an innocuous variant, in case <limits.h> declares strcmpi.
|    For example, HP-UX 11i <limits.h> declares gettimeofday.  */
| #define strcmpi innocuous_strcmpi
| 
| /* System header to define __stub macros and hopefully few prototypes,
|     which can conflict with char strcmpi (); below.
|     Prefer <limits.h> to <assert.h> if __STDC__ is defined, since
|     <limits.h> exists even on freestanding compilers.  */
| 
| #ifdef __STDC__
| # include <limits.h>
| #else
| # include <assert.h>
| #endif
| 
| #undef strcmpi
| 
| /* Override any GCC internal prototype to avoid an error.
|    Use char because int might match the return type of a GCC
|    builtin and then its argument prototype would still apply.  */
| #ifdef __cplusplus
| extern "C"
| #endif
| char strcmpi ();
| /* The GNU C library defines this for functions which it implements
|     to always fail with ENOSYS.  Some functions are actually named
|     something starting with __ and the normal name is an alias.  */
| #if defined __stub_strcmpi || defined __stub___strcmpi
| choke me
| #endif
| 
| int
| main ()
| {
| return strcmpi ();
|   ;
|   return 0;
| }
configure:8983: result: no
configure:8983: checking for strncmpi
configure:8983: gcc -o conftest -g -O2   conftest.c  >&5
/tmp/ccjhe1X4.o: In function `main':
/home/retrobsd/mawk-port/litebsd/ports/devel/make-4.1/conftest.c:112: undefined reference to `strncmpi'
collect2: error: ld returned 1 exit status
configure:8983: $? = 1
configure: failed program was:
| /* confdefs.h */
| #define PACKAGE_NAME "GNU make"
| #define PACKAGE_TARNAME "make"
| #define PACKAGE_VERSION "4.1"
| #define PACKAGE_STRING "GNU make 4.1"
| #define PACKAGE_BUGREPORT "bug-make@gnu.org"
| #define PACKAGE_URL "http://www.gnu.org/software/make/"
| #define PACKAGE "make"
| #define VERSION "4.1"
| #define STDC_HEADERS 1
| #define HAVE_SYS_TYPES_H 1
| #define HAVE_SYS_STAT_H 1
| #define HAVE_STDLIB_H 1
| #define HAVE_STRING_H 1
| #define HAVE_MEMORY_H 1
| #define HAVE_STRINGS_H 1
| #define HAVE_INTTYPES_H 1
| #define HAVE_STDINT_H 1
| #define HAVE_UNISTD_H 1
| #define __EXTENSIONS__ 1
| #define _ALL_SOURCE 1
| #define _GNU_SOURCE 1
| #define _POSIX_PTHREAD_SEMANTICS 1
| #define _TANDEM_SOURCE 1
| #define _FILE_OFFSET_BITS 64
| #define STDC_HEADERS 1
| #define HAVE_DIRENT_H 1
| #define TIME_WITH_SYS_TIME 1
| #define HAVE_STDLIB_H 1
| #define HAVE_LOCALE_H 1
| #define HAVE_UNISTD_H 1
| #define HAVE_LIMITS_H 1
| #define HAVE_FCNTL_H 1
| #define HAVE_STRING_H 1
| #define HAVE_MEMORY_H 1
| #define HAVE_SYS_PARAM_H 1
| #define HAVE_SYS_RESOURCE_H 1
| #define HAVE_SYS_TIME_H 1
| #define HAVE_SYS_TIMEB_H 1
| #define RETSIGTYPE void
| #define ST_MTIM_NSEC st_mtim.tv_nsec
| #define FILE_TIMESTAMP_HI_RES 1
| #define HAVE_CLOCK_GETTIME 1
| #define HAVE_GETTIMEOFDAY 1
| #define HAVE_STRDUP 1
| #define HAVE_STRNDUP 1
| #define HAVE_MKSTEMP 1
| #define HAVE_MKTEMP 1
| #define HAVE_FDOPEN 1
| #define HAVE_FILENO 1
| #define HAVE_DUP 1
| #define HAVE_DUP2 1
| #define HAVE_GETCWD 1
| #define HAVE_REALPATH 1
| #define HAVE_SIGSETMASK 1
| #define HAVE_SIGACTION 1
| #define HAVE_GETGROUPS 1
| #define HAVE_SETEUID 1
| #define HAVE_SETEGID 1
| #define HAVE_SETLINEBUF 1
| #define HAVE_SETREUID 1
| #define HAVE_SETREGID 1
| #define HAVE_GETRLIMIT 1
| #define HAVE_SETRLIMIT 1
| #define HAVE_SETVBUF 1
| #define HAVE_PIPE 1
| #define HAVE_STRERROR 1
| #define HAVE_STRSIGNAL 1
| #define HAVE_LSTAT 1
| #define HAVE_READLINK 1
| #define HAVE_ATEXIT 1
| #define HAVE_ISATTY 1
| #define HAVE_TTYNAME 1
| #define HAVE_DECL_BSD_SIGNAL 1
| #define HAVE_STRCASECMP 1
| #define HAVE_STRNCASECMP 1
| /* end confdefs.h.  */
| /* Define strncmpi to an innocuous variant, in case <limits.h> declares strncmpi.
|    For example, HP-UX 11i <limits.h> declares gettimeofday.  */
| #define strncmpi innocuous_strncmpi
| 
| /* System header to define __stub macros and hopefully few prototypes,
|     which can conflict with char strncmpi (); below.
|     Prefer <limits.h> to <assert.h> if __STDC__ is defined, since
|     <limits.h> exists even on freestanding compilers.  */
| 
| #ifdef __STDC__
| # include <limits.h>
| #else
| # include <assert.h>
| #endif
| 
| #undef strncmpi
| 
| /* Override any GCC internal prototype to avoid an error.
|    Use char because int might match the return type of a GCC
|    builtin and then its argument prototype would still apply.  */
| #ifdef __cplusplus
| extern "C"
| #endif
| char strncmpi ();
| /* The GNU C library defines this for functions which it implements
|     to always fail with ENOSYS.  Some functions are actually named
|     something starting with __ and the normal name is an alias.  */
| #if defined __stub_strncmpi || defined __stub___strncmpi
| choke me
| #endif
| 
| int
| main ()
| {
| return strncmpi ();
|   ;
|   return 0;
| }
configure:8983: result: no
configure:8983: checking for stricmp
configure:8983: gcc -o conftest -g -O2   conftest.c  >&5
/tmp/ccJbUDT7.o: In function `main':
/home/retrobsd/mawk-port/litebsd/ports/devel/make-4.1/conftest.c:112: undefined reference to `stricmp'
collect2: error: ld returned 1 exit status
configure:8983: $? = 1
configure: failed program was:
| /* confdefs.h */
| #define PACKAGE_NAME "GNU make"
| #define PACKAGE_TARNAME "make"
| #define PACKAGE_VERSION "4.1"
| #define PACKAGE_STRING "GNU make 4.1"
| #define PACKAGE_BUGREPORT "bug-make@gnu.org"
| #define PACKAGE_URL "http://www.gnu.org/software/make/"
| #define PACKAGE "make"
| #define VERSION "4.1"
| #define STDC_HEADERS 1
| #define HAVE_SYS_TYPES_H 1
| #define HAVE_SYS_STAT_H 1
| #define HAVE_STDLIB_H 1
| #define HAVE_STRING_H 1
| #define HAVE_MEMORY_H 1
| #define HAVE_STRINGS_H 1
| #define HAVE_INTTYPES_H 1
| #define HAVE_STDINT_H 1
| #define HAVE_UNISTD_H 1
| #define __EXTENSIONS__ 1
| #define _ALL_SOURCE 1
| #define _GNU_SOURCE 1
| #define _POSIX_PTHREAD_SEMANTICS 1
| #define _TANDEM_SOURCE 1
| #define _FILE_OFFSET_BITS 64
| #define STDC_HEADERS 1
| #define HAVE_DIRENT_H 1
| #define TIME_WITH_SYS_TIME 1
| #define HAVE_STDLIB_H 1
| #define HAVE_LOCALE_H 1
| #define HAVE_UNISTD_H 1
| #define HAVE_LIMITS_H 1
| #define HAVE_FCNTL_H 1
| #define HAVE_STRING_H 1
| #define HAVE_MEMORY_H 1
| #define HAVE_SYS_PARAM_H 1
| #define HAVE_SYS_RESOURCE_H 1
| #define HAVE_SYS_TIME_H 1
| #define HAVE_SYS_TIMEB_H 1
| #define RETSIGTYPE void
| #define ST_MTIM_NSEC st_mtim.tv_nsec
| #define FILE_TIMESTAMP_HI_RES 1
| #define HAVE_CLOCK_GETTIME 1
| #define HAVE_GETTIMEOFDAY 1
| #define HAVE_STRDUP 1
| #define HAVE_STRNDUP 1
| #define HAVE_MKSTEMP 1
| #define HAVE_MKTEMP 1
| #define HAVE_FDOPEN 1
| #define HAVE_FILENO 1
| #define HAVE_DUP 1
| #define HAVE_DUP2 1
| #define HAVE_GETCWD 1
| #define HAVE_REALPATH 1
| #define HAVE_SIGSETMASK 1
| #define HAVE_SIGACTION 1
| #define HAVE_GETGROUPS 1
| #define HAVE_SETEUID 1
| #define HAVE_SETEGID 1
| #define HAVE_SETLINEBUF 1
| #define HAVE_SETREUID 1
| #define HAVE_SETREGID 1
| #define HAVE_GETRLIMIT 1
| #define HAVE_SETRLIMIT 1
| #define HAVE_SETVBUF 1
| #define HAVE_PIPE 1
| #define HAVE_STRERROR 1
| #define HAVE_STRSIGNAL 1
| #define HAVE_LSTAT 1
| #define HAVE_READLINK 1
| #define HAVE_ATEXIT 1
| #define HAVE_ISATTY 1
| #define HAVE_TTYNAME 1
| #define HAVE_DECL_BSD_SIGNAL 1
| #define HAVE_STRCASECMP 1
| #define HAVE_STRNCASECMP 1
| /* end confdefs.h.  */
| /* Define stricmp to an innocuous variant, in case <limits.h> declares stricmp.
|    For example, HP-UX 11i <limits.h> declares gettimeofday.  */
| #define stricmp innocuous_stricmp
| 
| /* System header to define __stub macros and hopefully few prototypes,
|     which can conflict with char stricmp (); below.
|     Prefer <limits.h> to <assert.h> if __STDC__ is defined, since
|     <limits.h> exists even on freestanding compilers.  */
| 
| #ifdef __STDC__
| # include <limits.h>
| #else
| # include <assert.h>
| #endif
| 
| #undef stricmp
| 
| /* Override any GCC internal prototype to avoid an error.
|    Use char because int might match the return type of a GCC
|    builtin and then its argument prototype would still apply.  */
| #ifdef __cplusplus
| extern "C"
| #endif
| char stricmp ();
| /* The GNU C library defines this for functions which it implements
|     to always fail with ENOSYS.  Some functions are actually named
|     something starting with __ and the normal name is an alias.  */
| #if defined __stub_stricmp || defined __stub___stricmp
| choke me
| #endif
| 
| int
| main ()
| {
| return stricmp ();
|   ;
|   return 0;
| }
configure:8983: result: no
configure:8983: checking for strnicmp
configure:8983: gcc -o conftest -g -O2   conftest.c  >&5
/tmp/ccfZ0fo9.o: In function `main':
/home/retrobsd/mawk-port/litebsd/ports/devel/make-4.1/conftest.c:112: undefined reference to `strnicmp'
collect2: error: ld returned 1 exit status
configure:8983: $? = 1
configure: failed program was:
| /* confdefs.h */
| #define PACKAGE_NAME "GNU make"
| #define PACKAGE_TARNAME "make"
| #define PACKAGE_VERSION "4.1"
| #define PACKAGE_STRING "GNU make 4.1"
| #define PACKAGE_BUGREPORT "bug-make@gnu.org"
| #define PACKAGE_URL "http://www.gnu.org/software/make/"
| #define PACKAGE "make"
| #define VERSION "4.1"
| #define STDC_HEADERS 1
| #define HAVE_SYS_TYPES_H 1
| #define HAVE_SYS_STAT_H 1
| #define HAVE_STDLIB_H 1
| #define HAVE_STRING_H 1
| #define HAVE_MEMORY_H 1
| #define HAVE_STRINGS_H 1
| #define HAVE_INTTYPES_H 1
| #define HAVE_STDINT_H 1
| #define HAVE_UNISTD_H 1
| #define __EXTENSIONS__ 1
| #define _ALL_SOURCE 1
| #define _GNU_SOURCE 1
| #define _POSIX_PTHREAD_SEMANTICS 1
| #define _TANDEM_SOURCE 1
| #define _FILE_OFFSET_BITS 64
| #define STDC_HEADERS 1
| #define HAVE_DIRENT_H 1
| #define TIME_WITH_SYS_TIME 1
| #define HAVE_STDLIB_H 1
| #define HAVE_LOCALE_H 1
| #define HAVE_UNISTD_H 1
| #define HAVE_LIMITS_H 1
| #define HAVE_FCNTL_H 1
| #define HAVE_STRING_H 1
| #define HAVE_MEMORY_H 1
| #define HAVE_SYS_PARAM_H 1
| #define HAVE_SYS_RESOURCE_H 1
| #define HAVE_SYS_TIME_H 1
| #define HAVE_SYS_TIMEB_H 1
| #define RETSIGTYPE void
| #define ST_MTIM_NSEC st_mtim.tv_nsec
| #define FILE_TIMESTAMP_HI_RES 1
| #define HAVE_CLOCK_GETTIME 1
| #define HAVE_GETTIMEOFDAY 1
| #define HAVE_STRDUP 1
| #define HAVE_STRNDUP 1
| #define HAVE_MKSTEMP 1
| #define HAVE_MKTEMP 1
| #define HAVE_FDOPEN 1
| #define HAVE_FILENO 1
| #define HAVE_DUP 1
| #define HAVE_DUP2 1
| #define HAVE_GETCWD 1
| #define HAVE_REALPATH 1
| #define HAVE_SIGSETMASK 1
| #define HAVE_SIGACTION 1
| #define HAVE_GETGROUPS 1
| #define HAVE_SETEUID 1
| #define HAVE_SETEGID 1
| #define HAVE_SETLINEBUF 1
| #define HAVE_SETREUID 1
| #define HAVE_SETREGID 1
| #define HAVE_GETRLIMIT 1
| #define HAVE_SETRLIMIT 1
| #define HAVE_SETVBUF 1
| #define HAVE_PIPE 1
| #define HAVE_STRERROR 1
| #define HAVE_STRSIGNAL 1
| #define HAVE_LSTAT 1
| #define HAVE_READLINK 1
| #define HAVE_ATEXIT 1
| #define HAVE_ISATTY 1
| #define HAVE_TTYNAME 1
| #define HAVE_DECL_BSD_SIGNAL 1
| #define HAVE_STRCASECMP 1
| #define HAVE_STRNCASECMP 1
| /* end confdefs.h.  */
| /* Define strnicmp to an innocuous variant, in case <limits.h> declares strnicmp.
|    For example, HP-UX 11i <limits.h> declares gettimeofday.  */
| #define strnicmp innocuous_strnicmp
| 
| /* System header to define __stub macros and hopefully few prototypes,
|     which can conflict with char strnicmp (); below.
|     Prefer <limits.h> to <assert.h> if __STDC__ is defined, since
|     <limits.h> exists even on freestanding compilers.  */
| 
| #ifdef __STDC__
| # include <limits.h>
| #else
| # include <assert.h>
| #endif
| 
| #undef strnicmp
| 
| /* Override any GCC internal prototype to avoid an error.
|    Use char because int might match the return type of a GCC
|    builtin and then its argument prototype would still apply.  */
| #ifdef __cplusplus
| extern "C"
| #endif
| char strnicmp ();
| /* The GNU C library defines this for functions which it implements
|     to always fail with ENOSYS.  Some functions are actually named
|     something starting with __ and the normal name is an alias.  */
| #if defined __stub_strnicmp || defined __stub___strnicmp
| choke me
| #endif
| 
| int
| main ()
| {
| return strnicmp ();
|   ;
|   return 0;
| }
configure:8983: result: no
configure:8994: checking for working strcoll
configure:9015: gcc -o conftest -g -O2   conftest.c  >&5
configure:9015: $? = 0
configure:9015: ./conftest
configure:9015: $? = 0
configure:9025: result: yes
configure:9034: checking for size_t
configure:9034: gcc -c -g -O2  conftest.c >&5
configure:9034: $? = 0
configure:9034: gcc -c -g -O2  conftest.c >&5
conftest.c: In function 'main':
conftest.c:115:21: error: expected expression before ')' token
 if (sizeof ((size_t)))
                     ^
configure:9034: $? = 1
configure: failed program was:
| /* confdefs.h */
| #define PACKAGE_NAME "GNU make"
| #define PACKAGE_TARNAME "make"
| #define PACKAGE_VERSION "4.1"
| #define PACKAGE_STRING "GNU make 4.1"
| #define PACKAGE_BUGREPORT "bug-make@gnu.org"
| #define PACKAGE_URL "http://www.gnu.org/software/make/"
| #define PACKAGE "make"
| #define VERSION "4.1"
| #define STDC_HEADERS 1
| #define HAVE_SYS_TYPES_H 1
| #define HAVE_SYS_STAT_H 1
| #define HAVE_STDLIB_H 1
| #define HAVE_STRING_H 1
| #define HAVE_MEMORY_H 1
| #define HAVE_STRINGS_H 1
| #define HAVE_INTTYPES_H 1
| #define HAVE_STDINT_H 1
| #define HAVE_UNISTD_H 1
| #define __EXTENSIONS__ 1
| #define _ALL_SOURCE 1
| #define _GNU_SOURCE 1
| #define _POSIX_PTHREAD_SEMANTICS 1
| #define _TANDEM_SOURCE 1
| #define _FILE_OFFSET_BITS 64
| #define STDC_HEADERS 1
| #define HAVE_DIRENT_H 1
| #define TIME_WITH_SYS_TIME 1
| #define HAVE_STDLIB_H 1
| #define HAVE_LOCALE_H 1
| #define HAVE_UNISTD_H 1
| #define HAVE_LIMITS_H 1
| #define HAVE_FCNTL_H 1
| #define HAVE_STRING_H 1
| #define HAVE_MEMORY_H 1
| #define HAVE_SYS_PARAM_H 1
| #define HAVE_SYS_RESOURCE_H 1
| #define HAVE_SYS_TIME_H 1
| #define HAVE_SYS_TIMEB_H 1
| #define RETSIGTYPE void
| #define ST_MTIM_NSEC st_mtim.tv_nsec
| #define FILE_TIMESTAMP_HI_RES 1
| #define HAVE_CLOCK_GETTIME 1
| #define HAVE_GETTIMEOFDAY 1
| #define HAVE_STRDUP 1
| #define HAVE_STRNDUP 1
| #define HAVE_MKSTEMP 1
| #define HAVE_MKTEMP 1
| #define HAVE_FDOPEN 1
| #define HAVE_FILENO 1
| #define HAVE_DUP 1
| #define HAVE_DUP2 1
| #define HAVE_GETCWD 1
| #define HAVE_REALPATH 1
| #define HAVE_SIGSETMASK 1
| #define HAVE_SIGACTION 1
| #define HAVE_GETGROUPS 1
| #define HAVE_SETEUID 1
| #define HAVE_SETEGID 1
| #define HAVE_SETLINEBUF 1
| #define HAVE_SETREUID 1
| #define HAVE_SETREGID 1
| #define HAVE_GETRLIMIT 1
| #define HAVE_SETRLIMIT 1
| #define HAVE_SETVBUF 1
| #define HAVE_PIPE 1
| #define HAVE_STRERROR 1
| #define HAVE_STRSIGNAL 1
| #define HAVE_LSTAT 1
| #define HAVE_READLINK 1
| #define HAVE_ATEXIT 1
| #define HAVE_ISATTY 1
| #define HAVE_TTYNAME 1
| #define HAVE_DECL_BSD_SIGNAL 1
| #define HAVE_STRCASECMP 1
| #define HAVE_STRNCASECMP 1
| #define HAVE_STRCOLL 1
| /* end confdefs.h.  */
| #include <stdio.h>
| #ifdef HAVE_SYS_TYPES_H
| # include <sys/types.h>
| #endif
| #ifdef HAVE_SYS_STAT_H
| # include <sys/stat.h>
| #endif
| #ifdef STDC_HEADERS
| # include <stdlib.h>
| # include <stddef.h>
| #else
| # ifdef HAVE_STDLIB_H
| #  include <stdlib.h>
| # endif
| #endif
| #ifdef HAVE_STRING_H
| # if !defined STDC_HEADERS && defined HAVE_MEMORY_H
| #  include <memory.h>
| # endif
| # include <string.h>
| #endif
| #ifdef HAVE_STRINGS_H
| # include <strings.h>
| #endif
| #ifdef HAVE_INTTYPES_H
| # include <inttypes.h>
| #endif
| #ifdef HAVE_STDINT_H
| # include <stdint.h>
| #endif
| #ifdef HAVE_UNISTD_H
| # include <unistd.h>
| #endif
| int
| main ()
| {
| if (sizeof ((size_t)))
| 	    return 0;
|   ;
|   return 0;
| }
configure:9034: result: yes
configure:9047: checking for working alloca.h
configure:9064: gcc -o conftest -g -O2   conftest.c  >&5
configure:9064: $? = 0
configure:9072: result: yes
configure:9080: checking for alloca
configure:9117: gcc -o conftest -g -O2   conftest.c  >&5
configure:9117: $? = 0
configure:9125: result: yes
configure:9231: checking whether closedir returns void
configure:9255: gcc -o conftest -g -O2   conftest.c  >&5
configure:9255: $? = 0
configure:9255: ./conftest
configure:9255: $? = 0
configure:9265: result: no
configure:9329: checking for pkg-config
configure:9347: found /usr/bin/pkg-config
configure:9359: result: /usr/bin/pkg-config
configure:9384: checking pkg-config is at least version 0.9.0
configure:9387: result: yes
configure:9408: checking for GUILE
configure:9415: $PKG_CONFIG --exists --print-errors "guile-2.0"
Package guile-2.0 was not found in the pkg-config search path.
Perhaps you should add the directory containing `guile-2.0.pc'
to the PKG_CONFIG_PATH environment variable
No package 'guile-2.0' found
configure:9418: $? = 1
configure:9432: $PKG_CONFIG --exists --print-errors "guile-2.0"
Package guile-2.0 was not found in the pkg-config search path.
Perhaps you should add the directory containing `guile-2.0.pc'
to the PKG_CONFIG_PATH environment variable
No package 'guile-2.0' found
configure:9435: $? = 1
configure:9449: result: no
No package 'guile-2.0' found
configure:9467: checking for GUILE
configure:9474: $PKG_CONFIG --exists --print-errors "guile-1.8"
Package guile-1.8 was not found in the pkg-config search path.
Perhaps you should add the directory containing `guile-1.8.pc'
to the PKG_CONFIG_PATH environment variable
No package 'guile-1.8' found
configure:9477: $? = 1
configure:9491: $PKG_CONFIG --exists --print-errors "guile-1.8"
Package guile-1.8 was not found in the pkg-config search path.
Perhaps you should add the directory containing `guile-1.8.pc'
to the PKG_CONFIG_PATH environment variable
No package 'guile-1.8' found
configure:9494: $? = 1
configure:9508: result: no
No package 'guile-1.8' found
configure:9644: checking for getloadavg
configure:9644: gcc -o conftest -g -O2   conftest.c  >&5
configure:9644: $? = 0
configure:9644: result: yes
configure:9655: checking for pstat_getdynamic
configure:9655: gcc -o conftest -g -O2   conftest.c  >&5
/tmp/ccK7X0Ny.o: In function `main':
/home/retrobsd/mawk-port/litebsd/ports/devel/make-4.1/conftest.c:115: undefined reference to `pstat_getdynamic'
collect2: error: ld returned 1 exit status
configure:9655: $? = 1
configure: failed program was:
| /* confdefs.h */
| #define PACKAGE_NAME "GNU make"
| #define PACKAGE_TARNAME "make"
| #define PACKAGE_VERSION "4.1"
| #define PACKAGE_STRING "GNU make 4.1"
| #define PACKAGE_BUGREPORT "bug-make@gnu.org"
| #define PACKAGE_URL "http://www.gnu.org/software/make/"
| #define PACKAGE "make"
| #define VERSION "4.1"
| #define STDC_HEADERS 1
| #define HAVE_SYS_TYPES_H 1
| #define HAVE_SYS_STAT_H 1
| #define HAVE_STDLIB_H 1
| #define HAVE_STRING_H 1
| #define HAVE_MEMORY_H 1
| #define HAVE_STRINGS_H 1
| #define HAVE_INTTYPES_H 1
| #define HAVE_STDINT_H 1
| #define HAVE_UNISTD_H 1
| #define __EXTENSIONS__ 1
| #define _ALL_SOURCE 1
| #define _GNU_SOURCE 1
| #define _POSIX_PTHREAD_SEMANTICS 1
| #define _TANDEM_SOURCE 1
| #define _FILE_OFFSET_BITS 64
| #define STDC_HEADERS 1
| #define HAVE_DIRENT_H 1
| #define TIME_WITH_SYS_TIME 1
| #define HAVE_STDLIB_H 1
| #define HAVE_LOCALE_H 1
| #define HAVE_UNISTD_H 1
| #define HAVE_LIMITS_H 1
| #define HAVE_FCNTL_H 1
| #define HAVE_STRING_H 1
| #define HAVE_MEMORY_H 1
| #define HAVE_SYS_PARAM_H 1
| #define HAVE_SYS_RESOURCE_H 1
| #define HAVE_SYS_TIME_H 1
| #define HAVE_SYS_TIMEB_H 1
| #define RETSIGTYPE void
| #define ST_MTIM_NSEC st_mtim.tv_nsec
| #define FILE_TIMESTAMP_HI_RES 1
| #define HAVE_CLOCK_GETTIME 1
| #define HAVE_GETTIMEOFDAY 1
| #define HAVE_STRDUP 1
| #define HAVE_STRNDUP 1
| #define HAVE_MKSTEMP 1
| #define HAVE_MKTEMP 1
| #define HAVE_FDOPEN 1
| #define HAVE_FILENO 1
| #define HAVE_DUP 1
| #define HAVE_DUP2 1
| #define HAVE_GETCWD 1
| #define HAVE_REALPATH 1
| #define HAVE_SIGSETMASK 1
| #define HAVE_SIGACTION 1
| #define HAVE_GETGROUPS 1
| #define HAVE_SETEUID 1
| #define HAVE_SETEGID 1
| #define HAVE_SETLINEBUF 1
| #define HAVE_SETREUID 1
| #define HAVE_SETREGID 1
| #define HAVE_GETRLIMIT 1
| #define HAVE_SETRLIMIT 1
| #define HAVE_SETVBUF 1
| #define HAVE_PIPE 1
| #define HAVE_STRERROR 1
| #define HAVE_STRSIGNAL 1
| #define HAVE_LSTAT 1
| #define HAVE_READLINK 1
| #define HAVE_ATEXIT 1
| #define HAVE_ISATTY 1
| #define HAVE_TTYNAME 1
| #define HAVE_DECL_BSD_SIGNAL 1
| #define HAVE_STRCASECMP 1
| #define HAVE_STRNCASECMP 1
| #define HAVE_STRCOLL 1
| #define HAVE_ALLOCA_H 1
| #define HAVE_ALLOCA 1
| /* end confdefs.h.  */
| /* Define pstat_getdynamic to an innocuous variant, in case <limits.h> declares pstat_getdynamic.
|    For example, HP-UX 11i <limits.h> declares gettimeofday.  */
| #define pstat_getdynamic innocuous_pstat_getdynamic
| 
| /* System header to define __stub macros and hopefully few prototypes,
|     which can conflict with char pstat_getdynamic (); below.
|     Prefer <limits.h> to <assert.h> if __STDC__ is defined, since
|     <limits.h> exists even on freestanding compilers.  */
| 
| #ifdef __STDC__
| # include <limits.h>
| #else
| # include <assert.h>
| #endif
| 
| #undef pstat_getdynamic
| 
| /* Override any GCC internal prototype to avoid an error.
|    Use char because int might match the return type of a GCC
|    builtin and then its argument prototype would still apply.  */
| #ifdef __cplusplus
| extern "C"
| #endif
| char pstat_getdynamic ();
| /* The GNU C library defines this for functions which it implements
|     to always fail with ENOSYS.  Some functions are actually named
|     something starting with __ and the normal name is an alias.  */
| #if defined __stub_pstat_getdynamic || defined __stub___pstat_getdynamic
| choke me
| #endif
| 
| int
| main ()
| {
| return pstat_getdynamic ();
|   ;
|   return 0;
| }
configure:9655: result: no
configure:9666: checking for kstat_open in -lkstat
configure:9691: gcc -o conftest -g -O2   conftest.c -lkstat   >&5
/usr/bin/ld: cannot find -lkstat
collect2: error: ld returned 1 exit status
configure:9691: $? = 1
configure: failed program was:
| /* confdefs.h */
| #define PACKAGE_NAME "GNU make"
| #define PACKAGE_TARNAME "make"
| #define PACKAGE_VERSION "4.1"
| #define PACKAGE_STRING "GNU make 4.1"
| #define PACKAGE_BUGREPORT "bug-make@gnu.org"
| #define PACKAGE_URL "http://www.gnu.org/software/make/"
| #define PACKAGE "make"
| #define VERSION "4.1"
| #define STDC_HEADERS 1
| #define HAVE_SYS_TYPES_H 1
| #define HAVE_SYS_STAT_H 1
| #define HAVE_STDLIB_H 1
| #define HAVE_STRING_H 1
| #define HAVE_MEMORY_H 1
| #define HAVE_STRINGS_H 1
| #define HAVE_INTTYPES_H 1
| #define HAVE_STDINT_H 1
| #define HAVE_UNISTD_H 1
| #define __EXTENSIONS__ 1
| #define _ALL_SOURCE 1
| #define _GNU_SOURCE 1
| #define _POSIX_PTHREAD_SEMANTICS 1
| #define _TANDEM_SOURCE 1
| #define _FILE_OFFSET_BITS 64
| #define STDC_HEADERS 1
| #define HAVE_DIRENT_H 1
| #define TIME_WITH_SYS_TIME 1
| #define HAVE_STDLIB_H 1
| #define HAVE_LOCALE_H 1
| #define HAVE_UNISTD_H 1
| #define HAVE_LIMITS_H 1
| #define HAVE_FCNTL_H 1
| #define HAVE_STRING_H 1
| #define HAVE_MEMORY_H 1
| #define HAVE_SYS_PARAM_H 1
| #define HAVE_SYS_RESOURCE_H 1
| #define HAVE_SYS_TIME_H 1
| #define HAVE_SYS_TIMEB_H 1
| #define RETSIGTYPE void
| #define ST_MTIM_NSEC st_mtim.tv_nsec
| #define FILE_TIMESTAMP_HI_RES 1
| #define HAVE_CLOCK_GETTIME 1
| #define HAVE_GETTIMEOFDAY 1
| #define HAVE_STRDUP 1
| #define HAVE_STRNDUP 1
| #define HAVE_MKSTEMP 1
| #define HAVE_MKTEMP 1
| #define HAVE_FDOPEN 1
| #define HAVE_FILENO 1
| #define HAVE_DUP 1
| #define HAVE_DUP2 1
| #define HAVE_GETCWD 1
| #define HAVE_REALPATH 1
| #define HAVE_SIGSETMASK 1
| #define HAVE_SIGACTION 1
| #define HAVE_GETGROUPS 1
| #define HAVE_SETEUID 1
| #define HAVE_SETEGID 1
| #define HAVE_SETLINEBUF 1
| #define HAVE_SETREUID 1
| #define HAVE_SETREGID 1
| #define HAVE_GETRLIMIT 1
| #define HAVE_SETRLIMIT 1
| #define HAVE_SETVBUF 1
| #define HAVE_PIPE 1
| #define HAVE_STRERROR 1
| #define HAVE_STRSIGNAL 1
| #define HAVE_LSTAT 1
| #define HAVE_READLINK 1
| #define HAVE_ATEXIT 1
| #define HAVE_ISATTY 1
| #define HAVE_TTYNAME 1
| #define HAVE_DECL_BSD_SIGNAL 1
| #define HAVE_STRCASECMP 1
| #define HAVE_STRNCASECMP 1
| #define HAVE_STRCOLL 1
| #define HAVE_ALLOCA_H 1
| #define HAVE_ALLOCA 1
| /* end confdefs.h.  */
| 
| /* Override any GCC internal prototype to avoid an error.
|    Use char because int might match the return type of a GCC
|    builtin and then its argument prototype would still apply.  */
| #ifdef __cplusplus
| extern "C"
| #endif
| char kstat_open ();
| int
| main ()
| {
| return kstat_open ();
|   ;
|   return 0;
| }
configure:9700: result: no
configure:9896: checking for getloadavg
configure:9896: gcc -o conftest -g -O2   conftest.c  >&5
configure:9896: $? = 0
configure:9896: result: yes
configure:10068: checking whether getloadavg requires setgid
configure:10089: result: no
configure:10161: checking whether sys_siglist is declared
configure:10161: gcc -c -g -O2  conftest.c >&5
configure:10161: $? = 0
configure:10161: result: yes
configure:10178: checking whether _sys_siglist is declared
configure:10178: gcc -c -g -O2  conftest.c >&5
configure:10178: $? = 0
configure:10178: result: yes
configure:10195: checking whether __sys_siglist is declared
configure:10195: gcc -c -g -O2  conftest.c >&5
conftest.c: In function 'main':
conftest.c:131:10: error: '__sys_siglist' undeclared (first use in this function)
   (void) __sys_siglist;
          ^
conftest.c:131:10: note: each undeclared identifier is reported only once for each function it appears in
configure:10195: $? = 1
configure: failed program was:
| /* confdefs.h */
| #define PACKAGE_NAME "GNU make"
| #define PACKAGE_TARNAME "make"
| #define PACKAGE_VERSION "4.1"
| #define PACKAGE_STRING "GNU make 4.1"
| #define PACKAGE_BUGREPORT "bug-make@gnu.org"
| #define PACKAGE_URL "http://www.gnu.org/software/make/"
| #define PACKAGE "make"
| #define VERSION "4.1"
| #define STDC_HEADERS 1
| #define HAVE_SYS_TYPES_H 1
| #define HAVE_SYS_STAT_H 1
| #define HAVE_STDLIB_H 1
| #define HAVE_STRING_H 1
| #define HAVE_MEMORY_H 1
| #define HAVE_STRINGS_H 1
| #define HAVE_INTTYPES_H 1
| #define HAVE_STDINT_H 1
| #define HAVE_UNISTD_H 1
| #define __EXTENSIONS__ 1
| #define _ALL_SOURCE 1
| #define _GNU_SOURCE 1
| #define _POSIX_PTHREAD_SEMANTICS 1
| #define _TANDEM_SOURCE 1
| #define _FILE_OFFSET_BITS 64
| #define STDC_HEADERS 1
| #define HAVE_DIRENT_H 1
| #define TIME_WITH_SYS_TIME 1
| #define HAVE_STDLIB_H 1
| #define HAVE_LOCALE_H 1
| #define HAVE_UNISTD_H 1
| #define HAVE_LIMITS_H 1
| #define HAVE_FCNTL_H 1
| #define HAVE_STRING_H 1
| #define HAVE_MEMORY_H 1
| #define HAVE_SYS_PARAM_H 1
| #define HAVE_SYS_RESOURCE_H 1
| #define HAVE_SYS_TIME_H 1
| #define HAVE_SYS_TIMEB_H 1
| #define RETSIGTYPE void
| #define ST_MTIM_NSEC st_mtim.tv_nsec
| #define FILE_TIMESTAMP_HI_RES 1
| #define HAVE_CLOCK_GETTIME 1
| #define HAVE_GETTIMEOFDAY 1
| #define HAVE_STRDUP 1
| #define HAVE_STRNDUP 1
| #define HAVE_MKSTEMP 1
| #define HAVE_MKTEMP 1
| #define HAVE_FDOPEN 1
| #define HAVE_FILENO 1
| #define HAVE_DUP 1
| #define HAVE_DUP2 1
| #define HAVE_GETCWD 1
| #define HAVE_REALPATH 1
| #define HAVE_SIGSETMASK 1
| #define HAVE_SIGACTION 1
| #define HAVE_GETGROUPS 1
| #define HAVE_SETEUID 1
| #define HAVE_SETEGID 1
| #define HAVE_SETLINEBUF 1
| #define HAVE_SETREUID 1
| #define HAVE_SETREGID 1
| #define HAVE_GETRLIMIT 1
| #define HAVE_SETRLIMIT 1
| #define HAVE_SETVBUF 1
| #define HAVE_PIPE 1
| #define HAVE_STRERROR 1
| #define HAVE_STRSIGNAL 1
| #define HAVE_LSTAT 1
| #define HAVE_READLINK 1
| #define HAVE_ATEXIT 1
| #define HAVE_ISATTY 1
| #define HAVE_TTYNAME 1
| #define HAVE_DECL_BSD_SIGNAL 1
| #define HAVE_STRCASECMP 1
| #define HAVE_STRNCASECMP 1
| #define HAVE_STRCOLL 1
| #define HAVE_ALLOCA_H 1
| #define HAVE_ALLOCA 1
| #define HAVE_GETLOADAVG 1
| #define HAVE_DECL_SYS_SIGLIST 1
| #define HAVE_DECL__SYS_SIGLIST 1
| /* end confdefs.h.  */
| #include <stdio.h>
| #ifdef HAVE_SYS_TYPES_H
| # include <sys/types.h>
| #endif
| #ifdef HAVE_SYS_STAT_H
| # include <sys/stat.h>
| #endif
| #ifdef STDC_HEADERS
| # include <stdlib.h>
| # include <stddef.h>
| #else
| # ifdef HAVE_STDLIB_H
| #  include <stdlib.h>
| # endif
| #endif
| #ifdef HAVE_STRING_H
| # if !defined STDC_HEADERS && defined HAVE_MEMORY_H
| #  include <memory.h>
| # endif
| # include <string.h>
| #endif
| #ifdef HAVE_STRINGS_H
| # include <strings.h>
| #endif
| #ifdef HAVE_INTTYPES_H
| # include <inttypes.h>
| #endif
| #ifdef HAVE_STDINT_H
| # include <stdint.h>
| #endif
| #ifdef HAVE_UNISTD_H
| # include <unistd.h>
| #endif
| #include <signal.h>
| /* NetBSD declares sys_siglist in unistd.h.  */
| #if HAVE_UNISTD_H
| # include <unistd.h>
| #endif
| 
| 
| int
| main ()
| {
| #ifndef __sys_siglist
| #ifdef __cplusplus
|   (void) __sys_siglist;
| #else
|   (void) __sys_siglist;
| #endif
| #endif
| 
|   ;
|   return 0;
| }
configure:10195: result: no
configure:10218: checking for sys/wait.h
configure:10218: gcc -c -g -O2  conftest.c >&5
configure:10218: $? = 0
configure:10218: result: yes
configure:10232: checking for waitpid
configure:10232: gcc -o conftest -g -O2   conftest.c  >&5
configure:10232: $? = 0
configure:10232: result: yes
configure:10232: checking for wait3
configure:10232: gcc -o conftest -g -O2   conftest.c  >&5
configure:10232: $? = 0
configure:10232: result: yes
configure:10241: checking for union wait
configure:10273: gcc -o conftest -g -O2   conftest.c  >&5
conftest.c: In function 'main':
conftest.c:101:12: error: 'blow' undeclared (first use in this function)
         -- blow chunks here --
            ^
conftest.c:101:12: note: each undeclared identifier is reported only once for each function it appears in
conftest.c:101:17: error: expected ';' before 'chunks'
         -- blow chunks here --
                 ^
configure:10273: $? = 1
configure: failed program was:
| /* confdefs.h */
| #define PACKAGE_NAME "GNU make"
| #define PACKAGE_TARNAME "make"
| #define PACKAGE_VERSION "4.1"
| #define PACKAGE_STRING "GNU make 4.1"
| #define PACKAGE_BUGREPORT "bug-make@gnu.org"
| #define PACKAGE_URL "http://www.gnu.org/software/make/"
| #define PACKAGE "make"
| #define VERSION "4.1"
| #define STDC_HEADERS 1
| #define HAVE_SYS_TYPES_H 1
| #define HAVE_SYS_STAT_H 1
| #define HAVE_STDLIB_H 1
| #define HAVE_STRING_H 1
| #define HAVE_MEMORY_H 1
| #define HAVE_STRINGS_H 1
| #define HAVE_INTTYPES_H 1
| #define HAVE_STDINT_H 1
| #define HAVE_UNISTD_H 1
| #define __EXTENSIONS__ 1
| #define _ALL_SOURCE 1
| #define _GNU_SOURCE 1
| #define _POSIX_PTHREAD_SEMANTICS 1
| #define _TANDEM_SOURCE 1
| #define _FILE_OFFSET_BITS 64
| #define STDC_HEADERS 1
| #define HAVE_DIRENT_H 1
| #define TIME_WITH_SYS_TIME 1
| #define HAVE_STDLIB_H 1
| #define HAVE_LOCALE_H 1
| #define HAVE_UNISTD_H 1
| #define HAVE_LIMITS_H 1
| #define HAVE_FCNTL_H 1
| #define HAVE_STRING_H 1
| #define HAVE_MEMORY_H 1
| #define HAVE_SYS_PARAM_H 1
| #define HAVE_SYS_RESOURCE_H 1
| #define HAVE_SYS_TIME_H 1
| #define HAVE_SYS_TIMEB_H 1
| #define RETSIGTYPE void
| #define ST_MTIM_NSEC st_mtim.tv_nsec
| #define FILE_TIMESTAMP_HI_RES 1
| #define HAVE_CLOCK_GETTIME 1
| #define HAVE_GETTIMEOFDAY 1
| #define HAVE_STRDUP 1
| #define HAVE_STRNDUP 1
| #define HAVE_MKSTEMP 1
| #define HAVE_MKTEMP 1
| #define HAVE_FDOPEN 1
| #define HAVE_FILENO 1
| #define HAVE_DUP 1
| #define HAVE_DUP2 1
| #define HAVE_GETCWD 1
| #define HAVE_REALPATH 1
| #define HAVE_SIGSETMASK 1
| #define HAVE_SIGACTION 1
| #define HAVE_GETGROUPS 1
| #define HAVE_SETEUID 1
| #define HAVE_SETEGID 1
| #define HAVE_SETLINEBUF 1
| #define HAVE_SETREUID 1
| #define HAVE_SETREGID 1
| #define HAVE_GETRLIMIT 1
| #define HAVE_SETRLIMIT 1
| #define HAVE_SETVBUF 1
| #define HAVE_PIPE 1
| #define HAVE_STRERROR 1
| #define HAVE_STRSIGNAL 1
| #define HAVE_LSTAT 1
| #define HAVE_READLINK 1
| #define HAVE_ATEXIT 1
| #define HAVE_ISATTY 1
| #define HAVE_TTYNAME 1
| #define HAVE_DECL_BSD_SIGNAL 1
| #define HAVE_STRCASECMP 1
| #define HAVE_STRNCASECMP 1
| #define HAVE_STRCOLL 1
| #define HAVE_ALLOCA_H 1
| #define HAVE_ALLOCA 1
| #define HAVE_GETLOADAVG 1
| #define HAVE_DECL_SYS_SIGLIST 1
| #define HAVE_DECL__SYS_SIGLIST 1
| #define HAVE_DECL___SYS_SIGLIST 0
| #define HAVE_SYS_WAIT_H 1
| #define HAVE_WAITPID 1
| #define HAVE_WAIT3 1
| /* end confdefs.h.  */
| #include <sys/types.h>
| #include <sys/wait.h>
| int
| main ()
| {
| union wait status; int pid; pid = wait (&status);
| #ifdef WEXITSTATUS
| /* Some POSIXoid systems have both the new-style macros and the old
|    union wait type, and they do not work together.  If union wait
|    conflicts with WEXITSTATUS et al, we don't want to use it at all.  */
|         if (WEXITSTATUS (status) != 0) pid = -1;
| #ifdef WTERMSIG
|         /* If we have WEXITSTATUS and WTERMSIG, just use them on ints.  */
|         -- blow chunks here --
| #endif
| #endif
| #ifdef HAVE_WAITPID
|         /* Make sure union wait works with waitpid.  */
|         pid = waitpid (-1, &status, 0);
| #endif
| 
|   ;
|   return 0;
| }
configure:10282: result: no
configure:10754: checking for SA_RESTART
configure:10771: gcc -c -g -O2  conftest.c >&5
configure:10771: $? = 0
configure:10778: result: yes
configure:10816: checking whether dlopen is declared
configure:10816: gcc -c -g -O2  conftest.c >&5
configure:10816: $? = 0
configure:10816: result: yes
configure:10827: checking whether dlsym is declared
configure:10827: gcc -c -g -O2  conftest.c >&5
configure:10827: $? = 0
configure:10827: result: yes
configure:10838: checking whether dlerror is declared
configure:10838: gcc -c -g -O2  conftest.c >&5
configure:10838: $? = 0
configure:10838: result: yes
configure:10999: checking for location of SCCS get command
configure:11012: result: get
configure:11051: checking if system libc has GNU glob
configure:11080: result: yes
configure:11158: checking if malloc debugging is wanted
configure:11176: result: no
configure:11359: checking that generated files are newer than configure
configure:11365: result: done
configure:11412: creating ./config.status

## ---------------------- ##
## Running config.status. ##
## ---------------------- ##

This file was extended by GNU make config.status 4.1, which was
generated by GNU Autoconf 2.69.  Invocation command line was

  CONFIG_FILES    = 
  CONFIG_HEADERS  = 
  CONFIG_LINKS    = 
  CONFIG_COMMANDS = 
  $ ./config.status 

on debian

config.status:1020: creating Makefile
config.status:1020: creating glob/Makefile
config.status:1020: creating po/Makefile.in
config.status:1020: creating config/Makefile
config.status:1020: creating doc/Makefile
config.status:1020: creating w32/Makefile
config.status:1020: creating tests/config-flags.pm
config.status:1020: creating config.h
config.status:1254: executing depfiles commands
config.status:1254: executing po-directories commands

## ---------------------- ##
## Running config.status. ##
## ---------------------- ##

This file was extended by GNU make config.status 4.1, which was
generated by GNU Autoconf 2.69.  Invocation command line was

  CONFIG_FILES    = 
  CONFIG_HEADERS  = 
  CONFIG_LINKS    = 
  CONFIG_COMMANDS = 
  $ ./config.status --file build.sh

on debian

config.status:1020: creating build.sh

## ---------------- ##
## Cache variables. ##
## ---------------- ##

ac_cv_build=i686-pc-linux-gnu
ac_cv_c_compiler_gnu=yes
ac_cv_c_const=yes
ac_cv_dos_paths=no
ac_cv_env_CC_set=
ac_cv_env_CC_value=
ac_cv_env_CFLAGS_set=
ac_cv_env_CFLAGS_value=
ac_cv_env_CPPFLAGS_set=
ac_cv_env_CPPFLAGS_value=
ac_cv_env_CPP_set=
ac_cv_env_CPP_value=
ac_cv_env_GUILE_CFLAGS_set=
ac_cv_env_GUILE_CFLAGS_value=
ac_cv_env_GUILE_LIBS_set=
ac_cv_env_GUILE_LIBS_value=
ac_cv_env_LDFLAGS_set=
ac_cv_env_LDFLAGS_value=
ac_cv_env_LIBS_set=
ac_cv_env_LIBS_value=
ac_cv_env_PKG_CONFIG_LIBDIR_set=
ac_cv_env_PKG_CONFIG_LIBDIR_value=
ac_cv_env_PKG_CONFIG_PATH_set=
ac_cv_env_PKG_CONFIG_PATH_value=
ac_cv_env_PKG_CONFIG_set=
ac_cv_env_PKG_CONFIG_value=
ac_cv_env_build_alias_set=
ac_cv_env_build_alias_value=
ac_cv_env_host_alias_set=
ac_cv_env_host_alias_value=
ac_cv_env_target_alias_set=
ac_cv_env_target_alias_value=
ac_cv_func_alloca_works=yes
ac_cv_func_atexit=yes
ac_cv_func_closedir_void=no
ac_cv_func_dup2=yes
ac_cv_func_dup=yes
ac_cv_func_fdopen=yes
ac_cv_func_fileno=yes
ac_cv_func_getcwd=yes
ac_cv_func_getgroups=yes
ac_cv_func_getloadavg=yes
ac_cv_func_getloadavg_setgid=no
ac_cv_func_getrlimit=yes
ac_cv_func_gettimeofday=yes
ac_cv_func_isatty=yes
ac_cv_func_lstat=yes
ac_cv_func_mkstemp=yes
ac_cv_func_mktemp=yes
ac_cv_func_pipe=yes
ac_cv_func_pstat_getdynamic=no
ac_cv_func_readlink=yes
ac_cv_func_realpath=yes
ac_cv_func_setegid=yes
ac_cv_func_seteuid=yes
ac_cv_func_setlinebuf=yes
ac_cv_func_setregid=yes
ac_cv_func_setreuid=yes
ac_cv_func_setrlimit=yes
ac_cv_func_setvbuf=yes
ac_cv_func_setvbuf_reversed=no
ac_cv_func_sigaction=yes
ac_cv_func_sigsetmask=yes
ac_cv_func_strcasecmp=yes
ac_cv_func_strcmpi=no
ac_cv_func_strcoll_works=yes
ac_cv_func_strdup=yes
ac_cv_func_strerror=yes
ac_cv_func_stricmp=no
ac_cv_func_strncasecmp=yes
ac_cv_func_strncmpi=no
ac_cv_func_strndup=yes
ac_cv_func_strnicmp=no
ac_cv_func_strsignal=yes
ac_cv_func_ttyname=yes
ac_cv_func_wait3=yes
ac_cv_func_waitpid=yes
ac_cv_have_decl___sys_siglist=no
ac_cv_have_decl__sys_siglist=yes
ac_cv_have_decl_bsd_signal=yes
ac_cv_have_decl_dlerror=yes
ac_cv_have_decl_dlopen=yes
ac_cv_have_decl_dlsym=yes
ac_cv_have_decl_sys_siglist=yes
ac_cv_header_dirent_dirent_h=yes
ac_cv_header_fcntl_h=yes
ac_cv_header_inttypes_h=yes
ac_cv_header_limits_h=yes
ac_cv_header_locale_h=yes
ac_cv_header_memory_h=yes
ac_cv_header_minix_config_h=no
ac_cv_header_stat_broken=no
ac_cv_header_stdc=yes
ac_cv_header_stdint_h=yes
ac_cv_header_stdlib_h=yes
ac_cv_header_string_h=yes
ac_cv_header_strings_h=yes
ac_cv_header_sys_param_h=yes
ac_cv_header_sys_resource_h=yes
ac_cv_header_sys_stat_h=yes
ac_cv_header_sys_time_h=yes
ac_cv_header_sys_timeb_h=yes
ac_cv_header_sys_types_h=yes
ac_cv_header_sys_wait_h=yes
ac_cv_header_time=yes
ac_cv_header_unistd_h=yes
ac_cv_host=i686-pc-linux-gnu
ac_cv_lib_kstat_kstat_open=no
ac_cv_objext=o
ac_cv_path_EGREP='/bin/grep -E'
ac_cv_path_GMSGFMT=:
ac_cv_path_GREP=/bin/grep
ac_cv_path_MSGFMT=:
ac_cv_path_MSGMERGE=:
ac_cv_path_XGETTEXT=:
ac_cv_path_ac_pt_PKG_CONFIG=/usr/bin/pkg-config
ac_cv_path_install='/usr/bin/install -c'
ac_cv_path_mkdir=/bin/mkdir
ac_cv_prog_AR=ar
ac_cv_prog_AWK=mawk
ac_cv_prog_CPP='gcc -E'
ac_cv_prog_PERL=perl
ac_cv_prog_ac_ct_CC=gcc
ac_cv_prog_ac_ct_RANLIB=ranlib
ac_cv_prog_cc_c89=
ac_cv_prog_cc_g=yes
ac_cv_prog_make_make_set=yes
ac_cv_safe_to_define___extensions__=yes
ac_cv_search_clock_gettime='none required'
ac_cv_search_getpwnam='none required'
ac_cv_search_opendir='none required'
ac_cv_search_strerror='none required'
ac_cv_struct_st_mtim_nsec=st_mtim.tv_nsec
ac_cv_sys_file_offset_bits=64
ac_cv_sys_largefile_CC=no
ac_cv_type_pid_t=yes
ac_cv_type_signal=void
ac_cv_type_size_t=yes
ac_cv_type_uid_t=yes
ac_cv_type_uintmax_t=yes
ac_cv_working_alloca_h=yes
acl_cv_hardcode_direct=no
acl_cv_hardcode_libdir_flag_spec='${wl}-rpath ${wl}$libdir'
acl_cv_hardcode_libdir_separator=
acl_cv_hardcode_minus_L=no
acl_cv_libext=a
acl_cv_libname_spec='lib$name'
acl_cv_library_names_spec='$libname$shrext'
acl_cv_path_LD=/usr/bin/ld
acl_cv_prog_gnu_ld=yes
acl_cv_rpath=done
acl_cv_shlibext=so
acl_cv_wl=-Wl,
am_cv_CC_dependencies_compiler_type=gcc3
am_cv_ar_interface=ar
am_cv_make_support_nested_variables=yes
am_cv_prog_cc_c_o=yes
gt_cv_func_CFLocaleCopyCurrent=no
gt_cv_func_CFPreferencesCopyAppValue=no
make_cv_file_timestamp_hi_res=yes
make_cv_job_server=no
make_cv_load=no
make_cv_path_sccs_get=get
make_cv_sa_restart=yes
make_cv_sys_gnu_glob=yes
make_cv_union_wait=no

## ----------------- ##
## Output variables. ##
## ----------------- ##

ACLOCAL='${SHELL} /home/retrobsd/mawk-port/litebsd/ports/devel/make-4.1/config/missing aclocal-1.14'
ALLOCA=''
AMDEPBACKSLASH='\'
AMDEP_FALSE='#'
AMDEP_TRUE=''
AMTAR='$${TAR-tar}'
AM_BACKSLASH='\'
AM_DEFAULT_V='$(AM_DEFAULT_VERBOSITY)'
AM_DEFAULT_VERBOSITY='1'
AM_LDFLAGS=''
AM_V='$(V)'
AR='ar'
AUTOCONF='${SHELL} /home/retrobsd/mawk-port/litebsd/ports/devel/make-4.1/config/missing autoconf'
AUTOHEADER='${SHELL} /home/retrobsd/mawk-port/litebsd/ports/devel/make-4.1/config/missing autoheader'
AUTOMAKE='${SHELL} /home/retrobsd/mawk-port/litebsd/ports/devel/make-4.1/config/missing automake-1.14'
AWK='mawk'
CC='gcc'
CCDEPMODE='depmode=gcc3'
CFLAGS='-g -O2'
CPP='gcc -E'
CPPFLAGS=''
CYGPATH_W='echo'
DEFS='-DHAVE_CONFIG_H'
DEPDIR='.deps'
ECHO_C=''
ECHO_N='-n'
ECHO_T=''
EGREP='/bin/grep -E'
EXEEXT=''
GETLOADAVG_LIBS=''
GETTEXT_MACRO_VERSION='0.18'
GLOBINC=''
GLOBLIB=''
GMSGFMT=':'
GMSGFMT_015=':'
GREP='/bin/grep'
GUILE_CFLAGS=''
GUILE_LIBS=''
HAVE_GUILE_FALSE=''
HAVE_GUILE_TRUE='#'
INSTALL_DATA='${INSTALL} -m 644'
INSTALL_PROGRAM='${INSTALL}'
INSTALL_SCRIPT='${INSTALL}'
INSTALL_STRIP_PROGRAM='$(install_sh) -c -s'
INTLLIBS=''
INTL_MACOSX_LIBS=''
KMEM_GROUP=''
LDFLAGS=''
LIBICONV='-liconv'
LIBINTL=''
LIBOBJS=''
LIBS=''
LTLIBICONV='-liconv'
LTLIBINTL=''
LTLIBOBJS=''
MAKEINFO='${SHELL} /home/retrobsd/mawk-port/litebsd/ports/devel/make-4.1/config/missing makeinfo'
MAKE_HOST='i686-pc-linux-gnu'
MKDIR_P='/bin/mkdir -p'
MSGFMT=':'
MSGFMT_015=':'
MSGMERGE=':'
NEED_SETGID='false'
OBJEXT='o'
PACKAGE='make'
PACKAGE_BUGREPORT='bug-make@gnu.org'
PACKAGE_NAME='GNU make'
PACKAGE_STRING='GNU make 4.1'
PACKAGE_TARNAME='make'
PACKAGE_URL='http://www.gnu.org/software/make/'
PACKAGE_VERSION='4.1'
PATH_SEPARATOR=':'
PERL='perl'
PKG_CONFIG='/usr/bin/pkg-config'
PKG_CONFIG_LIBDIR=''
PKG_CONFIG_PATH=''
POSUB=''
RANLIB='ranlib'
REMOTE='stub'
SET_MAKE=''
SHELL='/bin/bash'
STRIP=''
USE_CUSTOMS_FALSE=''
USE_CUSTOMS_TRUE='#'
USE_LOCAL_GLOB_FALSE=''
USE_LOCAL_GLOB_TRUE='#'
USE_NLS='no'
VERSION='4.1'
WINDOWSENV_FALSE=''
WINDOWSENV_TRUE='#'
XGETTEXT=':'
XGETTEXT_015=':'
XGETTEXT_EXTRA_OPTIONS=''
ac_ct_AR=''
ac_ct_CC='gcc'
am__EXEEXT_FALSE=''
am__EXEEXT_TRUE='#'
am__fastdepCC_FALSE='#'
am__fastdepCC_TRUE=''
am__include='include'
am__isrc=''
am__leading_dot='.'
am__nodep='_no'
am__quote=''
am__tar='$${TAR-tar} chof - "$$tardir"'
am__untar='$${TAR-tar} xf -'
bindir='${exec_prefix}/bin'
build='i686-pc-linux-gnu'
build_alias=''
build_cpu='i686'
build_os='linux-gnu'
build_vendor='pc'
datadir='${datarootdir}'
datarootdir='${prefix}/share'
docdir='${datarootdir}/doc/${PACKAGE_TARNAME}'
dvidir='${docdir}'
exec_prefix='${prefix}'
host='i686-pc-linux-gnu'
host_alias=''
host_cpu='i686'
host_os='linux-gnu'
host_vendor='pc'
htmldir='${docdir}'
includedir='${prefix}/include'
infodir='${datarootdir}/info'
install_sh='${SHELL} /home/retrobsd/mawk-port/litebsd/ports/devel/make-4.1/config/install-sh'
libdir='${exec_prefix}/lib'
libexecdir='${exec_prefix}/libexec'
localedir='${datarootdir}/locale'
localstatedir='${prefix}/var'
mandir='${datarootdir}/man'
mkdir_p='/bin/mkdir -p'
oldincludedir='/usr/include'
pdfdir='${docdir}'
prefix='/usr/local'
program_transform_name='s,x,x,'
psdir='${docdir}'
sbindir='${exec_prefix}/sbin'
sharedstatedir='${prefix}/com'
sysconfdir='${prefix}/etc'
target_alias=''

## ------------------- ##
## File substitutions. ##
## ------------------- ##

MAINT_MAKEFILE='/dev/null'

## ----------- ##
## confdefs.h. ##
## ----------- ##

/* confdefs.h */
#define PACKAGE_NAME "GNU make"
#define PACKAGE_TARNAME "make"
#define PACKAGE_VERSION "4.1"
#define PACKAGE_STRING "GNU make 4.1"
#define PACKAGE_BUGREPORT "bug-make@gnu.org"
#define PACKAGE_URL "http://www.gnu.org/software/make/"
#define PACKAGE "make"
#define VERSION "4.1"
#define STDC_HEADERS 1
#define HAVE_SYS_TYPES_H 1
#define HAVE_SYS_STAT_H 1
#define HAVE_STDLIB_H 1
#define HAVE_STRING_H 1
#define HAVE_MEMORY_H 1
#define HAVE_STRINGS_H 1
#define HAVE_INTTYPES_H 1
#define HAVE_STDINT_H 1
#define HAVE_UNISTD_H 1
#define __EXTENSIONS__ 1
#define _ALL_SOURCE 1
#define _GNU_SOURCE 1
#define _POSIX_PTHREAD_SEMANTICS 1
#define _TANDEM_SOURCE 1
#define _FILE_OFFSET_BITS 64
#define STDC_HEADERS 1
#define HAVE_DIRENT_H 1
#define TIME_WITH_SYS_TIME 1
#define HAVE_STDLIB_H 1
#define HAVE_LOCALE_H 1
#define HAVE_UNISTD_H 1
#define HAVE_LIMITS_H 1
#define HAVE_FCNTL_H 1
#define HAVE_STRING_H 1
#define HAVE_MEMORY_H 1
#define HAVE_SYS_PARAM_H 1
#define HAVE_SYS_RESOURCE_H 1
#define HAVE_SYS_TIME_H 1
#define HAVE_SYS_TIMEB_H 1
#define RETSIGTYPE void
#define ST_MTIM_NSEC st_mtim.tv_nsec
#define FILE_TIMESTAMP_HI_RES 1
#define HAVE_CLOCK_GETTIME 1
#define HAVE_GETTIMEOFDAY 1
#define HAVE_STRDUP 1
#define HAVE_STRNDUP 1
#define HAVE_MKSTEMP 1
#define HAVE_MKTEMP 1
#define HAVE_FDOPEN 1
#define HAVE_FILENO 1
#define HAVE_DUP 1
#define HAVE_DUP2 1
#define HAVE_GETCWD 1
#define HAVE_REALPATH 1
#define HAVE_SIGSETMASK 1
#define HAVE_SIGACTION 1
#define HAVE_GETGROUPS 1
#define HAVE_SETEUID 1
#define HAVE_SETEGID 1
#define HAVE_SETLINEBUF 1
#define HAVE_SETREUID 1
#define HAVE_SETREGID 1
#define HAVE_GETRLIMIT 1
#define HAVE_SETRLIMIT 1
#define HAVE_SETVBUF 1
#define HAVE_PIPE 1
#define HAVE_STRERROR 1
#define HAVE_STRSIGNAL 1
#define HAVE_LSTAT 1
#define HAVE_READLINK 1
#define HAVE_ATEXIT 1
#define HAVE_ISATTY 1
#define HAVE_TTYNAME 1
#define HAVE_DECL_BSD_SIGNAL 1
#define HAVE_STRCASECMP 1
#define HAVE_STRNCASECMP 1
#define HAVE_STRCOLL 1
#define HAVE_ALLOCA_H 1
#define HAVE_ALLOCA 1
#define HAVE_GETLOADAVG 1
#define HAVE_DECL_SYS_SIGLIST 1
#define HAVE_DECL__SYS_SIGLIST 1
#define HAVE_DECL___SYS_SIGLIST 0
#define HAVE_SYS_WAIT_H 1
#define HAVE_WAITPID 1
#define HAVE_WAIT3 1
#define HAVE_SA_RESTART 1
#define HAVE_DECL_DLOPEN 1
#define HAVE_DECL_DLSYM 1
#define HAVE_DECL_DLERROR 1
#define MAKE_SYMLINKS 1
#define SCCS_GET "get"
#define MAKE_HOST "i686-pc-linux-gnu"
#define PATH_SEPARATOR_CHAR ':'

configure: exit 0
