This file contains any messages produced by compilers while
running configure, to aid debugging if configure makes a mistake.

It was created by configure, which was
generated by GNU Autoconf 2.52.20141204.  Invocation command line was

  $ ./configure 

## ---------- ##
## Platform.  ##
## ---------- ##

hostname = debian
uname -m = i686
uname -r = 3.16.0-4-686-pae
uname -s = Linux
uname -v = #1 SMP Debian 3.16.7-ckt20-1+deb8u1 (2015-12-14)

/usr/bin/uname -p = unknown
/bin/uname -X     = unknown

/bin/arch              = unknown
/usr/bin/arch -k       = unknown
/usr/convex/getsysinfo = unknown
hostinfo               = unknown
/bin/machine           = unknown
/usr/bin/oslevel       = unknown
/bin/universe          = unknown

PATH = /usr/local/mipsel-elf/bin:/usr/local/bin:/usr/bin:/bin:/usr/local/games:/usr/games

## ------------ ##
## Core tests.  ##
## ------------ ##

configure:958: PATH=".;."; conftest.sh
./configure: 959: ./configure: conftest.sh: not found
configure:961: $? = 127
configure:1003: checking build system type
configure:1021: result: i686-pc-linux-gnu
configure:1029: checking host system type
configure:1043: result: i686-pc-linux-gnu
configure:1069: result: Configuring for linux-gnu
configure:1137: checking for gcc
configure:1152: found /usr/bin/gcc
configure:1160: result: gcc
configure:1388: checking for C compiler version
configure:1391: gcc --version </dev/null >&5
gcc (Debian 4.9.2-10) 4.9.2
Copyright (C) 2014 Free Software Foundation, Inc.
This is free software; see the source for copying conditions.  There is NO
warranty; not even for MERCHANTABILITY or FITNESS FOR A PARTICULAR PURPOSE.

configure:1394: $? = 0
configure:1396: gcc -v </dev/null >&5
Using built-in specs.
COLLECT_GCC=gcc
COLLECT_LTO_WRAPPER=/usr/lib/gcc/i586-linux-gnu/4.9/lto-wrapper
Target: i586-linux-gnu
Configured with: ../src/configure -v --with-pkgversion='Debian 4.9.2-10' --with-bugurl=file:///usr/share/doc/gcc-4.9/README.Bugs --enable-languages=c,c++,java,go,d,fortran,objc,obj-c++ --prefix=/usr --program-suffix=-4.9 --enable-shared --enable-linker-build-id --libexecdir=/usr/lib --without-included-gettext --enable-threads=posix --with-gxx-include-dir=/usr/include/c++/4.9 --libdir=/usr/lib --enable-nls --with-sysroot=/ --enable-clocale=gnu --enable-libstdcxx-debug --enable-libstdcxx-time=yes --enable-gnu-unique-object --disable-vtable-verify --enable-plugin --with-system-zlib --disable-browser-plugin --enable-java-awt=gtk --enable-gtk-cairo --with-java-home=/usr/lib/jvm/java-1.5.0-gcj-4.9-i386/jre --enable-java-home --with-jvm-root-dir=/usr/lib/jvm/java-1.5.0-gcj-4.9-i386 --with-jvm-jar-dir=/usr/lib/jvm-exports/java-1.5.0-gcj-4.9-i386 --with-arch-directory=i386 --with-ecj-jar=/usr/share/java/eclipse-ecj.jar --enable-objc-gc --enable-targets=all --enable-multiarch --with-arch-32=i586 --with-multilib-list=m32,m64,mx32 --enable-multilib --with-tune=generic --enable-checking=release --build=i586-linux-gnu --host=i586-linux-gnu --target=i586-linux-gnu
Thread model: posix
gcc version 4.9.2 (Debian 4.9.2-10) 
configure:1399: $? = 0
configure:1401: gcc -V </dev/null >&5
gcc: error: unrecognized command line option '-V'
gcc: fatal error: no input files
compilation terminated.
configure:1404: $? = 4
configure:1424: checking for C compiler default output
configure:1427: gcc    conftest.c  >&5
configure:1430: $? = 0
configure:1459: result: a.out
configure:1464: checking whether the C compiler works
configure:1470: ./a.out
configure:1473: $? = 0
configure:1488: result: yes
configure:1495: checking whether we are cross compiling
configure:1497: result: no
configure:1500: checking for executable suffix
configure:1502: gcc -o conftest    conftest.c  >&5
configure:1505: $? = 0
configure:1527: result: 
configure:1533: checking for object suffix
configure:1551: gcc -c   conftest.c >&5
configure:1554: $? = 0
configure:1573: result: o
configure:1577: checking whether we are using the GNU C compiler
configure:1598: gcc -c   conftest.c >&5
configure:1601: $? = 0
configure:1604: test -s conftest.o
configure:1607: $? = 0
configure:1619: result: yes
configure:1625: checking whether gcc accepts -g
configure:1643: gcc -c -g  conftest.c >&5
configure:1646: $? = 0
configure:1649: test -s conftest.o
configure:1652: $? = 0
configure:1662: result: yes
configure:1689: gcc -c -g -O2  conftest.c >&5
conftest.c:2:3: error: unknown type name 'choke'
   choke me
   ^
conftest.c:2:3: error: expected '=', ',', ';', 'asm' or '__attribute__' at end of input
configure:1692: $? = 1
configure: failed program was:
#ifndef __cplusplus
  choke me
#endif
configure:1793: checking version of gcc
configure:1797: result: 4.9.2
configure:1801: checking for gcc option to accept ANSI C
configure:1858: gcc  -c -g -O2  conftest.c >&5
configure:1861: $? = 0
configure:1864: test -s conftest.o
configure:1867: $? = 0
configure:1884: result: none needed
configure:1895: checking $CC variable
configure:1987: result: ok
configure:1992: checking whether make sets ${MAKE}
configure:2012: result: yes
configure:2021: checking for makeflags variable
configure:2055: result: 
configure:2064: checking how to run the C preprocessor
configure:2090: gcc -E  conftest.c
configure:2096: $? = 0
configure:2123: gcc -E  conftest.c
configure:2120:28: fatal error: ac_nonexistent.h: No such file or directory
 #include "confdefs.h"
                            ^
compilation terminated.
configure:2129: $? = 1
configure: failed program was:
#line 2119 "configure"
#include "confdefs.h"
#include <ac_nonexistent.h>
configure:2166: result: gcc -E
configure:2181: gcc -E  conftest.c
configure:2187: $? = 0
configure:2214: gcc -E  conftest.c
configure:2211:28: fatal error: ac_nonexistent.h: No such file or directory
 #include "confdefs.h"
                            ^
compilation terminated.
configure:2220: $? = 1
configure: failed program was:
#line 2210 "configure"
#include "confdefs.h"
#include <ac_nonexistent.h>
configure:2272: checking for a BSD compatible install
configure:2321: result: /usr/bin/install -c
configure:2473: checking for log in -lm
configure:2500: gcc -o conftest -g -O2   conftest.c -lm   >&5
configure:2489:6: warning: conflicting types for built-in function 'log'
    builtin and then its argument prototype would still apply.  */
      ^
configure:2503: $? = 0
configure:2506: test -s conftest
configure:2509: $? = 0
configure:2520: result: yes
configure:2599: checking if you want to see long compiling messages
configure:2633: result: yes
configure:2638: checking if you want to turn on gcc warnings
configure:2655: result: no
configure:3012: checking for groff
configure:3029: found /usr/bin/groff
configure:3041: result: /usr/bin/groff
configure:3057: checking for program to convert manpage to html
configure:3116: result: /usr/bin/groff
configure:3257: checking if you want to use mawk's own regular-expressions engine
configure:3271: result: yes
configure:3689: checking if you want to use mawk's own srand/rand functions
configure:3709: result: no
configure:3714: checking for random-integer functions
configure:3753: gcc -o conftest -g -O2  -DLOCAL_REGEXP  conftest.c -lm  >&5
/tmp/ccfOO0tM.o: In function `main':
/home/retrobsd/mawk-port/litebsd/ports/lang/mawk/configure:3746: undefined reference to `arc4random_push'
/home/retrobsd/mawk-port/litebsd/ports/lang/mawk/configure:3746: undefined reference to `arc4random'
collect2: error: ld returned 1 exit status
configure:3756: $? = 1
configure: failed program was:
#line 3734 "configure"
#include "confdefs.h"

#ifdef HAVE_STDLIB_H
#include <stdlib.h>
#endif
#ifdef HAVE_LIMITS_H
#include <limits.h>
#endif

int
main ()
{
long seed = 1; arc4random_push(seed); seed = arc4random()
  ;
  return 0;
}
configure:3753: gcc -o conftest -g -O2  -DLOCAL_REGEXP  conftest.c -lm  >&5
/tmp/cc9vad6S.o: In function `main':
/home/retrobsd/mawk-port/litebsd/ports/lang/mawk/configure:3746: undefined reference to `arc4random'
collect2: error: ld returned 1 exit status
configure:3756: $? = 1
configure: failed program was:
#line 3734 "configure"
#include "confdefs.h"

#ifdef HAVE_STDLIB_H
#include <stdlib.h>
#endif
#ifdef HAVE_LIMITS_H
#include <limits.h>
#endif

int
main ()
{
long seed = 1; (void)(seed); seed = arc4random()
  ;
  return 0;
}
configure:3753: gcc -o conftest -g -O2  -DLOCAL_REGEXP  conftest.c -lm  >&5
configure:3756: $? = 0
configure:3759: test -s conftest
configure:3762: $? = 0
configure:3774: result: srandom/random
configure:3777: checking for range of random-integers
configure:3817: gcc -c -g -O2  -DLOCAL_REGEXP conftest.c >&5
configure: In function 'main':
configure:3810:10: error: 'INT_MAX' undeclared (first use in this function)
 {
          ^
configure:3810:10: note: each undeclared identifier is reported only once for each function it appears in
configure:3820: $? = 1
configure: failed program was:
#line 3798 "configure"
#include "confdefs.h"

#ifdef HAVE_STDLIB_H
#include <stdlib.h>
#endif
#ifdef HAVE_LIMITS_H
#include <limits.h>
#endif

int
main ()
{
long x = INT_MAX
  ;
  return 0;
}
configure:3837: result: (1L<<31)-1
configure:4028: checking if you want mawk to initialize random numbers at startup
configure:4050: result: yes
configure:4059: checking for bison
configure:4074: found /usr/bin/bison
configure:4082: result: bison -y
configure:4097: checking for tdlint
configure:4123: result: no
configure:4097: checking for lint
configure:4123: result: no
configure:4097: checking for alint
configure:4123: result: no
configure:4097: checking for splint
configure:4123: result: no
configure:4097: checking for lclint
configure:4123: result: no
configure:4130: checking if filesystem supports mixed-case filenames
configure:4157: result: yes
configure:4168: checking for exctags
configure:4194: result: no
configure:4168: checking for ctags
configure:4183: found /usr/bin/ctags
configure:4191: result: ctags
configure:4205: checking for exetags
configure:4231: result: no
configure:4205: checking for etags
configure:4220: found /usr/bin/etags
configure:4228: result: etags
configure:4240: checking for ctags
configure:4255: found /usr/bin/ctags
configure:4264: result: yes
configure:4274: checking for etags
configure:4289: found /usr/bin/etags
configure:4298: result: yes
configure:4359: checking if we must define _GNU_SOURCE
configure:4381: gcc -c -g -O2  -DLOCAL_REGEXP conftest.c >&5
configure: In function 'main':
configure:4373:1: error: unknown type name 'make'
 #ifndef _XOPEN_SOURCE
 ^
configure:4373:9: error: expected '=', ',', ';', 'asm' or '__attribute__' before 'error'
 #ifndef _XOPEN_SOURCE
         ^
configure:4384: $? = 1
configure: failed program was:
#line 4366 "configure"
#include "confdefs.h"
#include <sys/types.h>
int
main ()
{

#ifndef _XOPEN_SOURCE
make an error
#endif
  ;
  return 0;
}
configure:4414: gcc -c -g -O2  -DLOCAL_REGEXP -D_GNU_SOURCE conftest.c >&5
configure: In function 'main':
configure:4406:1: error: unknown type name 'make'
 #ifdef _XOPEN_SOURCE
 ^
configure:4406:9: error: expected '=', ',', ';', 'asm' or '__attribute__' before 'error'
 #ifdef _XOPEN_SOURCE
         ^
configure:4417: $? = 1
configure: failed program was:
#line 4399 "configure"
#include "confdefs.h"
#include <sys/types.h>
int
main ()
{

#ifdef _XOPEN_SOURCE
make an error
#endif
  ;
  return 0;
}
configure:4438: result: yes
configure:5232: checking if _XOPEN_SOURCE really is set
configure:5250: gcc -c -g -O2  -DLOCAL_REGEXP -D_GNU_SOURCE conftest.c >&5
configure:5253: $? = 0
configure:5256: test -s conftest.o
configure:5259: $? = 0
configure:5268: result: yes
configure:5288: gcc -c -g -O2  -DLOCAL_REGEXP -D_GNU_SOURCE conftest.c >&5
configure:5291: $? = 0
configure:5294: test -s conftest.o
configure:5297: $? = 0
configure:5505: checking for special C compiler options needed for large files
configure:5579: result: no
configure:5585: checking for _FILE_OFFSET_BITS value needed for large files
configure:5613: gcc -c -g -O2  -DLOCAL_REGEXP -D_GNU_SOURCE conftest.c >&5
configure:5600:3: warning: left shift count >= width of type
 #define LARGE_OFF_T (((off_t) 1 << 62) - 1 + ((off_t) 1 << 62))
   ^
configure:5600:3: warning: left shift count >= width of type
configure:5601:10: warning: left shift count >= width of type
   int off_t_is_large[(LARGE_OFF_T % 2147483629 == 721
          ^
configure:5601:10: warning: left shift count >= width of type
configure:5600:7: error: variably modified 'off_t_is_large' at file scope
 #define LARGE_OFF_T (((off_t) 1 << 62) - 1 + ((off_t) 1 << 62))
       ^
configure:5616: $? = 1
configure: failed program was:
#line 5593 "configure"
#include "confdefs.h"
#include <sys/types.h>
 /* Check that off_t can represent 2**63 - 1 correctly.
    We can't simply define LARGE_OFF_T to be 9223372036854775807,
    since some C++ compilers masquerading as C compilers
    incorrectly reject 9223372036854775807.  */
#define LARGE_OFF_T (((off_t) 1 << 62) - 1 + ((off_t) 1 << 62))
  int off_t_is_large[(LARGE_OFF_T % 2147483629 == 721
		       && LARGE_OFF_T % 2147483647 == 1)
		      ? 1 : -1];
int
main ()
{

  ;
  return 0;
}
configure:5652: gcc -c -g -O2  -DLOCAL_REGEXP -D_GNU_SOURCE conftest.c >&5
configure:5655: $? = 0
configure:5658: test -s conftest.o
configure:5661: $? = 0
configure:5672: result: 64
configure:5682: checking for _LARGE_FILES value needed for large files
configure:5710: gcc -c -g -O2  -DLOCAL_REGEXP -D_GNU_SOURCE conftest.c >&5
configure:5713: $? = 0
configure:5716: test -s conftest.o
configure:5719: $? = 0
configure:5769: result: no
configure:5782: checking for _LARGEFILE_SOURCE value needed for large files
configure:5802: gcc -c -g -O2  -DLOCAL_REGEXP -D_GNU_SOURCE conftest.c >&5
configure:5805: $? = 0
configure:5808: test -s conftest.o
configure:5811: $? = 0
configure:5853: result: no
configure:5867: checking for fseeko
configure:5885: gcc -o conftest -g -O2  -DLOCAL_REGEXP -D_GNU_SOURCE  conftest.c -lm  >&5
configure:5888: $? = 0
configure:5891: test -s conftest
configure:5894: $? = 0
configure:5904: result: yes
configure:5925: checking whether to use struct dirent64
configure:5953: gcc -c -g -O2  -DLOCAL_REGEXP -D_GNU_SOURCE -D_FILE_OFFSET_BITS=64  conftest.c >&5
configure: In function 'main':
configure:5942:28: error: conflicting types for 'readdir'
   /* if transitional largefile support is setup, this is true */
                            ^
In file included from /usr/include/features.h:374:0,
                 from /usr/include/i386-linux-gnu/sys/types.h:25,
                 from configure:5934:
/usr/include/dirent.h:165:23: note: previous declaration of 'readdir' was here
 extern struct dirent *__REDIRECT (readdir, (DIR *__dirp), readdir64)
                       ^
configure:5944:22: warning: initialization from incompatible pointer type
   struct dirent64 *x = readdir((DIR *)0);
                      ^
configure:5945:13: error: invalid operands to binary - (have 'struct dirent64 *' and 'struct dirent *')
   struct dirent *y = readdir((DIR *)0);
             ^
configure:5956: $? = 1
configure: failed program was:
#line 5932 "configure"
#include "confdefs.h"

#include <sys/types.h>
#include <dirent.h>

int
main ()
{

		/* if transitional largefile support is setup, this is true */
		extern struct dirent64 * readdir(DIR *);
		struct dirent64 *x = readdir((DIR *)0);
		struct dirent *y = readdir((DIR *)0);
		int z = x - y;

  ;
  return 0;
}
configure:5973: result: no
configure:5982: checking if you want to use dmalloc for testing
configure:5999: result: no
configure:6194: checking if you want to use dbmalloc for testing
configure:6211: result: no
configure:6406: checking if you want to use valgrind for testing
configure:6423: result: no
configure:6516: checking if you want to perform memory-leak testing
configure:6526: result: no
configure:6541: checking if you want to enable debugging trace
configure:6558: result: no
configure:6580: checking for stddef.h
configure:6590: gcc -E  -DLOCAL_REGEXP -D_GNU_SOURCE -D_FILE_OFFSET_BITS=64  conftest.c
configure:6596: $? = 0
configure:6615: result: yes
configure:6622: checking if size_t is declared in stddef.h
configure:6641: gcc -c -g -O2  -DLOCAL_REGEXP -D_GNU_SOURCE -D_FILE_OFFSET_BITS=64  conftest.c >&5
configure:6644: $? = 0
configure:6647: test -s conftest.o
configure:6650: $? = 0
configure:6660: result: yes
configure:6778: checking for setlocale()
configure:6797: gcc -o conftest -g -O2  -DLOCAL_REGEXP -D_GNU_SOURCE -D_FILE_OFFSET_BITS=64   conftest.c -lm  >&5
configure:6800: $? = 0
configure:6803: test -s conftest
configure:6806: $? = 0
configure:6818: result: yes
configure:6826: checking if external environ is declared
configure:6849: gcc -c -g -O2  -DLOCAL_REGEXP -D_GNU_SOURCE -D_FILE_OFFSET_BITS=64  conftest.c >&5
configure:6852: $? = 0
configure:6855: test -s conftest.o
configure:6858: $? = 0
configure:6869: result: yes
configure:6884: checking if external environ exists
configure:6906: gcc -o conftest -g -O2  -DLOCAL_REGEXP -D_GNU_SOURCE -D_FILE_OFFSET_BITS=64   conftest.c -lm  >&5
configure:6909: $? = 0
configure:6912: test -s conftest
configure:6915: $? = 0
configure:6926: result: yes
configure:6942: checking for fork
configure:6979: gcc -o conftest -g -O2  -DLOCAL_REGEXP -D_GNU_SOURCE -D_FILE_OFFSET_BITS=64   conftest.c -lm  >&5
configure:6958:6: warning: conflicting types for built-in function 'fork'
    builtin and then its argument prototype would still apply.  */
      ^
configure:6982: $? = 0
configure:6985: test -s conftest
configure:6988: $? = 0
configure:6998: result: yes
configure:6942: checking for gettimeofday
configure:6979: gcc -o conftest -g -O2  -DLOCAL_REGEXP -D_GNU_SOURCE -D_FILE_OFFSET_BITS=64   conftest.c -lm  >&5
configure:6982: $? = 0
configure:6985: test -s conftest
configure:6988: $? = 0
configure:6998: result: yes
configure:6942: checking for matherr
configure:6979: gcc -o conftest -g -O2  -DLOCAL_REGEXP -D_GNU_SOURCE -D_FILE_OFFSET_BITS=64   conftest.c -lm  >&5
configure:6982: $? = 0
configure:6985: test -s conftest
configure:6988: $? = 0
configure:6998: result: yes
configure:6942: checking for mktime
configure:6979: gcc -o conftest -g -O2  -DLOCAL_REGEXP -D_GNU_SOURCE -D_FILE_OFFSET_BITS=64   conftest.c -lm  >&5
configure:6982: $? = 0
configure:6985: test -s conftest
configure:6988: $? = 0
configure:6998: result: yes
configure:6942: checking for pipe
configure:6979: gcc -o conftest -g -O2  -DLOCAL_REGEXP -D_GNU_SOURCE -D_FILE_OFFSET_BITS=64   conftest.c -lm  >&5
configure:6982: $? = 0
configure:6985: test -s conftest
configure:6988: $? = 0
configure:6998: result: yes
configure:6942: checking for strftime
configure:6979: gcc -o conftest -g -O2  -DLOCAL_REGEXP -D_GNU_SOURCE -D_FILE_OFFSET_BITS=64   conftest.c -lm  >&5
configure:6958:6: warning: conflicting types for built-in function 'strftime'
    builtin and then its argument prototype would still apply.  */
      ^
configure:6982: $? = 0
configure:6985: test -s conftest
configure:6988: $? = 0
configure:6998: result: yes
configure:6942: checking for tdestroy
configure:6979: gcc -o conftest -g -O2  -DLOCAL_REGEXP -D_GNU_SOURCE -D_FILE_OFFSET_BITS=64   conftest.c -lm  >&5
configure:6982: $? = 0
configure:6985: test -s conftest
configure:6988: $? = 0
configure:6998: result: yes
configure:6942: checking for tsearch
configure:6979: gcc -o conftest -g -O2  -DLOCAL_REGEXP -D_GNU_SOURCE -D_FILE_OFFSET_BITS=64   conftest.c -lm  >&5
configure:6982: $? = 0
configure:6985: test -s conftest
configure:6988: $? = 0
configure:6998: result: yes
configure:6942: checking for wait
configure:6979: gcc -o conftest -g -O2  -DLOCAL_REGEXP -D_GNU_SOURCE -D_FILE_OFFSET_BITS=64   conftest.c -lm  >&5
configure:6982: $? = 0
configure:6985: test -s conftest
configure:6988: $? = 0
configure:6998: result: yes
configure:7027: checking for errno.h
configure:7037: gcc -E  -DLOCAL_REGEXP -D_GNU_SOURCE -D_FILE_OFFSET_BITS=64  conftest.c
configure:7043: $? = 0
configure:7062: result: yes
configure:7027: checking for fcntl.h
configure:7037: gcc -E  -DLOCAL_REGEXP -D_GNU_SOURCE -D_FILE_OFFSET_BITS=64  conftest.c
configure:7043: $? = 0
configure:7062: result: yes
configure:7027: checking for unistd.h
configure:7037: gcc -E  -DLOCAL_REGEXP -D_GNU_SOURCE -D_FILE_OFFSET_BITS=64  conftest.c
configure:7043: $? = 0
configure:7062: result: yes
configure:7027: checking for sys/wait.h
configure:7037: gcc -E  -DLOCAL_REGEXP -D_GNU_SOURCE -D_FILE_OFFSET_BITS=64  conftest.c
configure:7043: $? = 0
configure:7062: result: yes
configure:7072: checking if math.h declares _LIB_VERSION
configure:7092: gcc -o conftest -g -O2  -DLOCAL_REGEXP -D_GNU_SOURCE -D_FILE_OFFSET_BITS=64   conftest.c -lm  >&5
configure:7095: $? = 0
configure:7098: test -s conftest
configure:7101: $? = 0
configure:7112: result: yes
configure:7117: checking if we can update _LIB_VERSION
configure:7137: gcc -o conftest -g -O2  -DLOCAL_REGEXP -D_GNU_SOURCE -D_FILE_OFFSET_BITS=64   conftest.c -lm  >&5
configure:7140: $? = 0
configure:7143: test -s conftest
configure:7146: $? = 0
configure:7157: result: yes
configure:7172: checking for limits.h
configure:7182: gcc -E  -DLOCAL_REGEXP -D_GNU_SOURCE -D_FILE_OFFSET_BITS=64  conftest.c
configure:7188: $? = 0
configure:7207: result: yes
configure:7383: checking for isnan
configure:7420: gcc -o conftest -g -O2  -DLOCAL_REGEXP -D_GNU_SOURCE -D_FILE_OFFSET_BITS=64   conftest.c -lm  >&5
configure:7399:6: warning: conflicting types for built-in function 'isnan'
    builtin and then its argument prototype would still apply.  */
      ^
configure:7423: $? = 0
configure:7426: test -s conftest
configure:7429: $? = 0
configure:7439: result: yes
configure:7383: checking for sigaction
configure:7420: gcc -o conftest -g -O2  -DLOCAL_REGEXP -D_GNU_SOURCE -D_FILE_OFFSET_BITS=64   conftest.c -lm  >&5
configure:7423: $? = 0
configure:7426: test -s conftest
configure:7429: $? = 0
configure:7439: result: yes
configure:7454: checking for siginfo.h
configure:7464: gcc -E  -DLOCAL_REGEXP -D_GNU_SOURCE -D_FILE_OFFSET_BITS=64  conftest.c
configure:7461:21: fatal error: siginfo.h: No such file or directory
 #include "confdefs.h"
                     ^
compilation terminated.
configure:7470: $? = 1
configure: failed program was:
#line 7460 "configure"
#include "confdefs.h"
#include <siginfo.h>
configure:7489: result: no
configure:7501: checking if we should use siginfo
configure:7514: result: no
configure:7517: checking return type of signal handlers
configure:7545: gcc -c -g -O2  -DLOCAL_REGEXP -D_GNU_SOURCE -D_FILE_OFFSET_BITS=64  conftest.c >&5
configure:7548: $? = 0
configure:7551: test -s conftest.o
configure:7554: $? = 0
configure:7564: result: void
configure:7571: checking if we should use sigaction.sa_sigaction
configure:7596: gcc -c -g -O2  -DLOCAL_REGEXP -D_GNU_SOURCE -D_FILE_OFFSET_BITS=64  conftest.c >&5
configure:7599: $? = 0
configure:7602: test -s conftest.o
configure:7605: $? = 0
configure:7616: result: yes
configure:7645: gcc -o conftest -g -O2  -DLOCAL_REGEXP -D_GNU_SOURCE -D_FILE_OFFSET_BITS=64  -I. -DRETSIGTYPE=void -DHAVE_ISNAN -DHAVE_SIGACTION -DHAVE_SIGACTION_SA_SIGACTION  conftest.c -lm -lm  >&5
configure:7648: $? = 0
FPE_CHECK 1:check_fpe_traps
FPE_CHECK status=0
configure:8194: creating ./config.status

## ----------------------- ##
## Running config.status.  ##
## ----------------------- ##

This file was extended by config.status 2.52.20141204, executed with
  CONFIG_FILES    = 
  CONFIG_HEADERS  = 
  CONFIG_LINKS    = 
  CONFIG_COMMANDS = 
  > ./config.status 
on debian

config.status:8672: creating Makefile
config.status:8672: creating man/Makefile
config.status:8825: creating config.h

## ----------------- ##
## Cache variables.  ##
## ----------------- ##

ac_cv_build='i686-pc-linux-gnu'
ac_cv_build_alias='i686-pc-linux-gnu'
ac_cv_c_compiler_gnu='yes'
ac_cv_env_CC_set=''
ac_cv_env_CC_value=''
ac_cv_env_CFLAGS_set=''
ac_cv_env_CFLAGS_value=''
ac_cv_env_CPPFLAGS_set=''
ac_cv_env_CPPFLAGS_value=''
ac_cv_env_CPP_set=''
ac_cv_env_CPP_value=''
ac_cv_env_LDFLAGS_set=''
ac_cv_env_LDFLAGS_value=''
ac_cv_env_build_alias_set=''
ac_cv_env_build_alias_value=''
ac_cv_env_host_alias_set=''
ac_cv_env_host_alias_value=''
ac_cv_env_target_alias_set=''
ac_cv_env_target_alias_value=''
ac_cv_func_fork='yes'
ac_cv_func_fseeko='yes'
ac_cv_func_gettimeofday='yes'
ac_cv_func_isnan='yes'
ac_cv_func_matherr='yes'
ac_cv_func_mktime='yes'
ac_cv_func_pipe='yes'
ac_cv_func_sigaction='yes'
ac_cv_func_strftime='yes'
ac_cv_func_tdestroy='yes'
ac_cv_func_tsearch='yes'
ac_cv_func_wait='yes'
ac_cv_header_errno_h='yes'
ac_cv_header_fcntl_h='yes'
ac_cv_header_limits_h='yes'
ac_cv_header_siginfo_h='no'
ac_cv_header_stddef_h='yes'
ac_cv_header_sys_wait_h='yes'
ac_cv_header_unistd_h='yes'
ac_cv_host='i686-pc-linux-gnu'
ac_cv_host_alias='i686-pc-linux-gnu'
ac_cv_lib_m_log='yes'
ac_cv_objext='o'
ac_cv_path_GROFF_PATH='/usr/bin/groff'
ac_cv_path_install='/usr/bin/install -c'
ac_cv_prog_CPP='gcc -E'
ac_cv_prog_CTAGS='ctags'
ac_cv_prog_ETAGS='etags'
ac_cv_prog_MAKE_LOWER_TAGS='yes'
ac_cv_prog_MAKE_UPPER_TAGS='yes'
ac_cv_prog_YACC='bison -y'
ac_cv_prog_ac_ct_CC='gcc'
ac_cv_prog_cc_g='yes'
ac_cv_prog_cc_stdc=''
ac_cv_prog_make_make_set='yes'
ac_cv_sys_file_offset_bits='64'
ac_cv_sys_large_files='no'
ac_cv_sys_largefile_CC='no'
ac_cv_sys_largefile_source='no'
ac_cv_type_signal='void'
cf_cv_dcl_environ='yes'
cf_cv_get_math_lib_version='yes'
cf_cv_gnu_source='yes'
cf_cv_have_environ='yes'
cf_cv_locale='yes'
cf_cv_makeflags=''
cf_cv_mixedcase='yes'
cf_cv_rand_max='(1L<<31)-1'
cf_cv_set_math_lib_version='yes'
cf_cv_size_t_SIZE_T_STDDEF_H='yes'
cf_cv_srand_func='srandom/random'
cf_cv_struct_dirent64='no'
cf_cv_system_name='linux-gnu'
cf_cv_use_sa_sigaction='yes'
cf_cv_use_sv_siginfo='no'

## ------------ ##
## confdefs.h.  ##
## ------------ ##

#define SYSTEM_NAME "linux-gnu"
#define mawk_srand srandom
#define mawk_rand random
#define MAWK_RAND_MAX (1L<<31)-1
#define NAME_RANDOM "srandom/random"
#define MIXEDCASE_FILENAMES 1
#define _FILE_OFFSET_BITS 64
#define HAVE_FSEEKO 1
#define SIZE_T_STDDEF_H 1
#define LOCALE 1
#define HAVE_ENVIRON 1
#define HAVE_FORK 1
#define HAVE_GETTIMEOFDAY 1
#define HAVE_MATHERR 1
#define HAVE_MKTIME 1
#define HAVE_PIPE 1
#define HAVE_STRFTIME 1
#define HAVE_TDESTROY 1
#define HAVE_TSEARCH 1
#define HAVE_WAIT 1
#define HAVE_REAL_PIPES 1
#define HAVE_ERRNO_H 1
#define HAVE_FCNTL_H 1
#define HAVE_UNISTD_H 1
#define HAVE_SYS_WAIT_H 1
#define HAVE_MATH__LIB_VERSION 1
#define HAVE_ISNAN 1
#define HAVE_SIGACTION 1
#define RETSIGTYPE void
#define HAVE_SIGACTION_SA_SIGACTION 1


configure: exit 0
