This file contains any messages produced by compilers while
running configure, to aid debugging if configure makes a mistake.

It was created by naim configure 0.11.8.3.2, which was
generated by GNU Autoconf 2.61.  Invocation command line was

  $ ./configure --disable-shared --mandir=/usr/local/man --enable-detach --disable-dnsupdate --with-irc-support-channel=#retrobsd

## --------- ##
## Platform. ##
## --------- ##

hostname = debian
uname -m = i686
uname -r = 3.16.0-4-686-pae
uname -s = Linux
uname -v = #1 SMP Debian 3.16.7-ckt20-1+deb8u1 (2015-12-14)

/usr/bin/uname -p = unknown
/bin/uname -X     = unknown

/bin/arch              = unknown
/usr/bin/arch -k       = unknown
/usr/convex/getsysinfo = unknown
/usr/bin/hostinfo      = unknown
/bin/machine           = unknown
/usr/bin/oslevel       = unknown
/bin/universe          = unknown

PATH: /usr/local/toolchain-for-litebsd/bin
PATH: /usr/local/bin
PATH: /usr/bin
PATH: /bin
PATH: /usr/local/games
PATH: /usr/games


## ----------- ##
## Core tests. ##
## ----------- ##

configure:2010: checking for a BSD-compatible install
configure:2066: result: /usr/bin/install -c
configure:2077: checking whether build environment is sane
configure:2120: result: yes
configure:2185: checking for gawk
configure:2215: result: no
configure:2185: checking for mawk
configure:2201: found /usr/bin/mawk
configure:2212: result: mawk
configure:2223: checking whether make sets $(MAKE)
configure:2244: result: yes
configure:2467: checking for gcc
configure:2483: found /usr/bin/gcc
configure:2494: result: gcc
configure:2732: checking for C compiler version
configure:2739: gcc --version >&5
gcc (Debian 4.9.2-10) 4.9.2
Copyright (C) 2014 Free Software Foundation, Inc.
This is free software; see the source for copying conditions.  There is NO
warranty; not even for MERCHANTABILITY or FITNESS FOR A PARTICULAR PURPOSE.

configure:2742: $? = 0
configure:2749: gcc -v >&5
Using built-in specs.
COLLECT_GCC=gcc
COLLECT_LTO_WRAPPER=/usr/lib/gcc/i586-linux-gnu/4.9/lto-wrapper
Target: i586-linux-gnu
Configured with: ../src/configure -v --with-pkgversion='Debian 4.9.2-10' --with-bugurl=file:///usr/share/doc/gcc-4.9/README.Bugs --enable-languages=c,c++,java,go,d,fortran,objc,obj-c++ --prefix=/usr --program-suffix=-4.9 --enable-shared --enable-linker-build-id --libexecdir=/usr/lib --without-included-gettext --enable-threads=posix --with-gxx-include-dir=/usr/include/c++/4.9 --libdir=/usr/lib --enable-nls --with-sysroot=/ --enable-clocale=gnu --enable-libstdcxx-debug --enable-libstdcxx-time=yes --enable-gnu-unique-object --disable-vtable-verify --enable-plugin --with-system-zlib --disable-browser-plugin --enable-java-awt=gtk --enable-gtk-cairo --with-java-home=/usr/lib/jvm/java-1.5.0-gcj-4.9-i386/jre --enable-java-home --with-jvm-root-dir=/usr/lib/jvm/java-1.5.0-gcj-4.9-i386 --with-jvm-jar-dir=/usr/lib/jvm-exports/java-1.5.0-gcj-4.9-i386 --with-arch-directory=i386 --with-ecj-jar=/usr/share/java/eclipse-ecj.jar --enable-objc-gc --enable-targets=all --enable-multiarch --with-arch-32=i586 --with-multilib-list=m32,m64,mx32 --enable-multilib --with-tune=generic --enable-checking=release --build=i586-linux-gnu --host=i586-linux-gnu --target=i586-linux-gnu
Thread model: posix
gcc version 4.9.2 (Debian 4.9.2-10) 
configure:2752: $? = 0
configure:2759: gcc -V >&5
gcc: error: unrecognized command line option '-V'
gcc: fatal error: no input files
compilation terminated.
configure:2762: $? = 4
configure:2785: checking for C compiler default output file name
configure:2812: gcc    conftest.c  >&5
configure:2815: $? = 0
configure:2853: result: a.out
configure:2870: checking whether the C compiler works
configure:2880: ./a.out
configure:2883: $? = 0
configure:2900: result: yes
configure:2907: checking whether we are cross compiling
configure:2909: result: no
configure:2912: checking for suffix of executables
configure:2919: gcc -o conftest    conftest.c  >&5
configure:2922: $? = 0
configure:2946: result: 
configure:2952: checking for suffix of object files
configure:2978: gcc -c   conftest.c >&5
configure:2981: $? = 0
configure:3004: result: o
configure:3008: checking whether we are using the GNU C compiler
configure:3037: gcc -c   conftest.c >&5
configure:3043: $? = 0
configure:3060: result: yes
configure:3065: checking whether gcc accepts -g
configure:3095: gcc -c -g  conftest.c >&5
configure:3101: $? = 0
configure:3200: result: yes
configure:3217: checking for gcc option to accept ISO C89
configure:3291: gcc  -c -g -O2  conftest.c >&5
configure:3297: $? = 0
configure:3320: result: none needed
configure:3339: checking whether gcc and cc understand -c and -o together
configure:3374: gcc -c conftest.c -o conftest2.o >&5
configure:3377: $? = 0
configure:3383: gcc -c conftest.c -o conftest2.o >&5
configure:3386: $? = 0
configure:3397: cc -c conftest.c >&5
configure:3400: $? = 0
configure:3408: cc -c conftest.c -o conftest2.o >&5
configure:3411: $? = 0
configure:3417: cc -c conftest.c -o conftest2.o >&5
configure:3420: $? = 0
configure:3438: result: yes
configure:3469: checking for an ANSI C-conforming const
configure:3544: gcc -c -g -O2  conftest.c >&5
configure:3550: $? = 0
configure:3565: result: yes
configure:3618: checking for ranlib
configure:3634: found /usr/bin/ranlib
configure:3645: result: ranlib
configure:3676: checking how to run the C preprocessor
configure:3716: gcc -E  conftest.c
configure:3722: $? = 0
configure:3753: gcc -E  conftest.c
conftest.c:8:28: fatal error: ac_nonexistent.h: No such file or directory
 #include <ac_nonexistent.h>
                            ^
compilation terminated.
configure:3759: $? = 1
configure: failed program was:
| /* confdefs.h.  */
| #define PACKAGE_NAME "naim"
| #define PACKAGE_TARNAME "naim"
| #define PACKAGE_VERSION "0.11.8.3.2"
| #define PACKAGE_STRING "naim 0.11.8.3.2"
| #define PACKAGE_BUGREPORT "Daniel Reed <n@ml.org>"
| /* end confdefs.h.  */
| #include <ac_nonexistent.h>
configure:3792: result: gcc -E
configure:3821: gcc -E  conftest.c
configure:3827: $? = 0
configure:3858: gcc -E  conftest.c
conftest.c:8:28: fatal error: ac_nonexistent.h: No such file or directory
 #include <ac_nonexistent.h>
                            ^
compilation terminated.
configure:3864: $? = 1
configure: failed program was:
| /* confdefs.h.  */
| #define PACKAGE_NAME "naim"
| #define PACKAGE_TARNAME "naim"
| #define PACKAGE_VERSION "0.11.8.3.2"
| #define PACKAGE_STRING "naim 0.11.8.3.2"
| #define PACKAGE_BUGREPORT "Daniel Reed <n@ml.org>"
| /* end confdefs.h.  */
| #include <ac_nonexistent.h>
configure:3902: checking for grep that handles long lines and -e
configure:3976: result: /bin/grep
configure:3981: checking for egrep
configure:4059: result: /bin/grep -E
configure:4064: checking for ANSI C header files
configure:4094: gcc -c -g -O2  conftest.c >&5
configure:4100: $? = 0
configure:4199: gcc -o conftest -g -O2   conftest.c  >&5
configure:4202: $? = 0
configure:4208: ./conftest
configure:4211: $? = 0
configure:4228: result: yes
configure:4252: checking for sys/types.h
configure:4273: gcc -c -g -O2  conftest.c >&5
configure:4279: $? = 0
configure:4295: result: yes
configure:4252: checking for sys/stat.h
configure:4273: gcc -c -g -O2  conftest.c >&5
configure:4279: $? = 0
configure:4295: result: yes
configure:4252: checking for stdlib.h
configure:4273: gcc -c -g -O2  conftest.c >&5
configure:4279: $? = 0
configure:4295: result: yes
configure:4252: checking for string.h
configure:4273: gcc -c -g -O2  conftest.c >&5
configure:4279: $? = 0
configure:4295: result: yes
configure:4252: checking for memory.h
configure:4273: gcc -c -g -O2  conftest.c >&5
configure:4279: $? = 0
configure:4295: result: yes
configure:4252: checking for strings.h
configure:4273: gcc -c -g -O2  conftest.c >&5
configure:4279: $? = 0
configure:4295: result: yes
configure:4252: checking for inttypes.h
configure:4273: gcc -c -g -O2  conftest.c >&5
configure:4279: $? = 0
configure:4295: result: yes
configure:4252: checking for stdint.h
configure:4273: gcc -c -g -O2  conftest.c >&5
configure:4279: $? = 0
configure:4295: result: yes
configure:4252: checking for unistd.h
configure:4273: gcc -c -g -O2  conftest.c >&5
configure:4279: $? = 0
configure:4295: result: yes
configure:4335: checking for inttypes.h
configure:4341: result: yes
configure:4335: checking for stdint.h
configure:4341: result: yes
configure:4475: checking for uint16_t
configure:4505: gcc -c -g -O2  conftest.c >&5
configure:4511: $? = 0
configure:4526: result: yes
configure:4663: checking for uint32_t
configure:4693: gcc -c -g -O2  conftest.c >&5
configure:4699: $? = 0
configure:4714: result: yes
configure:4857: checking for getuid
configure:4913: gcc -o conftest -g -O2   conftest.c  >&5
configure:4919: $? = 0
configure:4937: result: yes
configure:4857: checking for getpwuid
configure:4913: gcc -o conftest -g -O2   conftest.c  >&5
configure:4919: $? = 0
configure:4937: result: yes
configure:4857: checking for inet_aton
configure:4913: gcc -o conftest -g -O2   conftest.c  >&5
configure:4919: $? = 0
configure:4937: result: yes
configure:5048: checking build system type
configure:5066: result: i686-pc-linux-gnu
configure:5088: checking host system type
configure:5103: result: i686-pc-linux-gnu
configure:5125: checking for a sed that does not truncate output
configure:5181: result: /bin/sed
configure:5195: checking for ld used by gcc
configure:5262: result: /usr/bin/ld
configure:5271: checking if the linker (/usr/bin/ld) is GNU ld
configure:5286: result: yes
configure:5291: checking for /usr/bin/ld option to reload object files
configure:5298: result: -r
configure:5316: checking for BSD-compatible nm
configure:5365: result: /usr/bin/nm -B
configure:5369: checking whether ln -s works
configure:5373: result: yes
configure:5380: checking how to recognize dependent libraries
configure:5566: result: pass_all
configure:6106: checking dlfcn.h usability
configure:6123: gcc -c -g -O2  conftest.c >&5
configure:6129: $? = 0
configure:6143: result: yes
configure:6147: checking dlfcn.h presence
configure:6162: gcc -E  conftest.c
configure:6168: $? = 0
configure:6182: result: yes
configure:6215: checking for dlfcn.h
configure:6223: result: yes
configure:6294: checking for g++
configure:6310: found /usr/bin/g++
configure:6321: result: g++
configure:6352: checking for C++ compiler version
configure:6359: g++ --version >&5
g++ (Debian 4.9.2-10) 4.9.2
Copyright (C) 2014 Free Software Foundation, Inc.
This is free software; see the source for copying conditions.  There is NO
warranty; not even for MERCHANTABILITY or FITNESS FOR A PARTICULAR PURPOSE.

configure:6362: $? = 0
configure:6369: g++ -v >&5
Using built-in specs.
COLLECT_GCC=g++
COLLECT_LTO_WRAPPER=/usr/lib/gcc/i586-linux-gnu/4.9/lto-wrapper
Target: i586-linux-gnu
Configured with: ../src/configure -v --with-pkgversion='Debian 4.9.2-10' --with-bugurl=file:///usr/share/doc/gcc-4.9/README.Bugs --enable-languages=c,c++,java,go,d,fortran,objc,obj-c++ --prefix=/usr --program-suffix=-4.9 --enable-shared --enable-linker-build-id --libexecdir=/usr/lib --without-included-gettext --enable-threads=posix --with-gxx-include-dir=/usr/include/c++/4.9 --libdir=/usr/lib --enable-nls --with-sysroot=/ --enable-clocale=gnu --enable-libstdcxx-debug --enable-libstdcxx-time=yes --enable-gnu-unique-object --disable-vtable-verify --enable-plugin --with-system-zlib --disable-browser-plugin --enable-java-awt=gtk --enable-gtk-cairo --with-java-home=/usr/lib/jvm/java-1.5.0-gcj-4.9-i386/jre --enable-java-home --with-jvm-root-dir=/usr/lib/jvm/java-1.5.0-gcj-4.9-i386 --with-jvm-jar-dir=/usr/lib/jvm-exports/java-1.5.0-gcj-4.9-i386 --with-arch-directory=i386 --with-ecj-jar=/usr/share/java/eclipse-ecj.jar --enable-objc-gc --enable-targets=all --enable-multiarch --with-arch-32=i586 --with-multilib-list=m32,m64,mx32 --enable-multilib --with-tune=generic --enable-checking=release --build=i586-linux-gnu --host=i586-linux-gnu --target=i586-linux-gnu
Thread model: posix
gcc version 4.9.2 (Debian 4.9.2-10) 
configure:6372: $? = 0
configure:6379: g++ -V >&5
g++: error: unrecognized command line option '-V'
g++: fatal error: no input files
compilation terminated.
configure:6382: $? = 4
configure:6385: checking whether we are using the GNU C++ compiler
configure:6414: g++ -c   conftest.cpp >&5
configure:6420: $? = 0
configure:6437: result: yes
configure:6442: checking whether g++ accepts -g
configure:6472: g++ -c -g  conftest.cpp >&5
configure:6478: $? = 0
configure:6577: result: yes
configure:6610: checking how to run the C++ preprocessor
configure:6646: g++ -E  conftest.cpp
configure:6652: $? = 0
configure:6683: g++ -E  conftest.cpp
conftest.cpp:25:28: fatal error: ac_nonexistent.h: No such file or directory
 #include <ac_nonexistent.h>
                            ^
compilation terminated.
configure:6689: $? = 1
configure: failed program was:
| /* confdefs.h.  */
| #define PACKAGE_NAME "naim"
| #define PACKAGE_TARNAME "naim"
| #define PACKAGE_VERSION "0.11.8.3.2"
| #define PACKAGE_STRING "naim 0.11.8.3.2"
| #define PACKAGE_BUGREPORT "Daniel Reed <n@ml.org>"
| #define STDC_HEADERS 1
| #define HAVE_SYS_TYPES_H 1
| #define HAVE_SYS_STAT_H 1
| #define HAVE_STDLIB_H 1
| #define HAVE_STRING_H 1
| #define HAVE_MEMORY_H 1
| #define HAVE_STRINGS_H 1
| #define HAVE_INTTYPES_H 1
| #define HAVE_STDINT_H 1
| #define HAVE_UNISTD_H 1
| #define ENABLE_FT_LILY_CTCPMAGIC 1
| #define HAVE_INTTYPES_H 1
| #define HAVE_STDINT_H 1
| #define HAVE_GETUID 1
| #define HAVE_GETPWUID 1
| #define HAVE_INET_ATON 1
| #define HAVE_DLFCN_H 1
| /* end confdefs.h.  */
| #include <ac_nonexistent.h>
configure:6722: result: g++ -E
configure:6751: g++ -E  conftest.cpp
configure:6757: $? = 0
configure:6788: g++ -E  conftest.cpp
conftest.cpp:25:28: fatal error: ac_nonexistent.h: No such file or directory
 #include <ac_nonexistent.h>
                            ^
compilation terminated.
configure:6794: $? = 1
configure: failed program was:
| /* confdefs.h.  */
| #define PACKAGE_NAME "naim"
| #define PACKAGE_TARNAME "naim"
| #define PACKAGE_VERSION "0.11.8.3.2"
| #define PACKAGE_STRING "naim 0.11.8.3.2"
| #define PACKAGE_BUGREPORT "Daniel Reed <n@ml.org>"
| #define STDC_HEADERS 1
| #define HAVE_SYS_TYPES_H 1
| #define HAVE_SYS_STAT_H 1
| #define HAVE_STDLIB_H 1
| #define HAVE_STRING_H 1
| #define HAVE_MEMORY_H 1
| #define HAVE_STRINGS_H 1
| #define HAVE_INTTYPES_H 1
| #define HAVE_STDINT_H 1
| #define HAVE_UNISTD_H 1
| #define ENABLE_FT_LILY_CTCPMAGIC 1
| #define HAVE_INTTYPES_H 1
| #define HAVE_STDINT_H 1
| #define HAVE_GETUID 1
| #define HAVE_GETPWUID 1
| #define HAVE_INET_ATON 1
| #define HAVE_DLFCN_H 1
| /* end confdefs.h.  */
| #include <ac_nonexistent.h>
configure:6887: checking for g77
configure:6917: result: no
configure:6887: checking for xlf
configure:6917: result: no
configure:6887: checking for f77
configure:6917: result: no
configure:6887: checking for frt
configure:6917: result: no
configure:6887: checking for pgf77
configure:6917: result: no
configure:6887: checking for cf77
configure:6917: result: no
configure:6887: checking for fort77
configure:6917: result: no
configure:6887: checking for fl32
configure:6917: result: no
configure:6887: checking for af77
configure:6917: result: no
configure:6887: checking for xlf90
configure:6917: result: no
configure:6887: checking for f90
configure:6917: result: no
configure:6887: checking for pgf90
configure:6917: result: no
configure:6887: checking for pghpf
configure:6917: result: no
configure:6887: checking for epcf90
configure:6917: result: no
configure:6887: checking for gfortran
configure:6917: result: no
configure:6887: checking for g95
configure:6917: result: no
configure:6887: checking for xlf95
configure:6917: result: no
configure:6887: checking for f95
configure:6917: result: no
configure:6887: checking for fort
configure:6917: result: no
configure:6887: checking for ifort
configure:6917: result: no
configure:6887: checking for ifc
configure:6917: result: no
configure:6887: checking for efc
configure:6917: result: no
configure:6887: checking for pgf95
configure:6917: result: no
configure:6887: checking for lf95
configure:6917: result: no
configure:6887: checking for ftn
configure:6917: result: no
configure:6944: checking for Fortran 77 compiler version
configure:6951:  --version >&5
./configure: line 6952: --version: command not found
configure:6954: $? = 127
configure:6961:  -v >&5
./configure: line 6962: -v: command not found
configure:6964: $? = 127
configure:6971:  -V >&5
./configure: line 6972: -V: command not found
configure:6974: $? = 127
configure:6982: checking whether we are using the GNU Fortran 77 compiler
configure:7001:  -c  conftest.F >&5
./configure: line 7002: -c: command not found
configure:7007: $? = 127
configure: failed program was:
|       program main
| #ifndef __GNUC__
|        choke me
| #endif
| 
|       end
configure:7024: result: no
configure:7030: checking whether  accepts -g
configure:7047:  -c -g conftest.f >&5
./configure: line 7048: -c: command not found
configure:7053: $? = 127
configure: failed program was:
|       program main
| 
|       end
configure:7069: result: no
configure:7099: checking the maximum length of command line arguments
configure:7211: result: 1572864
configure:7223: checking command to parse /usr/bin/nm -B output from gcc object
configure:7328: gcc -c -g -O2  conftest.c >&5
configure:7331: $? = 0
configure:7335: /usr/bin/nm -B conftest.o \| sed -n -e 's/^.*[ 	]\([ABCDGIRSTW][ABCDGIRSTW]*\)[ 	][ 	]*\([_A-Za-z][_A-Za-z0-9]*\)$/\1 \2 \2/p' \> conftest.nm
configure:7338: $? = 0
configure:7390: gcc -o conftest -g -O2   conftest.c conftstm.o >&5
configure:7393: $? = 0
configure:7431: result: ok
configure:7435: checking for objdir
configure:7450: result: .libs
configure:7542: checking for ar
configure:7558: found /usr/bin/ar
configure:7569: result: ar
configure:7638: checking for ranlib
configure:7665: result: ranlib
configure:7734: checking for strip
configure:7750: found /usr/bin/strip
configure:7761: result: strip
configure:8047: checking if gcc supports -fno-rtti -fno-exceptions
configure:8065: gcc -c -g -O2  -fno-rtti -fno-exceptions conftest.c >&5
cc1: warning: command line option '-fno-rtti' is valid for C++/ObjC++ but not for C
configure:8069: $? = 0
configure:8082: result: no
configure:8097: checking for gcc option to produce PIC
configure:8329: result: -fPIC
configure:8337: checking if gcc PIC flag -fPIC works
configure:8355: gcc -c -g -O2  -fPIC -DPIC conftest.c >&5
configure:8359: $? = 0
configure:8372: result: yes
configure:8400: checking if gcc static flag -static works
configure:8428: result: yes
configure:8438: checking if gcc supports -c -o file.o
configure:8459: gcc -c -g -O2  -o out/conftest2.o conftest.c >&5
configure:8463: $? = 0
configure:8485: result: yes
configure:8511: checking whether the gcc linker (/usr/bin/ld) supports shared libraries
configure:9491: result: yes
configure:9558: checking dynamic linker characteristics
configure:10160: result: GNU/Linux ld.so
configure:10169: checking how to hardcode library paths into programs
configure:10194: result: immediate
configure:10208: checking whether stripping libraries is possible
configure:10213: result: yes
configure:10337: checking for shl_load
configure:10393: gcc -o conftest -g -O2   conftest.c  >&5
/tmp/cc9SymhF.o: In function `main':
/home/retrobsd/strip/litebsd/ports/net/naim/conftest.c:59: undefined reference to `shl_load'
collect2: error: ld returned 1 exit status
configure:10399: $? = 1
configure: failed program was:
| /* confdefs.h.  */
| #define PACKAGE_NAME "naim"
| #define PACKAGE_TARNAME "naim"
| #define PACKAGE_VERSION "0.11.8.3.2"
| #define PACKAGE_STRING "naim 0.11.8.3.2"
| #define PACKAGE_BUGREPORT "Daniel Reed <n@ml.org>"
| #define STDC_HEADERS 1
| #define HAVE_SYS_TYPES_H 1
| #define HAVE_SYS_STAT_H 1
| #define HAVE_STDLIB_H 1
| #define HAVE_STRING_H 1
| #define HAVE_MEMORY_H 1
| #define HAVE_STRINGS_H 1
| #define HAVE_INTTYPES_H 1
| #define HAVE_STDINT_H 1
| #define HAVE_UNISTD_H 1
| #define ENABLE_FT_LILY_CTCPMAGIC 1
| #define HAVE_INTTYPES_H 1
| #define HAVE_STDINT_H 1
| #define HAVE_GETUID 1
| #define HAVE_GETPWUID 1
| #define HAVE_INET_ATON 1
| #define HAVE_DLFCN_H 1
| /* end confdefs.h.  */
| /* Define shl_load to an innocuous variant, in case <limits.h> declares shl_load.
|    For example, HP-UX 11i <limits.h> declares gettimeofday.  */
| #define shl_load innocuous_shl_load
| 
| /* System header to define __stub macros and hopefully few prototypes,
|     which can conflict with char shl_load (); below.
|     Prefer <limits.h> to <assert.h> if __STDC__ is defined, since
|     <limits.h> exists even on freestanding compilers.  */
| 
| #ifdef __STDC__
| # include <limits.h>
| #else
| # include <assert.h>
| #endif
| 
| #undef shl_load
| 
| /* Override any GCC internal prototype to avoid an error.
|    Use char because int might match the return type of a GCC
|    builtin and then its argument prototype would still apply.  */
| #ifdef __cplusplus
| extern "C"
| #endif
| char shl_load ();
| /* The GNU C library defines this for functions which it implements
|     to always fail with ENOSYS.  Some functions are actually named
|     something starting with __ and the normal name is an alias.  */
| #if defined __stub_shl_load || defined __stub___shl_load
| choke me
| #endif
| 
| int
| main ()
| {
| return shl_load ();
|   ;
|   return 0;
| }
configure:10416: result: no
configure:10421: checking for shl_load in -ldld
configure:10456: gcc -o conftest -g -O2   conftest.c -ldld   >&5
/usr/bin/ld: cannot find -ldld
collect2: error: ld returned 1 exit status
configure:10462: $? = 1
configure: failed program was:
| /* confdefs.h.  */
| #define PACKAGE_NAME "naim"
| #define PACKAGE_TARNAME "naim"
| #define PACKAGE_VERSION "0.11.8.3.2"
| #define PACKAGE_STRING "naim 0.11.8.3.2"
| #define PACKAGE_BUGREPORT "Daniel Reed <n@ml.org>"
| #define STDC_HEADERS 1
| #define HAVE_SYS_TYPES_H 1
| #define HAVE_SYS_STAT_H 1
| #define HAVE_STDLIB_H 1
| #define HAVE_STRING_H 1
| #define HAVE_MEMORY_H 1
| #define HAVE_STRINGS_H 1
| #define HAVE_INTTYPES_H 1
| #define HAVE_STDINT_H 1
| #define HAVE_UNISTD_H 1
| #define ENABLE_FT_LILY_CTCPMAGIC 1
| #define HAVE_INTTYPES_H 1
| #define HAVE_STDINT_H 1
| #define HAVE_GETUID 1
| #define HAVE_GETPWUID 1
| #define HAVE_INET_ATON 1
| #define HAVE_DLFCN_H 1
| /* end confdefs.h.  */
| 
| /* Override any GCC internal prototype to avoid an error.
|    Use char because int might match the return type of a GCC
|    builtin and then its argument prototype would still apply.  */
| #ifdef __cplusplus
| extern "C"
| #endif
| char shl_load ();
| int
| main ()
| {
| return shl_load ();
|   ;
|   return 0;
| }
configure:10480: result: no
configure:10485: checking for dlopen
configure:10541: gcc -o conftest -g -O2   conftest.c  >&5
/tmp/cc0EfH6R.o: In function `main':
/home/retrobsd/strip/litebsd/ports/net/naim/conftest.c:59: undefined reference to `dlopen'
collect2: error: ld returned 1 exit status
configure:10547: $? = 1
configure: failed program was:
| /* confdefs.h.  */
| #define PACKAGE_NAME "naim"
| #define PACKAGE_TARNAME "naim"
| #define PACKAGE_VERSION "0.11.8.3.2"
| #define PACKAGE_STRING "naim 0.11.8.3.2"
| #define PACKAGE_BUGREPORT "Daniel Reed <n@ml.org>"
| #define STDC_HEADERS 1
| #define HAVE_SYS_TYPES_H 1
| #define HAVE_SYS_STAT_H 1
| #define HAVE_STDLIB_H 1
| #define HAVE_STRING_H 1
| #define HAVE_MEMORY_H 1
| #define HAVE_STRINGS_H 1
| #define HAVE_INTTYPES_H 1
| #define HAVE_STDINT_H 1
| #define HAVE_UNISTD_H 1
| #define ENABLE_FT_LILY_CTCPMAGIC 1
| #define HAVE_INTTYPES_H 1
| #define HAVE_STDINT_H 1
| #define HAVE_GETUID 1
| #define HAVE_GETPWUID 1
| #define HAVE_INET_ATON 1
| #define HAVE_DLFCN_H 1
| /* end confdefs.h.  */
| /* Define dlopen to an innocuous variant, in case <limits.h> declares dlopen.
|    For example, HP-UX 11i <limits.h> declares gettimeofday.  */
| #define dlopen innocuous_dlopen
| 
| /* System header to define __stub macros and hopefully few prototypes,
|     which can conflict with char dlopen (); below.
|     Prefer <limits.h> to <assert.h> if __STDC__ is defined, since
|     <limits.h> exists even on freestanding compilers.  */
| 
| #ifdef __STDC__
| # include <limits.h>
| #else
| # include <assert.h>
| #endif
| 
| #undef dlopen
| 
| /* Override any GCC internal prototype to avoid an error.
|    Use char because int might match the return type of a GCC
|    builtin and then its argument prototype would still apply.  */
| #ifdef __cplusplus
| extern "C"
| #endif
| char dlopen ();
| /* The GNU C library defines this for functions which it implements
|     to always fail with ENOSYS.  Some functions are actually named
|     something starting with __ and the normal name is an alias.  */
| #if defined __stub_dlopen || defined __stub___dlopen
| choke me
| #endif
| 
| int
| main ()
| {
| return dlopen ();
|   ;
|   return 0;
| }
configure:10564: result: no
configure:10569: checking for dlopen in -ldl
configure:10604: gcc -o conftest -g -O2   conftest.c -ldl   >&5
configure:10610: $? = 0
configure:10628: result: yes
configure:10797: checking whether a program can dlopen itself
configure:10871: gcc -o conftest -g -O2  -DHAVE_DLFCN_H  -Wl,--export-dynamic conftest.c -ldl  >&5
configure: In function 'main':
configure:10867:5: warning: incompatible implicit declaration of built-in function 'exit'
 
     ^
configure:10874: $? = 0
configure:10892: result: yes
configure:10897: checking whether a statically linked program can dlopen itself
configure:10971: gcc -o conftest -g -O2  -DHAVE_DLFCN_H  -Wl,--export-dynamic -static conftest.c -ldl  >&5
configure: In function 'main':
configure:10967:5: warning: incompatible implicit declaration of built-in function 'exit'
 
     ^
/tmp/cc22IWg9.o: In function `main':
/home/retrobsd/strip/litebsd/ports/net/naim/configure:10955: warning: Using 'dlopen' in statically linked applications requires at runtime the shared libraries from the glibc version used for linking
configure:10974: $? = 0
configure:10992: result: no
configure:11015: checking if libtool supports shared libraries
configure:11017: result: yes
configure:11020: checking whether to build shared libraries
configure:11041: result: no
configure:11044: checking whether to build static libraries
configure:11048: result: yes
configure:11141: creating libtool
configure:11729: checking for ld used by g++
configure:11796: result: /usr/bin/ld
configure:11805: checking if the linker (/usr/bin/ld) is GNU ld
configure:11820: result: yes
configure:11871: checking whether the g++ linker (/usr/bin/ld) supports shared libraries
configure:12845: result: yes
configure:12863: g++ -c -g -O2  conftest.cpp >&5
configure:12866: $? = 0
configure:13018: checking for g++ option to produce PIC
configure:13302: result: -fPIC
configure:13310: checking if g++ PIC flag -fPIC works
configure:13328: g++ -c -g -O2  -fPIC -DPIC conftest.cpp >&5
configure:13332: $? = 0
configure:13345: result: yes
configure:13373: checking if g++ static flag -static works
configure:13401: result: yes
configure:13411: checking if g++ supports -c -o file.o
configure:13432: g++ -c -g -O2  -o out/conftest2.o conftest.cpp >&5
configure:13436: $? = 0
configure:13458: result: yes
configure:13484: checking whether the g++ linker (/usr/bin/ld) supports shared libraries
configure:13509: result: yes
configure:13576: checking dynamic linker characteristics
configure:14126: result: GNU/Linux ld.so
configure:14135: checking how to hardcode library paths into programs
configure:14160: result: immediate
configure:20347: checking for dirent.h that defines DIR
configure:20376: gcc -c -g -O2  conftest.c >&5
configure:20382: $? = 0
configure:20398: result: yes
configure:20411: checking for library containing opendir
configure:20452: gcc -o conftest -g -O2   conftest.c  >&5
configure:20458: $? = 0
configure:20486: result: none required
configure:20608: checking which extension is used for loadable modules
configure:20618: result: .so
configure:20629: checking which variable specifies run-time library path
configure:20636: result: LD_LIBRARY_PATH
configure:20647: checking for the default library search path
configure:20654: result: /lib /usr/lib /lib/i386-linux-gnu /usr/lib/i386-linux-gnu /lib/i586-linux-gnu /usr/lib/i586-linux-gnu /usr/local/lib /usr/lib/vmware-tools/lib32/libvmGuestLib.so /usr/lib/vmware-tools/lib64/libvmGuestLib.so /usr/lib/vmware-tools/lib32/libvmGuestLibJava.so /usr/lib/vmware-tools/lib64/libvmGuestLibJava.so /usr/lib/vmware-tools/lib32/libDeployPkg.so /usr/lib/vmware-tools/lib64/libDeployPkg.so /lib64 /usr/lib64 /libx32 /usr/libx32 
configure:20672: checking for objdir
configure:20693: result: .libs
configure:20702: checking whether libtool supports -dlopen/-dlpreopen
configure:20714: result: yes
configure:20733: checking for shl_load
configure:20812: result: no
configure:20821: checking for shl_load in -ldld
configure:20880: result: no
configure:20890: checking for dlopen in -ldl
configure:20949: result: yes
configure:21260: checking for dlerror
configure:21316: gcc -o conftest -g -O2   conftest.c  -ldl >&5
configure:21322: $? = 0
configure:21340: result: yes
configure:21360: checking for _ prefix in compiled symbols
configure:21370: gcc -c -g -O2  conftest.c >&5
configure:21373: $? = 0
configure:21377: /usr/bin/nm -B conftest.o \| sed -n -e 's/^.*[ 	]\([ABCDGIRSTW][ABCDGIRSTW]*\)[ 	][ 	]*\([_A-Za-z][_A-Za-z0-9]*\)$/\1 \2 \2/p' \> conftest.nm
configure:21380: $? = 0
configure:21402: result: no
configure:21522: checking whether deplibs are loaded by dlopen
configure:21606: result: yes
configure:21631: checking argz.h usability
configure:21648: gcc -c -g -O2  conftest.c >&5
configure:21654: $? = 0
configure:21668: result: yes
configure:21672: checking argz.h presence
configure:21687: gcc -E  conftest.c
configure:21693: $? = 0
configure:21707: result: yes
configure:21740: checking for argz.h
configure:21748: result: yes
configure:21762: checking for error_t
configure:21795: gcc -c -g -O2  conftest.c >&5
configure:21801: $? = 0
configure:21816: result: yes
configure:21842: checking for argz_append
configure:21898: gcc -o conftest -g -O2   conftest.c  >&5
configure:21904: $? = 0
configure:21922: result: yes
configure:21842: checking for argz_create_sep
configure:21898: gcc -o conftest -g -O2   conftest.c  >&5
configure:21904: $? = 0
configure:21922: result: yes
configure:21842: checking for argz_insert
configure:21898: gcc -o conftest -g -O2   conftest.c  >&5
configure:21904: $? = 0
configure:21922: result: yes
configure:21842: checking for argz_next
configure:21898: gcc -o conftest -g -O2   conftest.c  >&5
configure:21904: $? = 0
configure:21922: result: yes
configure:21842: checking for argz_stringify
configure:21898: gcc -o conftest -g -O2   conftest.c  >&5
configure:21904: $? = 0
configure:21922: result: yes
configure:21974: checking assert.h usability
configure:21991: gcc -c -g -O2  conftest.c >&5
configure:21997: $? = 0
configure:22011: result: yes
configure:22015: checking assert.h presence
configure:22030: gcc -E  conftest.c
configure:22036: $? = 0
configure:22050: result: yes
configure:22083: checking for assert.h
configure:22091: result: yes
configure:21974: checking ctype.h usability
configure:21991: gcc -c -g -O2  conftest.c >&5
configure:21997: $? = 0
configure:22011: result: yes
configure:22015: checking ctype.h presence
configure:22030: gcc -E  conftest.c
configure:22036: $? = 0
configure:22050: result: yes
configure:22083: checking for ctype.h
configure:22091: result: yes
configure:21974: checking errno.h usability
configure:21991: gcc -c -g -O2  conftest.c >&5
configure:21997: $? = 0
configure:22011: result: yes
configure:22015: checking errno.h presence
configure:22030: gcc -E  conftest.c
configure:22036: $? = 0
configure:22050: result: yes
configure:22083: checking for errno.h
configure:22091: result: yes
configure:21974: checking malloc.h usability
configure:21991: gcc -c -g -O2  conftest.c >&5
configure:21997: $? = 0
configure:22011: result: yes
configure:22015: checking malloc.h presence
configure:22030: gcc -E  conftest.c
configure:22036: $? = 0
configure:22050: result: yes
configure:22083: checking for malloc.h
configure:22091: result: yes
configure:21964: checking for memory.h
configure:21970: result: yes
configure:21964: checking for stdlib.h
configure:21970: result: yes
configure:21974: checking stdio.h usability
configure:21991: gcc -c -g -O2  conftest.c >&5
configure:21997: $? = 0
configure:22011: result: yes
configure:22015: checking stdio.h presence
configure:22030: gcc -E  conftest.c
configure:22036: $? = 0
configure:22050: result: yes
configure:22083: checking for stdio.h
configure:22091: result: yes
configure:21964: checking for unistd.h
configure:21970: result: yes
configure:22122: checking dl.h usability
configure:22139: gcc -c -g -O2  conftest.c >&5
conftest.c:81:16: fatal error: dl.h: No such file or directory
 #include <dl.h>
                ^
compilation terminated.
configure:22145: $? = 1
configure: failed program was:
| /* confdefs.h.  */
| #define PACKAGE_NAME "naim"
| #define PACKAGE_TARNAME "naim"
| #define PACKAGE_VERSION "0.11.8.3.2"
| #define PACKAGE_STRING "naim 0.11.8.3.2"
| #define PACKAGE_BUGREPORT "Daniel Reed <n@ml.org>"
| #define STDC_HEADERS 1
| #define HAVE_SYS_TYPES_H 1
| #define HAVE_SYS_STAT_H 1
| #define HAVE_STDLIB_H 1
| #define HAVE_STRING_H 1
| #define HAVE_MEMORY_H 1
| #define HAVE_STRINGS_H 1
| #define HAVE_INTTYPES_H 1
| #define HAVE_STDINT_H 1
| #define HAVE_UNISTD_H 1
| #define ENABLE_FT_LILY_CTCPMAGIC 1
| #define HAVE_INTTYPES_H 1
| #define HAVE_STDINT_H 1
| #define HAVE_GETUID 1
| #define HAVE_GETPWUID 1
| #define HAVE_INET_ATON 1
| #define HAVE_DLFCN_H 1
| #define HAVE_DIRENT_H 1
| #define LTDL_SHLIB_EXT ".so"
| #define LTDL_SHLIBPATH_VAR "LD_LIBRARY_PATH"
| #define LTDL_SYSSEARCHPATH "/lib:/usr/lib:/lib/i386-linux-gnu:/usr/lib/i386-linux-gnu:/lib/i586-linux-gnu:/usr/lib/i586-linux-gnu:/usr/local/lib:/usr/lib/vmware-tools/lib32/libvmGuestLib.so:/usr/lib/vmware-tools/lib64/libvmGuestLib.so:/usr/lib/vmware-tools/lib32/libvmGuestLibJava.so:/usr/lib/vmware-tools/lib64/libvmGuestLibJava.so:/usr/lib/vmware-tools/lib32/libDeployPkg.so:/usr/lib/vmware-tools/lib64/libDeployPkg.so:/lib64:/usr/lib64:/libx32:/usr/libx32"
| #define LTDL_OBJDIR ".libs/"
| #define HAVE_PRELOADED_SYMBOLS 1
| #define HAVE_LIBDL 1
| #define HAVE_DLERROR 1
| #define HAVE_ARGZ_H 1
| #define HAVE_ERROR_T 1
| #define HAVE_ARGZ_APPEND 1
| #define HAVE_ARGZ_CREATE_SEP 1
| #define HAVE_ARGZ_INSERT 1
| #define HAVE_ARGZ_NEXT 1
| #define HAVE_ARGZ_STRINGIFY 1
| #define HAVE_ASSERT_H 1
| #define HAVE_CTYPE_H 1
| #define HAVE_ERRNO_H 1
| #define HAVE_MALLOC_H 1
| #define HAVE_MEMORY_H 1
| #define HAVE_STDLIB_H 1
| #define HAVE_STDIO_H 1
| #define HAVE_UNISTD_H 1
| /* end confdefs.h.  */
| #include <stdio.h>
| #ifdef HAVE_SYS_TYPES_H
| # include <sys/types.h>
| #endif
| #ifdef HAVE_SYS_STAT_H
| # include <sys/stat.h>
| #endif
| #ifdef STDC_HEADERS
| # include <stdlib.h>
| # include <stddef.h>
| #else
| # ifdef HAVE_STDLIB_H
| #  include <stdlib.h>
| # endif
| #endif
| #ifdef HAVE_STRING_H
| # if !defined STDC_HEADERS && defined HAVE_MEMORY_H
| #  include <memory.h>
| # endif
| # include <string.h>
| #endif
| #ifdef HAVE_STRINGS_H
| # include <strings.h>
| #endif
| #ifdef HAVE_INTTYPES_H
| # include <inttypes.h>
| #endif
| #ifdef HAVE_STDINT_H
| # include <stdint.h>
| #endif
| #ifdef HAVE_UNISTD_H
| # include <unistd.h>
| #endif
| #include <dl.h>
configure:22159: result: no
configure:22163: checking dl.h presence
configure:22178: gcc -E  conftest.c
conftest.c:48:16: fatal error: dl.h: No such file or directory
 #include <dl.h>
                ^
compilation terminated.
configure:22184: $? = 1
configure: failed program was:
| /* confdefs.h.  */
| #define PACKAGE_NAME "naim"
| #define PACKAGE_TARNAME "naim"
| #define PACKAGE_VERSION "0.11.8.3.2"
| #define PACKAGE_STRING "naim 0.11.8.3.2"
| #define PACKAGE_BUGREPORT "Daniel Reed <n@ml.org>"
| #define STDC_HEADERS 1
| #define HAVE_SYS_TYPES_H 1
| #define HAVE_SYS_STAT_H 1
| #define HAVE_STDLIB_H 1
| #define HAVE_STRING_H 1
| #define HAVE_MEMORY_H 1
| #define HAVE_STRINGS_H 1
| #define HAVE_INTTYPES_H 1
| #define HAVE_STDINT_H 1
| #define HAVE_UNISTD_H 1
| #define ENABLE_FT_LILY_CTCPMAGIC 1
| #define HAVE_INTTYPES_H 1
| #define HAVE_STDINT_H 1
| #define HAVE_GETUID 1
| #define HAVE_GETPWUID 1
| #define HAVE_INET_ATON 1
| #define HAVE_DLFCN_H 1
| #define HAVE_DIRENT_H 1
| #define LTDL_SHLIB_EXT ".so"
| #define LTDL_SHLIBPATH_VAR "LD_LIBRARY_PATH"
| #define LTDL_SYSSEARCHPATH "/lib:/usr/lib:/lib/i386-linux-gnu:/usr/lib/i386-linux-gnu:/lib/i586-linux-gnu:/usr/lib/i586-linux-gnu:/usr/local/lib:/usr/lib/vmware-tools/lib32/libvmGuestLib.so:/usr/lib/vmware-tools/lib64/libvmGuestLib.so:/usr/lib/vmware-tools/lib32/libvmGuestLibJava.so:/usr/lib/vmware-tools/lib64/libvmGuestLibJava.so:/usr/lib/vmware-tools/lib32/libDeployPkg.so:/usr/lib/vmware-tools/lib64/libDeployPkg.so:/lib64:/usr/lib64:/libx32:/usr/libx32"
| #define LTDL_OBJDIR ".libs/"
| #define HAVE_PRELOADED_SYMBOLS 1
| #define HAVE_LIBDL 1
| #define HAVE_DLERROR 1
| #define HAVE_ARGZ_H 1
| #define HAVE_ERROR_T 1
| #define HAVE_ARGZ_APPEND 1
| #define HAVE_ARGZ_CREATE_SEP 1
| #define HAVE_ARGZ_INSERT 1
| #define HAVE_ARGZ_NEXT 1
| #define HAVE_ARGZ_STRINGIFY 1
| #define HAVE_ASSERT_H 1
| #define HAVE_CTYPE_H 1
| #define HAVE_ERRNO_H 1
| #define HAVE_MALLOC_H 1
| #define HAVE_MEMORY_H 1
| #define HAVE_STDLIB_H 1
| #define HAVE_STDIO_H 1
| #define HAVE_UNISTD_H 1
| /* end confdefs.h.  */
| #include <dl.h>
configure:22198: result: no
configure:22231: checking for dl.h
configure:22239: result: no
configure:22122: checking sys/dl.h usability
configure:22139: gcc -c -g -O2  conftest.c >&5
conftest.c:81:20: fatal error: sys/dl.h: No such file or directory
 #include <sys/dl.h>
                    ^
compilation terminated.
configure:22145: $? = 1
configure: failed program was:
| /* confdefs.h.  */
| #define PACKAGE_NAME "naim"
| #define PACKAGE_TARNAME "naim"
| #define PACKAGE_VERSION "0.11.8.3.2"
| #define PACKAGE_STRING "naim 0.11.8.3.2"
| #define PACKAGE_BUGREPORT "Daniel Reed <n@ml.org>"
| #define STDC_HEADERS 1
| #define HAVE_SYS_TYPES_H 1
| #define HAVE_SYS_STAT_H 1
| #define HAVE_STDLIB_H 1
| #define HAVE_STRING_H 1
| #define HAVE_MEMORY_H 1
| #define HAVE_STRINGS_H 1
| #define HAVE_INTTYPES_H 1
| #define HAVE_STDINT_H 1
| #define HAVE_UNISTD_H 1
| #define ENABLE_FT_LILY_CTCPMAGIC 1
| #define HAVE_INTTYPES_H 1
| #define HAVE_STDINT_H 1
| #define HAVE_GETUID 1
| #define HAVE_GETPWUID 1
| #define HAVE_INET_ATON 1
| #define HAVE_DLFCN_H 1
| #define HAVE_DIRENT_H 1
| #define LTDL_SHLIB_EXT ".so"
| #define LTDL_SHLIBPATH_VAR "LD_LIBRARY_PATH"
| #define LTDL_SYSSEARCHPATH "/lib:/usr/lib:/lib/i386-linux-gnu:/usr/lib/i386-linux-gnu:/lib/i586-linux-gnu:/usr/lib/i586-linux-gnu:/usr/local/lib:/usr/lib/vmware-tools/lib32/libvmGuestLib.so:/usr/lib/vmware-tools/lib64/libvmGuestLib.so:/usr/lib/vmware-tools/lib32/libvmGuestLibJava.so:/usr/lib/vmware-tools/lib64/libvmGuestLibJava.so:/usr/lib/vmware-tools/lib32/libDeployPkg.so:/usr/lib/vmware-tools/lib64/libDeployPkg.so:/lib64:/usr/lib64:/libx32:/usr/libx32"
| #define LTDL_OBJDIR ".libs/"
| #define HAVE_PRELOADED_SYMBOLS 1
| #define HAVE_LIBDL 1
| #define HAVE_DLERROR 1
| #define HAVE_ARGZ_H 1
| #define HAVE_ERROR_T 1
| #define HAVE_ARGZ_APPEND 1
| #define HAVE_ARGZ_CREATE_SEP 1
| #define HAVE_ARGZ_INSERT 1
| #define HAVE_ARGZ_NEXT 1
| #define HAVE_ARGZ_STRINGIFY 1
| #define HAVE_ASSERT_H 1
| #define HAVE_CTYPE_H 1
| #define HAVE_ERRNO_H 1
| #define HAVE_MALLOC_H 1
| #define HAVE_MEMORY_H 1
| #define HAVE_STDLIB_H 1
| #define HAVE_STDIO_H 1
| #define HAVE_UNISTD_H 1
| /* end confdefs.h.  */
| #include <stdio.h>
| #ifdef HAVE_SYS_TYPES_H
| # include <sys/types.h>
| #endif
| #ifdef HAVE_SYS_STAT_H
| # include <sys/stat.h>
| #endif
| #ifdef STDC_HEADERS
| # include <stdlib.h>
| # include <stddef.h>
| #else
| # ifdef HAVE_STDLIB_H
| #  include <stdlib.h>
| # endif
| #endif
| #ifdef HAVE_STRING_H
| # if !defined STDC_HEADERS && defined HAVE_MEMORY_H
| #  include <memory.h>
| # endif
| # include <string.h>
| #endif
| #ifdef HAVE_STRINGS_H
| # include <strings.h>
| #endif
| #ifdef HAVE_INTTYPES_H
| # include <inttypes.h>
| #endif
| #ifdef HAVE_STDINT_H
| # include <stdint.h>
| #endif
| #ifdef HAVE_UNISTD_H
| # include <unistd.h>
| #endif
| #include <sys/dl.h>
configure:22159: result: no
configure:22163: checking sys/dl.h presence
configure:22178: gcc -E  conftest.c
conftest.c:48:20: fatal error: sys/dl.h: No such file or directory
 #include <sys/dl.h>
                    ^
compilation terminated.
configure:22184: $? = 1
configure: failed program was:
| /* confdefs.h.  */
| #define PACKAGE_NAME "naim"
| #define PACKAGE_TARNAME "naim"
| #define PACKAGE_VERSION "0.11.8.3.2"
| #define PACKAGE_STRING "naim 0.11.8.3.2"
| #define PACKAGE_BUGREPORT "Daniel Reed <n@ml.org>"
| #define STDC_HEADERS 1
| #define HAVE_SYS_TYPES_H 1
| #define HAVE_SYS_STAT_H 1
| #define HAVE_STDLIB_H 1
| #define HAVE_STRING_H 1
| #define HAVE_MEMORY_H 1
| #define HAVE_STRINGS_H 1
| #define HAVE_INTTYPES_H 1
| #define HAVE_STDINT_H 1
| #define HAVE_UNISTD_H 1
| #define ENABLE_FT_LILY_CTCPMAGIC 1
| #define HAVE_INTTYPES_H 1
| #define HAVE_STDINT_H 1
| #define HAVE_GETUID 1
| #define HAVE_GETPWUID 1
| #define HAVE_INET_ATON 1
| #define HAVE_DLFCN_H 1
| #define HAVE_DIRENT_H 1
| #define LTDL_SHLIB_EXT ".so"
| #define LTDL_SHLIBPATH_VAR "LD_LIBRARY_PATH"
| #define LTDL_SYSSEARCHPATH "/lib:/usr/lib:/lib/i386-linux-gnu:/usr/lib/i386-linux-gnu:/lib/i586-linux-gnu:/usr/lib/i586-linux-gnu:/usr/local/lib:/usr/lib/vmware-tools/lib32/libvmGuestLib.so:/usr/lib/vmware-tools/lib64/libvmGuestLib.so:/usr/lib/vmware-tools/lib32/libvmGuestLibJava.so:/usr/lib/vmware-tools/lib64/libvmGuestLibJava.so:/usr/lib/vmware-tools/lib32/libDeployPkg.so:/usr/lib/vmware-tools/lib64/libDeployPkg.so:/lib64:/usr/lib64:/libx32:/usr/libx32"
| #define LTDL_OBJDIR ".libs/"
| #define HAVE_PRELOADED_SYMBOLS 1
| #define HAVE_LIBDL 1
| #define HAVE_DLERROR 1
| #define HAVE_ARGZ_H 1
| #define HAVE_ERROR_T 1
| #define HAVE_ARGZ_APPEND 1
| #define HAVE_ARGZ_CREATE_SEP 1
| #define HAVE_ARGZ_INSERT 1
| #define HAVE_ARGZ_NEXT 1
| #define HAVE_ARGZ_STRINGIFY 1
| #define HAVE_ASSERT_H 1
| #define HAVE_CTYPE_H 1
| #define HAVE_ERRNO_H 1
| #define HAVE_MALLOC_H 1
| #define HAVE_MEMORY_H 1
| #define HAVE_STDLIB_H 1
| #define HAVE_STDIO_H 1
| #define HAVE_UNISTD_H 1
| /* end confdefs.h.  */
| #include <sys/dl.h>
configure:22198: result: no
configure:22231: checking for sys/dl.h
configure:22239: result: no
configure:22122: checking dld.h usability
configure:22139: gcc -c -g -O2  conftest.c >&5
conftest.c:81:17: fatal error: dld.h: No such file or directory
 #include <dld.h>
                 ^
compilation terminated.
configure:22145: $? = 1
configure: failed program was:
| /* confdefs.h.  */
| #define PACKAGE_NAME "naim"
| #define PACKAGE_TARNAME "naim"
| #define PACKAGE_VERSION "0.11.8.3.2"
| #define PACKAGE_STRING "naim 0.11.8.3.2"
| #define PACKAGE_BUGREPORT "Daniel Reed <n@ml.org>"
| #define STDC_HEADERS 1
| #define HAVE_SYS_TYPES_H 1
| #define HAVE_SYS_STAT_H 1
| #define HAVE_STDLIB_H 1
| #define HAVE_STRING_H 1
| #define HAVE_MEMORY_H 1
| #define HAVE_STRINGS_H 1
| #define HAVE_INTTYPES_H 1
| #define HAVE_STDINT_H 1
| #define HAVE_UNISTD_H 1
| #define ENABLE_FT_LILY_CTCPMAGIC 1
| #define HAVE_INTTYPES_H 1
| #define HAVE_STDINT_H 1
| #define HAVE_GETUID 1
| #define HAVE_GETPWUID 1
| #define HAVE_INET_ATON 1
| #define HAVE_DLFCN_H 1
| #define HAVE_DIRENT_H 1
| #define LTDL_SHLIB_EXT ".so"
| #define LTDL_SHLIBPATH_VAR "LD_LIBRARY_PATH"
| #define LTDL_SYSSEARCHPATH "/lib:/usr/lib:/lib/i386-linux-gnu:/usr/lib/i386-linux-gnu:/lib/i586-linux-gnu:/usr/lib/i586-linux-gnu:/usr/local/lib:/usr/lib/vmware-tools/lib32/libvmGuestLib.so:/usr/lib/vmware-tools/lib64/libvmGuestLib.so:/usr/lib/vmware-tools/lib32/libvmGuestLibJava.so:/usr/lib/vmware-tools/lib64/libvmGuestLibJava.so:/usr/lib/vmware-tools/lib32/libDeployPkg.so:/usr/lib/vmware-tools/lib64/libDeployPkg.so:/lib64:/usr/lib64:/libx32:/usr/libx32"
| #define LTDL_OBJDIR ".libs/"
| #define HAVE_PRELOADED_SYMBOLS 1
| #define HAVE_LIBDL 1
| #define HAVE_DLERROR 1
| #define HAVE_ARGZ_H 1
| #define HAVE_ERROR_T 1
| #define HAVE_ARGZ_APPEND 1
| #define HAVE_ARGZ_CREATE_SEP 1
| #define HAVE_ARGZ_INSERT 1
| #define HAVE_ARGZ_NEXT 1
| #define HAVE_ARGZ_STRINGIFY 1
| #define HAVE_ASSERT_H 1
| #define HAVE_CTYPE_H 1
| #define HAVE_ERRNO_H 1
| #define HAVE_MALLOC_H 1
| #define HAVE_MEMORY_H 1
| #define HAVE_STDLIB_H 1
| #define HAVE_STDIO_H 1
| #define HAVE_UNISTD_H 1
| /* end confdefs.h.  */
| #include <stdio.h>
| #ifdef HAVE_SYS_TYPES_H
| # include <sys/types.h>
| #endif
| #ifdef HAVE_SYS_STAT_H
| # include <sys/stat.h>
| #endif
| #ifdef STDC_HEADERS
| # include <stdlib.h>
| # include <stddef.h>
| #else
| # ifdef HAVE_STDLIB_H
| #  include <stdlib.h>
| # endif
| #endif
| #ifdef HAVE_STRING_H
| # if !defined STDC_HEADERS && defined HAVE_MEMORY_H
| #  include <memory.h>
| # endif
| # include <string.h>
| #endif
| #ifdef HAVE_STRINGS_H
| # include <strings.h>
| #endif
| #ifdef HAVE_INTTYPES_H
| # include <inttypes.h>
| #endif
| #ifdef HAVE_STDINT_H
| # include <stdint.h>
| #endif
| #ifdef HAVE_UNISTD_H
| # include <unistd.h>
| #endif
| #include <dld.h>
configure:22159: result: no
configure:22163: checking dld.h presence
configure:22178: gcc -E  conftest.c
conftest.c:48:17: fatal error: dld.h: No such file or directory
 #include <dld.h>
                 ^
compilation terminated.
configure:22184: $? = 1
configure: failed program was:
| /* confdefs.h.  */
| #define PACKAGE_NAME "naim"
| #define PACKAGE_TARNAME "naim"
| #define PACKAGE_VERSION "0.11.8.3.2"
| #define PACKAGE_STRING "naim 0.11.8.3.2"
| #define PACKAGE_BUGREPORT "Daniel Reed <n@ml.org>"
| #define STDC_HEADERS 1
| #define HAVE_SYS_TYPES_H 1
| #define HAVE_SYS_STAT_H 1
| #define HAVE_STDLIB_H 1
| #define HAVE_STRING_H 1
| #define HAVE_MEMORY_H 1
| #define HAVE_STRINGS_H 1
| #define HAVE_INTTYPES_H 1
| #define HAVE_STDINT_H 1
| #define HAVE_UNISTD_H 1
| #define ENABLE_FT_LILY_CTCPMAGIC 1
| #define HAVE_INTTYPES_H 1
| #define HAVE_STDINT_H 1
| #define HAVE_GETUID 1
| #define HAVE_GETPWUID 1
| #define HAVE_INET_ATON 1
| #define HAVE_DLFCN_H 1
| #define HAVE_DIRENT_H 1
| #define LTDL_SHLIB_EXT ".so"
| #define LTDL_SHLIBPATH_VAR "LD_LIBRARY_PATH"
| #define LTDL_SYSSEARCHPATH "/lib:/usr/lib:/lib/i386-linux-gnu:/usr/lib/i386-linux-gnu:/lib/i586-linux-gnu:/usr/lib/i586-linux-gnu:/usr/local/lib:/usr/lib/vmware-tools/lib32/libvmGuestLib.so:/usr/lib/vmware-tools/lib64/libvmGuestLib.so:/usr/lib/vmware-tools/lib32/libvmGuestLibJava.so:/usr/lib/vmware-tools/lib64/libvmGuestLibJava.so:/usr/lib/vmware-tools/lib32/libDeployPkg.so:/usr/lib/vmware-tools/lib64/libDeployPkg.so:/lib64:/usr/lib64:/libx32:/usr/libx32"
| #define LTDL_OBJDIR ".libs/"
| #define HAVE_PRELOADED_SYMBOLS 1
| #define HAVE_LIBDL 1
| #define HAVE_DLERROR 1
| #define HAVE_ARGZ_H 1
| #define HAVE_ERROR_T 1
| #define HAVE_ARGZ_APPEND 1
| #define HAVE_ARGZ_CREATE_SEP 1
| #define HAVE_ARGZ_INSERT 1
| #define HAVE_ARGZ_NEXT 1
| #define HAVE_ARGZ_STRINGIFY 1
| #define HAVE_ASSERT_H 1
| #define HAVE_CTYPE_H 1
| #define HAVE_ERRNO_H 1
| #define HAVE_MALLOC_H 1
| #define HAVE_MEMORY_H 1
| #define HAVE_STDLIB_H 1
| #define HAVE_STDIO_H 1
| #define HAVE_UNISTD_H 1
| /* end confdefs.h.  */
| #include <dld.h>
configure:22198: result: no
configure:22231: checking for dld.h
configure:22239: result: no
configure:22122: checking mach-o/dyld.h usability
configure:22139: gcc -c -g -O2  conftest.c >&5
conftest.c:81:25: fatal error: mach-o/dyld.h: No such file or directory
 #include <mach-o/dyld.h>
                         ^
compilation terminated.
configure:22145: $? = 1
configure: failed program was:
| /* confdefs.h.  */
| #define PACKAGE_NAME "naim"
| #define PACKAGE_TARNAME "naim"
| #define PACKAGE_VERSION "0.11.8.3.2"
| #define PACKAGE_STRING "naim 0.11.8.3.2"
| #define PACKAGE_BUGREPORT "Daniel Reed <n@ml.org>"
| #define STDC_HEADERS 1
| #define HAVE_SYS_TYPES_H 1
| #define HAVE_SYS_STAT_H 1
| #define HAVE_STDLIB_H 1
| #define HAVE_STRING_H 1
| #define HAVE_MEMORY_H 1
| #define HAVE_STRINGS_H 1
| #define HAVE_INTTYPES_H 1
| #define HAVE_STDINT_H 1
| #define HAVE_UNISTD_H 1
| #define ENABLE_FT_LILY_CTCPMAGIC 1
| #define HAVE_INTTYPES_H 1
| #define HAVE_STDINT_H 1
| #define HAVE_GETUID 1
| #define HAVE_GETPWUID 1
| #define HAVE_INET_ATON 1
| #define HAVE_DLFCN_H 1
| #define HAVE_DIRENT_H 1
| #define LTDL_SHLIB_EXT ".so"
| #define LTDL_SHLIBPATH_VAR "LD_LIBRARY_PATH"
| #define LTDL_SYSSEARCHPATH "/lib:/usr/lib:/lib/i386-linux-gnu:/usr/lib/i386-linux-gnu:/lib/i586-linux-gnu:/usr/lib/i586-linux-gnu:/usr/local/lib:/usr/lib/vmware-tools/lib32/libvmGuestLib.so:/usr/lib/vmware-tools/lib64/libvmGuestLib.so:/usr/lib/vmware-tools/lib32/libvmGuestLibJava.so:/usr/lib/vmware-tools/lib64/libvmGuestLibJava.so:/usr/lib/vmware-tools/lib32/libDeployPkg.so:/usr/lib/vmware-tools/lib64/libDeployPkg.so:/lib64:/usr/lib64:/libx32:/usr/libx32"
| #define LTDL_OBJDIR ".libs/"
| #define HAVE_PRELOADED_SYMBOLS 1
| #define HAVE_LIBDL 1
| #define HAVE_DLERROR 1
| #define HAVE_ARGZ_H 1
| #define HAVE_ERROR_T 1
| #define HAVE_ARGZ_APPEND 1
| #define HAVE_ARGZ_CREATE_SEP 1
| #define HAVE_ARGZ_INSERT 1
| #define HAVE_ARGZ_NEXT 1
| #define HAVE_ARGZ_STRINGIFY 1
| #define HAVE_ASSERT_H 1
| #define HAVE_CTYPE_H 1
| #define HAVE_ERRNO_H 1
| #define HAVE_MALLOC_H 1
| #define HAVE_MEMORY_H 1
| #define HAVE_STDLIB_H 1
| #define HAVE_STDIO_H 1
| #define HAVE_UNISTD_H 1
| /* end confdefs.h.  */
| #include <stdio.h>
| #ifdef HAVE_SYS_TYPES_H
| # include <sys/types.h>
| #endif
| #ifdef HAVE_SYS_STAT_H
| # include <sys/stat.h>
| #endif
| #ifdef STDC_HEADERS
| # include <stdlib.h>
| # include <stddef.h>
| #else
| # ifdef HAVE_STDLIB_H
| #  include <stdlib.h>
| # endif
| #endif
| #ifdef HAVE_STRING_H
| # if !defined STDC_HEADERS && defined HAVE_MEMORY_H
| #  include <memory.h>
| # endif
| # include <string.h>
| #endif
| #ifdef HAVE_STRINGS_H
| # include <strings.h>
| #endif
| #ifdef HAVE_INTTYPES_H
| # include <inttypes.h>
| #endif
| #ifdef HAVE_STDINT_H
| # include <stdint.h>
| #endif
| #ifdef HAVE_UNISTD_H
| # include <unistd.h>
| #endif
| #include <mach-o/dyld.h>
configure:22159: result: no
configure:22163: checking mach-o/dyld.h presence
configure:22178: gcc -E  conftest.c
conftest.c:48:25: fatal error: mach-o/dyld.h: No such file or directory
 #include <mach-o/dyld.h>
                         ^
compilation terminated.
configure:22184: $? = 1
configure: failed program was:
| /* confdefs.h.  */
| #define PACKAGE_NAME "naim"
| #define PACKAGE_TARNAME "naim"
| #define PACKAGE_VERSION "0.11.8.3.2"
| #define PACKAGE_STRING "naim 0.11.8.3.2"
| #define PACKAGE_BUGREPORT "Daniel Reed <n@ml.org>"
| #define STDC_HEADERS 1
| #define HAVE_SYS_TYPES_H 1
| #define HAVE_SYS_STAT_H 1
| #define HAVE_STDLIB_H 1
| #define HAVE_STRING_H 1
| #define HAVE_MEMORY_H 1
| #define HAVE_STRINGS_H 1
| #define HAVE_INTTYPES_H 1
| #define HAVE_STDINT_H 1
| #define HAVE_UNISTD_H 1
| #define ENABLE_FT_LILY_CTCPMAGIC 1
| #define HAVE_INTTYPES_H 1
| #define HAVE_STDINT_H 1
| #define HAVE_GETUID 1
| #define HAVE_GETPWUID 1
| #define HAVE_INET_ATON 1
| #define HAVE_DLFCN_H 1
| #define HAVE_DIRENT_H 1
| #define LTDL_SHLIB_EXT ".so"
| #define LTDL_SHLIBPATH_VAR "LD_LIBRARY_PATH"
| #define LTDL_SYSSEARCHPATH "/lib:/usr/lib:/lib/i386-linux-gnu:/usr/lib/i386-linux-gnu:/lib/i586-linux-gnu:/usr/lib/i586-linux-gnu:/usr/local/lib:/usr/lib/vmware-tools/lib32/libvmGuestLib.so:/usr/lib/vmware-tools/lib64/libvmGuestLib.so:/usr/lib/vmware-tools/lib32/libvmGuestLibJava.so:/usr/lib/vmware-tools/lib64/libvmGuestLibJava.so:/usr/lib/vmware-tools/lib32/libDeployPkg.so:/usr/lib/vmware-tools/lib64/libDeployPkg.so:/lib64:/usr/lib64:/libx32:/usr/libx32"
| #define LTDL_OBJDIR ".libs/"
| #define HAVE_PRELOADED_SYMBOLS 1
| #define HAVE_LIBDL 1
| #define HAVE_DLERROR 1
| #define HAVE_ARGZ_H 1
| #define HAVE_ERROR_T 1
| #define HAVE_ARGZ_APPEND 1
| #define HAVE_ARGZ_CREATE_SEP 1
| #define HAVE_ARGZ_INSERT 1
| #define HAVE_ARGZ_NEXT 1
| #define HAVE_ARGZ_STRINGIFY 1
| #define HAVE_ASSERT_H 1
| #define HAVE_CTYPE_H 1
| #define HAVE_ERRNO_H 1
| #define HAVE_MALLOC_H 1
| #define HAVE_MEMORY_H 1
| #define HAVE_STDLIB_H 1
| #define HAVE_STDIO_H 1
| #define HAVE_UNISTD_H 1
| /* end confdefs.h.  */
| #include <mach-o/dyld.h>
configure:22198: result: no
configure:22231: checking for mach-o/dyld.h
configure:22239: result: no
configure:22258: checking for string.h
configure:22264: result: yes
configure:22404: checking for strchr
configure:22460: gcc -o conftest -g -O2   conftest.c  >&5
conftest.c:72:6: warning: conflicting types for built-in function 'strchr'
 char strchr ();
      ^
configure:22466: $? = 0
configure:22484: result: yes
configure:22499: checking for strrchr
configure:22555: gcc -o conftest -g -O2   conftest.c  >&5
conftest.c:73:6: warning: conflicting types for built-in function 'strrchr'
 char strrchr ();
      ^
configure:22561: $? = 0
configure:22579: result: yes
configure:22594: checking for memcpy
configure:22650: gcc -o conftest -g -O2   conftest.c  >&5
conftest.c:74:6: warning: conflicting types for built-in function 'memcpy'
 char memcpy ();
      ^
configure:22656: $? = 0
configure:22674: result: yes
configure:22689: checking for memmove
configure:22745: gcc -o conftest -g -O2   conftest.c  >&5
conftest.c:75:6: warning: conflicting types for built-in function 'memmove'
 char memmove ();
      ^
configure:22751: $? = 0
configure:22769: result: yes
configure:22689: checking for strcmp
configure:22745: gcc -o conftest -g -O2   conftest.c  >&5
conftest.c:76:6: warning: conflicting types for built-in function 'strcmp'
 char strcmp ();
      ^
configure:22751: $? = 0
configure:22769: result: yes
configure:22785: checking for closedir
configure:22841: gcc -o conftest -g -O2   conftest.c  >&5
configure:22847: $? = 0
configure:22865: result: yes
configure:22785: checking for opendir
configure:22841: gcc -o conftest -g -O2   conftest.c  >&5
configure:22847: $? = 0
configure:22865: result: yes
configure:22785: checking for readdir
configure:22841: gcc -o conftest -g -O2   conftest.c  >&5
configure:22847: $? = 0
configure:22865: result: yes
configure:22882: checking whether time.h and sys/time.h may both be included
configure:22912: gcc -c -g -O2  conftest.c >&5
configure:22918: $? = 0
configure:22933: result: yes
configure:22943: checking whether struct tm is in sys/time.h or time.h
configure:22973: gcc -c -g -O2  conftest.c >&5
configure:22979: $? = 0
configure:22994: result: time.h
configure:23004: checking for struct tm.tm_zone
configure:23035: gcc -c -g -O2  conftest.c >&5
configure:23041: $? = 0
configure:23101: result: yes
configure:23252: checking for pid_t
configure:23282: gcc -c -g -O2  conftest.c >&5
configure:23288: $? = 0
configure:23303: result: yes
configure:23330: checking vfork.h usability
configure:23347: gcc -c -g -O2  conftest.c >&5
conftest.c:93:19: fatal error: vfork.h: No such file or directory
 #include <vfork.h>
                   ^
compilation terminated.
configure:23353: $? = 1
configure: failed program was:
| /* confdefs.h.  */
| #define PACKAGE_NAME "naim"
| #define PACKAGE_TARNAME "naim"
| #define PACKAGE_VERSION "0.11.8.3.2"
| #define PACKAGE_STRING "naim 0.11.8.3.2"
| #define PACKAGE_BUGREPORT "Daniel Reed <n@ml.org>"
| #define STDC_HEADERS 1
| #define HAVE_SYS_TYPES_H 1
| #define HAVE_SYS_STAT_H 1
| #define HAVE_STDLIB_H 1
| #define HAVE_STRING_H 1
| #define HAVE_MEMORY_H 1
| #define HAVE_STRINGS_H 1
| #define HAVE_INTTYPES_H 1
| #define HAVE_STDINT_H 1
| #define HAVE_UNISTD_H 1
| #define ENABLE_FT_LILY_CTCPMAGIC 1
| #define HAVE_INTTYPES_H 1
| #define HAVE_STDINT_H 1
| #define HAVE_GETUID 1
| #define HAVE_GETPWUID 1
| #define HAVE_INET_ATON 1
| #define HAVE_DLFCN_H 1
| #define HAVE_DIRENT_H 1
| #define LTDL_SHLIB_EXT ".so"
| #define LTDL_SHLIBPATH_VAR "LD_LIBRARY_PATH"
| #define LTDL_SYSSEARCHPATH "/lib:/usr/lib:/lib/i386-linux-gnu:/usr/lib/i386-linux-gnu:/lib/i586-linux-gnu:/usr/lib/i586-linux-gnu:/usr/local/lib:/usr/lib/vmware-tools/lib32/libvmGuestLib.so:/usr/lib/vmware-tools/lib64/libvmGuestLib.so:/usr/lib/vmware-tools/lib32/libvmGuestLibJava.so:/usr/lib/vmware-tools/lib64/libvmGuestLibJava.so:/usr/lib/vmware-tools/lib32/libDeployPkg.so:/usr/lib/vmware-tools/lib64/libDeployPkg.so:/lib64:/usr/lib64:/libx32:/usr/libx32"
| #define LTDL_OBJDIR ".libs/"
| #define HAVE_PRELOADED_SYMBOLS 1
| #define HAVE_LIBDL 1
| #define HAVE_DLERROR 1
| #define HAVE_ARGZ_H 1
| #define HAVE_ERROR_T 1
| #define HAVE_ARGZ_APPEND 1
| #define HAVE_ARGZ_CREATE_SEP 1
| #define HAVE_ARGZ_INSERT 1
| #define HAVE_ARGZ_NEXT 1
| #define HAVE_ARGZ_STRINGIFY 1
| #define HAVE_ASSERT_H 1
| #define HAVE_CTYPE_H 1
| #define HAVE_ERRNO_H 1
| #define HAVE_MALLOC_H 1
| #define HAVE_MEMORY_H 1
| #define HAVE_STDLIB_H 1
| #define HAVE_STDIO_H 1
| #define HAVE_UNISTD_H 1
| #define HAVE_STRING_H 1
| #define HAVE_STRCHR 1
| #define HAVE_STRRCHR 1
| #define HAVE_MEMCPY 1
| #define HAVE_MEMMOVE 1
| #define HAVE_STRCMP 1
| #define HAVE_CLOSEDIR 1
| #define HAVE_OPENDIR 1
| #define HAVE_READDIR 1
| #define TIME_WITH_SYS_TIME 1
| #define HAVE_STRUCT_TM_TM_ZONE 1
| #define HAVE_TM_ZONE 1
| /* end confdefs.h.  */
| #include <stdio.h>
| #ifdef HAVE_SYS_TYPES_H
| # include <sys/types.h>
| #endif
| #ifdef HAVE_SYS_STAT_H
| # include <sys/stat.h>
| #endif
| #ifdef STDC_HEADERS
| # include <stdlib.h>
| # include <stddef.h>
| #else
| # ifdef HAVE_STDLIB_H
| #  include <stdlib.h>
| # endif
| #endif
| #ifdef HAVE_STRING_H
| # if !defined STDC_HEADERS && defined HAVE_MEMORY_H
| #  include <memory.h>
| # endif
| # include <string.h>
| #endif
| #ifdef HAVE_STRINGS_H
| # include <strings.h>
| #endif
| #ifdef HAVE_INTTYPES_H
| # include <inttypes.h>
| #endif
| #ifdef HAVE_STDINT_H
| # include <stdint.h>
| #endif
| #ifdef HAVE_UNISTD_H
| # include <unistd.h>
| #endif
| #include <vfork.h>
configure:23367: result: no
configure:23371: checking vfork.h presence
configure:23386: gcc -E  conftest.c
conftest.c:60:19: fatal error: vfork.h: No such file or directory
 #include <vfork.h>
                   ^
compilation terminated.
configure:23392: $? = 1
configure: failed program was:
| /* confdefs.h.  */
| #define PACKAGE_NAME "naim"
| #define PACKAGE_TARNAME "naim"
| #define PACKAGE_VERSION "0.11.8.3.2"
| #define PACKAGE_STRING "naim 0.11.8.3.2"
| #define PACKAGE_BUGREPORT "Daniel Reed <n@ml.org>"
| #define STDC_HEADERS 1
| #define HAVE_SYS_TYPES_H 1
| #define HAVE_SYS_STAT_H 1
| #define HAVE_STDLIB_H 1
| #define HAVE_STRING_H 1
| #define HAVE_MEMORY_H 1
| #define HAVE_STRINGS_H 1
| #define HAVE_INTTYPES_H 1
| #define HAVE_STDINT_H 1
| #define HAVE_UNISTD_H 1
| #define ENABLE_FT_LILY_CTCPMAGIC 1
| #define HAVE_INTTYPES_H 1
| #define HAVE_STDINT_H 1
| #define HAVE_GETUID 1
| #define HAVE_GETPWUID 1
| #define HAVE_INET_ATON 1
| #define HAVE_DLFCN_H 1
| #define HAVE_DIRENT_H 1
| #define LTDL_SHLIB_EXT ".so"
| #define LTDL_SHLIBPATH_VAR "LD_LIBRARY_PATH"
| #define LTDL_SYSSEARCHPATH "/lib:/usr/lib:/lib/i386-linux-gnu:/usr/lib/i386-linux-gnu:/lib/i586-linux-gnu:/usr/lib/i586-linux-gnu:/usr/local/lib:/usr/lib/vmware-tools/lib32/libvmGuestLib.so:/usr/lib/vmware-tools/lib64/libvmGuestLib.so:/usr/lib/vmware-tools/lib32/libvmGuestLibJava.so:/usr/lib/vmware-tools/lib64/libvmGuestLibJava.so:/usr/lib/vmware-tools/lib32/libDeployPkg.so:/usr/lib/vmware-tools/lib64/libDeployPkg.so:/lib64:/usr/lib64:/libx32:/usr/libx32"
| #define LTDL_OBJDIR ".libs/"
| #define HAVE_PRELOADED_SYMBOLS 1
| #define HAVE_LIBDL 1
| #define HAVE_DLERROR 1
| #define HAVE_ARGZ_H 1
| #define HAVE_ERROR_T 1
| #define HAVE_ARGZ_APPEND 1
| #define HAVE_ARGZ_CREATE_SEP 1
| #define HAVE_ARGZ_INSERT 1
| #define HAVE_ARGZ_NEXT 1
| #define HAVE_ARGZ_STRINGIFY 1
| #define HAVE_ASSERT_H 1
| #define HAVE_CTYPE_H 1
| #define HAVE_ERRNO_H 1
| #define HAVE_MALLOC_H 1
| #define HAVE_MEMORY_H 1
| #define HAVE_STDLIB_H 1
| #define HAVE_STDIO_H 1
| #define HAVE_UNISTD_H 1
| #define HAVE_STRING_H 1
| #define HAVE_STRCHR 1
| #define HAVE_STRRCHR 1
| #define HAVE_MEMCPY 1
| #define HAVE_MEMMOVE 1
| #define HAVE_STRCMP 1
| #define HAVE_CLOSEDIR 1
| #define HAVE_OPENDIR 1
| #define HAVE_READDIR 1
| #define TIME_WITH_SYS_TIME 1
| #define HAVE_STRUCT_TM_TM_ZONE 1
| #define HAVE_TM_ZONE 1
| /* end confdefs.h.  */
| #include <vfork.h>
configure:23406: result: no
configure:23439: checking for vfork.h
configure:23447: result: no
configure:23465: checking for fork
configure:23521: gcc -o conftest -g -O2   conftest.c  >&5
conftest.c:83:6: warning: conflicting types for built-in function 'fork'
 char fork ();
      ^
configure:23527: $? = 0
configure:23545: result: yes
configure:23465: checking for vfork
configure:23521: gcc -o conftest -g -O2   conftest.c  >&5
configure:23527: $? = 0
configure:23545: result: yes
configure:23556: checking for working fork
configure:23588: gcc -o conftest -g -O2   conftest.c  >&5
configure:23591: $? = 0
configure:23597: ./conftest
configure:23600: $? = 0
configure:23616: result: yes
configure:23637: checking for working vfork
configure:23775: result: yes
configure:23873: checking whether to enable /detach
configure:23879: result: yes
configure:23962: checking for Cygwin
configure:23994: result: no
configure:24054: checking for errno.h
configure:24060: result: yes
configure:24064: checking sys/errno.h usability
configure:24081: gcc -c -g -O2  conftest.c >&5
configure:24087: $? = 0
configure:24101: result: yes
configure:24105: checking sys/errno.h presence
configure:24120: gcc -E  conftest.c
configure:24126: $? = 0
configure:24140: result: yes
configure:24173: checking for sys/errno.h
configure:24181: result: yes
configure:24200: checking for inttypes.h
configure:24206: result: yes
configure:24200: checking for stdint.h
configure:24206: result: yes
configure:24345: checking for stdlib.h
configure:24351: result: yes
configure:24490: checking for sys/stat.h
configure:24496: result: yes
configure:24645: checking dirent.h usability
configure:24662: gcc -c -g -O2  conftest.c >&5
configure:24668: $? = 0
configure:24682: result: yes
configure:24686: checking dirent.h presence
configure:24701: gcc -E  conftest.c
configure:24707: $? = 0
configure:24721: result: yes
configure:24754: checking for dirent.h
configure:24762: result: yes
configure:24780: checking for sys/types.h
configure:24786: result: yes
configure:24936: checking time.h usability
configure:24953: gcc -c -g -O2  conftest.c >&5
configure:24959: $? = 0
configure:24973: result: yes
configure:24977: checking time.h presence
configure:24992: gcc -E  conftest.c
configure:24998: $? = 0
configure:25012: result: yes
configure:25045: checking for time.h
configure:25053: result: yes
configure:24936: checking sys/time.h usability
configure:24953: gcc -c -g -O2  conftest.c >&5
configure:24959: $? = 0
configure:24973: result: yes
configure:24977: checking sys/time.h presence
configure:24992: gcc -E  conftest.c
configure:24998: $? = 0
configure:25012: result: yes
configure:25045: checking for sys/time.h
configure:25053: result: yes
configure:25068: checking for struct tm.tm_gmtoff
configure:25101: gcc -c -g -O2  conftest.c >&5
configure:25107: $? = 0
configure:25169: result: yes
configure:25253: checking for inet_ntoa
configure:25309: gcc -o conftest -g -O2   conftest.c  >&5
configure:25315: $? = 0
configure:25333: result: yes
configure:25253: checking for gethostbyname
configure:25309: gcc -o conftest -g -O2   conftest.c  >&5
configure:25315: $? = 0
configure:25333: result: yes
configure:25253: checking for gethostbyaddr
configure:25309: gcc -o conftest -g -O2   conftest.c  >&5
configure:25315: $? = 0
configure:25333: result: yes
configure:25253: checking for socket
configure:25309: gcc -o conftest -g -O2   conftest.c  >&5
configure:25315: $? = 0
configure:25333: result: yes
configure:25253: checking for connect
configure:25309: gcc -o conftest -g -O2   conftest.c  >&5
configure:25315: $? = 0
configure:25333: result: yes
configure:25696: checking for wresize in -lncurses
configure:25731: gcc -o conftest -g -O2   conftest.c -lncurses   >&5
configure:25737: $? = 0
configure:25756: result: yes
configure:25761: checking for use_default_colors in -lncurses
configure:25796: gcc -o conftest -g -O2   conftest.c -lncurses   >&5
configure:25802: $? = 0
configure:25821: result: yes
configure:25846: checking ncurses.h usability
configure:25863: gcc -c -g -O2  conftest.c >&5
configure:25869: $? = 0
configure:25883: result: yes
configure:25887: checking ncurses.h presence
configure:25902: gcc -E  conftest.c
configure:25908: $? = 0
configure:25922: result: yes
configure:25955: checking for ncurses.h
configure:25963: result: yes
configure:26278: checking for backtrace
configure:26334: gcc -o conftest -g -O2   conftest.c  >&5
configure:26340: $? = 0
configure:26357: result: yes
configure:26361: checking for backtrace_symbols_fd
configure:26417: gcc -o conftest -g -O2   conftest.c  >&5
configure:26423: $? = 0
configure:26440: result: yes
configure:26454: checking execinfo.h usability
configure:26471: gcc -c -g -O2  conftest.c >&5
configure:26477: $? = 0
configure:26491: result: yes
configure:26495: checking execinfo.h presence
configure:26510: gcc -E  conftest.c
configure:26516: $? = 0
configure:26530: result: yes
configure:26563: checking for execinfo.h
configure:26570: result: yes
configure:26597: checking for getopt_long
configure:26653: gcc -o conftest -g -O2   conftest.c  >&5
configure:26659: $? = 0
configure:26676: result: yes
configure:26690: checking getopt.h usability
configure:26707: gcc -c -g -O2  conftest.c >&5
configure:26713: $? = 0
configure:26727: result: yes
configure:26731: checking getopt.h presence
configure:26746: gcc -E  conftest.c
configure:26752: $? = 0
configure:26766: result: yes
configure:26799: checking for getopt.h
configure:26806: result: yes
configure:26831: checking for hstrerror
configure:26887: gcc -o conftest -g -O2   conftest.c  >&5
configure:26893: $? = 0
configure:26911: result: yes
configure:26831: checking for strverscmp
configure:26887: gcc -o conftest -g -O2   conftest.c  >&5
configure:26893: $? = 0
configure:26911: result: yes
configure:26831: checking for waitpid
configure:26887: gcc -o conftest -g -O2   conftest.c  >&5
configure:26893: $? = 0
configure:26911: result: yes
configure:27067: creating ./config.status

## ---------------------- ##
## Running config.status. ##
## ---------------------- ##

This file was extended by naim config.status 0.11.8.3.2, which was
generated by GNU Autoconf 2.61.  Invocation command line was

  CONFIG_FILES    = 
  CONFIG_HEADERS  = 
  CONFIG_LINKS    = 
  CONFIG_COMMANDS = 
  $ ./config.status 

on debian

config.status:663: creating Makefile
config.status:663: creating libfiretalk/Makefile
config.status:663: creating libltdl/Makefile
config.status:663: creating secs/Makefile
config.status:663: creating src/Makefile
config.status:663: creating CYGWIN-PATCHES/Makefile
config.status:663: creating src/config.h
config.status:956: src/config.h is unchanged

## ---------------- ##
## Cache variables. ##
## ---------------- ##

ac_cv_build=i686-pc-linux-gnu
ac_cv_c_compiler_gnu=yes
ac_cv_c_const=yes
ac_cv_cxx_compiler_gnu=yes
ac_cv_env_CCC_set=
ac_cv_env_CCC_value=
ac_cv_env_CC_set=
ac_cv_env_CC_value=
ac_cv_env_CFLAGS_set=
ac_cv_env_CFLAGS_value=
ac_cv_env_CPPFLAGS_set=
ac_cv_env_CPPFLAGS_value=
ac_cv_env_CPP_set=
ac_cv_env_CPP_value=
ac_cv_env_CXXCPP_set=
ac_cv_env_CXXCPP_value=
ac_cv_env_CXXFLAGS_set=
ac_cv_env_CXXFLAGS_value=
ac_cv_env_CXX_set=
ac_cv_env_CXX_value=
ac_cv_env_F77_set=
ac_cv_env_F77_value=
ac_cv_env_FFLAGS_set=
ac_cv_env_FFLAGS_value=
ac_cv_env_LDFLAGS_set=
ac_cv_env_LDFLAGS_value=
ac_cv_env_LIBS_set=
ac_cv_env_LIBS_value=
ac_cv_env_build_alias_set=
ac_cv_env_build_alias_value=
ac_cv_env_host_alias_set=
ac_cv_env_host_alias_value=
ac_cv_env_target_alias_set=
ac_cv_env_target_alias_value=
ac_cv_f77_compiler_gnu=no
ac_cv_func_argz_append=yes
ac_cv_func_argz_create_sep=yes
ac_cv_func_argz_insert=yes
ac_cv_func_argz_next=yes
ac_cv_func_argz_stringify=yes
ac_cv_func_backtrace=yes
ac_cv_func_backtrace_symbols_fd=yes
ac_cv_func_closedir=yes
ac_cv_func_connect=yes
ac_cv_func_dlerror=yes
ac_cv_func_dlopen=no
ac_cv_func_fork=yes
ac_cv_func_fork_works=yes
ac_cv_func_gethostbyaddr=yes
ac_cv_func_gethostbyname=yes
ac_cv_func_getopt_long=yes
ac_cv_func_getpwuid=yes
ac_cv_func_getuid=yes
ac_cv_func_hstrerror=yes
ac_cv_func_inet_aton=yes
ac_cv_func_inet_ntoa=yes
ac_cv_func_memcpy=yes
ac_cv_func_memmove=yes
ac_cv_func_opendir=yes
ac_cv_func_readdir=yes
ac_cv_func_shl_load=no
ac_cv_func_socket=yes
ac_cv_func_strchr=yes
ac_cv_func_strcmp=yes
ac_cv_func_strrchr=yes
ac_cv_func_strverscmp=yes
ac_cv_func_vfork=yes
ac_cv_func_vfork_works=yes
ac_cv_func_waitpid=yes
ac_cv_header_argz_h=yes
ac_cv_header_assert_h=yes
ac_cv_header_ctype_h=yes
ac_cv_header_dirent_dirent_h=yes
ac_cv_header_dirent_h=yes
ac_cv_header_dl_h=no
ac_cv_header_dld_h=no
ac_cv_header_dlfcn_h=yes
ac_cv_header_errno_h=yes
ac_cv_header_execinfo_h=yes
ac_cv_header_getopt_h=yes
ac_cv_header_inttypes_h=yes
ac_cv_header_mach_o_dyld_h=no
ac_cv_header_malloc_h=yes
ac_cv_header_memory_h=yes
ac_cv_header_ncurses_h=yes
ac_cv_header_stdc=yes
ac_cv_header_stdint_h=yes
ac_cv_header_stdio_h=yes
ac_cv_header_stdlib_h=yes
ac_cv_header_string_h=yes
ac_cv_header_strings_h=yes
ac_cv_header_sys_dl_h=no
ac_cv_header_sys_errno_h=yes
ac_cv_header_sys_stat_h=yes
ac_cv_header_sys_time_h=yes
ac_cv_header_sys_types_h=yes
ac_cv_header_time=yes
ac_cv_header_time_h=yes
ac_cv_header_unistd_h=yes
ac_cv_header_vfork_h=no
ac_cv_host=i686-pc-linux-gnu
ac_cv_lib_dl_dlopen=yes
ac_cv_lib_dld_shl_load=no
ac_cv_lib_ncurses___use_default_colors=yes
ac_cv_lib_ncurses___wresize=yes
ac_cv_member_struct_tm_tm_gmtoff=yes
ac_cv_member_struct_tm_tm_zone=yes
ac_cv_objext=o
ac_cv_path_EGREP='/bin/grep -E'
ac_cv_path_GREP=/bin/grep
ac_cv_path_install='/usr/bin/install -c'
ac_cv_prog_AWK=mawk
ac_cv_prog_CPP='gcc -E'
ac_cv_prog_CXXCPP='g++ -E'
ac_cv_prog_ac_ct_AR=ar
ac_cv_prog_ac_ct_CC=gcc
ac_cv_prog_ac_ct_CXX=g++
ac_cv_prog_ac_ct_RANLIB=ranlib
ac_cv_prog_ac_ct_STRIP=strip
ac_cv_prog_cc_c89=
ac_cv_prog_cc_g=yes
ac_cv_prog_cc_gcc_c_o=yes
ac_cv_prog_cxx_g=yes
ac_cv_prog_f77_g=no
ac_cv_prog_make_make_set=yes
ac_cv_search_opendir='none required'
ac_cv_struct_tm=time.h
ac_cv_sys_symbol_underscore=no
ac_cv_type_error_t=yes
ac_cv_type_pid_t=yes
ac_cv_type_uint16_t=yes
ac_cv_type_uint32_t=yes
libltdl_cv_lib_dl_dlopen=yes
libltdl_cv_objdir=.libs
libltdl_cv_preloaded_symbols=yes
libltdl_cv_shlibext=.so
libltdl_cv_shlibpath_var=LD_LIBRARY_PATH
libltdl_cv_sys_dlopen_deplibs=yes
libltdl_cv_sys_search_path='/lib /usr/lib /lib/i386-linux-gnu /usr/lib/i386-linux-gnu /lib/i586-linux-gnu /usr/lib/i586-linux-gnu /usr/local/lib /usr/lib/vmware-tools/lib32/libvmGuestLib.so /usr/lib/vmware-tools/lib64/libvmGuestLib.so /usr/lib/vmware-tools/lib32/libvmGuestLibJava.so /usr/lib/vmware-tools/lib64/libvmGuestLibJava.so /usr/lib/vmware-tools/lib32/libDeployPkg.so /usr/lib/vmware-tools/lib64/libDeployPkg.so /lib64 /usr/lib64 /libx32 /usr/libx32 '
lt_cv_deplibs_check_method=pass_all
lt_cv_dlopen=dlopen
lt_cv_dlopen_libs=-ldl
lt_cv_dlopen_self=yes
lt_cv_dlopen_self_static=no
lt_cv_file_magic_cmd='$MAGIC_CMD'
lt_cv_file_magic_test_file=
lt_cv_ld_reload_flag=-r
lt_cv_objdir=.libs
lt_cv_path_LD=/usr/bin/ld
lt_cv_path_LDCXX=/usr/bin/ld
lt_cv_path_NM='/usr/bin/nm -B'
lt_cv_path_SED=/bin/sed
lt_cv_prog_compiler_c_o=yes
lt_cv_prog_compiler_c_o_CXX=yes
lt_cv_prog_compiler_rtti_exceptions=no
lt_cv_prog_gnu_ld=yes
lt_cv_prog_gnu_ldcxx=yes
lt_cv_sys_global_symbol_pipe='sed -n -e '\''s/^.*[ 	]\([ABCDGIRSTW][ABCDGIRSTW]*\)[ 	][ 	]*\([_A-Za-z][_A-Za-z0-9]*\)$/\1 \2 \2/p'\'''
lt_cv_sys_global_symbol_to_c_name_address='sed -n -e '\''s/^: \([^ ]*\) $/  {\"\1\", (lt_ptr) 0},/p'\'' -e '\''s/^[BCDEGRST] \([^ ]*\) \([^ ]*\)$/  {"\2", (lt_ptr) \&\2},/p'\'''
lt_cv_sys_global_symbol_to_cdecl='sed -n -e '\''s/^. .* \(.*\)$/extern int \1;/p'\'''
lt_cv_sys_max_cmd_len=1572864
lt_lt_cv_prog_compiler_c_o='"yes"'
lt_lt_cv_prog_compiler_c_o_CXX='"yes"'
lt_lt_cv_sys_global_symbol_pipe='"sed -n -e '\''s/^.*[ 	]\\([ABCDGIRSTW][ABCDGIRSTW]*\\)[ 	][ 	]*\\([_A-Za-z][_A-Za-z0-9]*\\)\$/\\1 \\2 \\2/p'\''"'
lt_lt_cv_sys_global_symbol_to_c_name_address='"sed -n -e '\''s/^: \\([^ ]*\\) \$/  {\\\"\\1\\\", (lt_ptr) 0},/p'\'' -e '\''s/^[BCDEGRST] \\([^ ]*\\) \\([^ ]*\\)\$/  {\"\\2\", (lt_ptr) \\&\\2},/p'\''"'
lt_lt_cv_sys_global_symbol_to_cdecl='"sed -n -e '\''s/^. .* \\(.*\\)\$/extern int \\1;/p'\''"'

## ----------------- ##
## Output variables. ##
## ----------------- ##

ACLOCAL='${SHELL} /home/retrobsd/strip/litebsd/ports/net/naim/missing --run aclocal-1.9'
AMTAR='${SHELL} /home/retrobsd/strip/litebsd/ports/net/naim/missing --run tar'
AR='ar'
AS='as'
AUTOCONF='${SHELL} /home/retrobsd/strip/litebsd/ports/net/naim/missing --run autoconf'
AUTOHEADER='${SHELL} /home/retrobsd/strip/litebsd/ports/net/naim/missing --run autoheader'
AUTOMAKE='${SHELL} /home/retrobsd/strip/litebsd/ports/net/naim/missing --run automake-1.9'
AWK='mawk'
CC='gcc'
CFLAGS='-g -O2'
CONVENIENCE_LTDL_FALSE='#'
CONVENIENCE_LTDL_TRUE=''
CPP='gcc -E'
CPPFLAGS=''
CURSESLIB='-lncurses'
CXX='g++'
CXXCPP='g++ -E'
CXXFLAGS='-g -O2'
CYGPATH_W='echo'
CYGWIN_FALSE=''
CYGWIN_TRUE='#'
DEFS='-DHAVE_CONFIG_H'
DLLTOOL='dlltool'
ECHO='echo'
ECHO_C=''
ECHO_N='-n'
ECHO_T=''
EGREP='/bin/grep -E'
EXEEXT=''
F77=''
FFLAGS=''
GREP='/bin/grep'
INCLTDL='-I${top_srcdir}/libltdl'
INSTALLCYGWINDOC_FALSE=''
INSTALLCYGWINDOC_TRUE='#'
INSTALL_DATA='${INSTALL} -m 644'
INSTALL_LTDL_FALSE=''
INSTALL_LTDL_TRUE='#'
INSTALL_PROGRAM='${INSTALL}'
INSTALL_SCRIPT='${INSTALL}'
INSTALL_STRIP_PROGRAM='${SHELL} $(install_sh) -c -s'
LDFLAGS=''
LIBADD_DL='-ldl'
LIBLTDL='${top_builddir}/libltdl/libltdlc.la'
LIBOBJS=''
LIBS=''
LIBTOOL='$(SHELL) $(top_builddir)/libtool'
LN_S='ln -s'
LTLIBOBJS=''
MAKEINFO='${SHELL} /home/retrobsd/strip/litebsd/ports/net/naim/missing --run makeinfo'
NETLIB=''
OBJDUMP='objdump'
OBJEXT='o'
PACKAGE='naim'
PACKAGE_BUGREPORT='Daniel Reed <n@ml.org>'
PACKAGE_NAME='naim'
PACKAGE_STRING='naim 0.11.8.3.2'
PACKAGE_TARNAME='naim'
PACKAGE_VERSION='0.11.8.3.2'
PATH_SEPARATOR=':'
RANLIB='ranlib'
SED='/bin/sed'
SET_MAKE=''
SHELL='/bin/bash'
STRIP='strip'
VERSION='0.11.8.3.2'
ac_ct_CC='gcc'
ac_ct_CXX='g++'
ac_ct_F77=''
am__leading_dot='.'
am__tar='${AMTAR} chof - "$$tardir"'
am__untar='${AMTAR} xf -'
bindir='${exec_prefix}/bin'
build='i686-pc-linux-gnu'
build_alias=''
build_cpu='i686'
build_os='linux-gnu'
build_vendor='pc'
cygwindocdir=''
datadir='${datarootdir}'
datarootdir='${prefix}/share'
docdir='${datarootdir}/doc/${PACKAGE_TARNAME}'
dvidir='${docdir}'
exec_prefix='${prefix}'
host='i686-pc-linux-gnu'
host_alias=''
host_cpu='i686'
host_os='linux-gnu'
host_vendor='pc'
htmldir='${docdir}'
includedir='${prefix}/include'
infodir='${datarootdir}/info'
install_sh='/home/retrobsd/strip/litebsd/ports/net/naim/install-sh'
libdir='${exec_prefix}/lib'
libexecdir='${exec_prefix}/libexec'
localedir='${datarootdir}/locale'
localstatedir='${prefix}/var'
mandir='/usr/local/man'
mkdir_p='mkdir -p --'
oldincludedir='/usr/include'
pdfdir='${docdir}'
pkgdocdir='${datadir}/doc/${PACKAGE_TARNAME}'
pkgincludedir='${includedir}/naim'
pkgmoddir='${libdir}/naim'
pkgtarball='${PACKAGE_TARNAME}-${PACKAGE_VERSION}-${host}.tbz2'
prefix='/usr/local'
program_transform_name='s,x,x,'
psdir='${docdir}'
sbindir='${exec_prefix}/sbin'
sharedstatedir='${prefix}/com'
sysconfdir='${prefix}/etc'
target_alias=''

## ----------- ##
## confdefs.h. ##
## ----------- ##

#define PACKAGE_NAME "naim"
#define PACKAGE_TARNAME "naim"
#define PACKAGE_VERSION "0.11.8.3.2"
#define PACKAGE_STRING "naim 0.11.8.3.2"
#define PACKAGE_BUGREPORT "Daniel Reed <n@ml.org>"
#define STDC_HEADERS 1
#define HAVE_SYS_TYPES_H 1
#define HAVE_SYS_STAT_H 1
#define HAVE_STDLIB_H 1
#define HAVE_STRING_H 1
#define HAVE_MEMORY_H 1
#define HAVE_STRINGS_H 1
#define HAVE_INTTYPES_H 1
#define HAVE_STDINT_H 1
#define HAVE_UNISTD_H 1
#define ENABLE_FT_LILY_CTCPMAGIC 1
#define HAVE_INTTYPES_H 1
#define HAVE_STDINT_H 1
#define HAVE_GETUID 1
#define HAVE_GETPWUID 1
#define HAVE_INET_ATON 1
#define HAVE_DLFCN_H 1
#define HAVE_DIRENT_H 1
#define LTDL_SHLIB_EXT ".so"
#define LTDL_SHLIBPATH_VAR "LD_LIBRARY_PATH"
#define LTDL_SYSSEARCHPATH "/lib:/usr/lib:/lib/i386-linux-gnu:/usr/lib/i386-linux-gnu:/lib/i586-linux-gnu:/usr/lib/i586-linux-gnu:/usr/local/lib:/usr/lib/vmware-tools/lib32/libvmGuestLib.so:/usr/lib/vmware-tools/lib64/libvmGuestLib.so:/usr/lib/vmware-tools/lib32/libvmGuestLibJava.so:/usr/lib/vmware-tools/lib64/libvmGuestLibJava.so:/usr/lib/vmware-tools/lib32/libDeployPkg.so:/usr/lib/vmware-tools/lib64/libDeployPkg.so:/lib64:/usr/lib64:/libx32:/usr/libx32"
#define LTDL_OBJDIR ".libs/"
#define HAVE_PRELOADED_SYMBOLS 1
#define HAVE_LIBDL 1
#define HAVE_DLERROR 1
#define HAVE_ARGZ_H 1
#define HAVE_ERROR_T 1
#define HAVE_ARGZ_APPEND 1
#define HAVE_ARGZ_CREATE_SEP 1
#define HAVE_ARGZ_INSERT 1
#define HAVE_ARGZ_NEXT 1
#define HAVE_ARGZ_STRINGIFY 1
#define HAVE_ASSERT_H 1
#define HAVE_CTYPE_H 1
#define HAVE_ERRNO_H 1
#define HAVE_MALLOC_H 1
#define HAVE_MEMORY_H 1
#define HAVE_STDLIB_H 1
#define HAVE_STDIO_H 1
#define HAVE_UNISTD_H 1
#define HAVE_STRING_H 1
#define HAVE_STRCHR 1
#define HAVE_STRRCHR 1
#define HAVE_MEMCPY 1
#define HAVE_MEMMOVE 1
#define HAVE_STRCMP 1
#define HAVE_CLOSEDIR 1
#define HAVE_OPENDIR 1
#define HAVE_READDIR 1
#define TIME_WITH_SYS_TIME 1
#define HAVE_STRUCT_TM_TM_ZONE 1
#define HAVE_TM_ZONE 1
#define HAVE_FORK 1
#define HAVE_VFORK 1
#define HAVE_WORKING_VFORK 1
#define HAVE_WORKING_FORK 1
#define ALLOW_DETACH 1
#define IRC_SUPPORT_CHANNEL "#retrobsd"
#define HAVE_ERRNO_H 1
#define HAVE_SYS_ERRNO_H 1
#define HAVE_INTTYPES_H 1
#define HAVE_STDINT_H 1
#define HAVE_STDLIB_H 1
#define HAVE_SYS_STAT_H 1
#define HAVE_DIRENT_H 1
#define HAVE_SYS_TYPES_H 1
#define HAVE_TIME_H 1
#define HAVE_SYS_TIME_H 1
#define HAVE_STRUCT_TM_TM_GMTOFF 1
#define HAVE_USE_DEFAULT_COLORS 1
#define HAVE_NCURSES_H 1
#define HAVE_BACKTRACE 1
#define HAVE_EXECINFO_H 1
#define HAVE_GETOPT_LONG 1
#define HAVE_HSTRERROR 1
#define HAVE_STRVERSCMP 1
#define HAVE_WAITPID 1

configure: exit 0
