[echo -n] works
Configuring for [markdown]
Looking for cpp
CPP=[/lib/cpp], CPPFLAGS=[]
looking for install
 (/usr/bin/install)
checking out the C compiler
-rwxr-xr-x 1 retrobsd retrobsd 5780 May 15 22:17 ngc31650
-rw-r--r-- 1 retrobsd retrobsd   61 May 15 22:17 ngc31650.c
checking for "volatile" keyword
checking for "const" keyword
Checking for "inline" keyword
defining WORD & DWORD scalar types
looking for header WinDef.h
test failed:  command was cc -Wno-return-type -Wno-implicit-int -c -o ngc31650.o ngc31650.c
output:
ngc31650.c:2:20: fatal error: WinDef.h: No such file or directory
 #include <WinDef.h>
                    ^
compilation terminated.
offending sources:
ngc31650.c:
/* AC_CHECK_HEADERS */
#include <WinDef.h>
int main() { }
ngc31650.c: In function ‘main’:
ngc31650.c:28:2: warning: incompatible implicit declaration of built-in function ‘exit’
  exit(1);
  ^
looking for header libgen.h
looking for header stdlib.h
looking for the alloca function
looking for header pwd.h
looking for the getpwuid function
looking for the srandom function
looking for the bzero function
ngc31650.c: In function ‘main’:
ngc31650.c:4:5: warning: incompatible implicit declaration of built-in function ‘bzero’
     bzero((char*)0,0);
     ^
looking for the random function
looking for the strcasecmp function
ngc31650.c:1:6: warning: conflicting types for built-in function ‘strcasecmp’
 void strcasecmp();
      ^
looking for the strncasecmp function
ngc31650.c:1:6: warning: conflicting types for built-in function ‘strncasecmp’
 void strncasecmp();
      ^
looking for the fchdir function
looking for header malloc.h
find is /usr/bin/find
/bin/ln exists, and ln -s works
sed is /bin/sed
generating Makefile
generating version.c
generating mkdio.h
